2022-02-09 10:25:44.524 INFO  [acme.Launcher@main] Starting Launcher using Java 1.8.0_281 on DESKTOP-FGKBRRL with PID 8008 (C:\Users\miguel\Desktop\DP2\Workspace-22.0\Frameworks\Acme-Framework-22.0\target\classes started by miguel in C:\Users\miguel\Desktop\DP2\Workspace-22.0\Starters\Hello-World-22.0) 
2022-02-09 10:25:44.526 DEBUG [acme.Launcher@main] Running with Spring Boot v2.4.2, Spring v5.3.3 
2022-02-09 10:25:44.527 INFO  [acme.Launcher@main] The following profiles are active: development,default 
2022-02-09 10:25:50.958 DEBUG [org.apache.jasper.servlet.JasperInitializer@main] Initializing Jasper for context [application] 
2022-02-09 10:26:00.517 DEBUG [org.apache.jasper.servlet.JspServlet@main] Scratch dir for the JSP engine is: [C:\Users\miguel\AppData\Local\Temp\tomcat.8080.5903393381915505891\work\Tomcat\localhost\hello-world-22.0] 
2022-02-09 10:26:00.518 DEBUG [org.apache.jasper.servlet.JspServlet@main] IMPORTANT: Do not modify the generated servlets 
2022-02-09 10:26:00.649 INFO  [acme.Launcher@main] Started Launcher in 17.734 seconds (JVM running for 19.97) 
2022-02-09 10:26:00.656 DEBUG [acme.Launcher@main] Found classpath entry '/C:/Users/miguel/Desktop/DP2/Workspace-22.0/Starters/Hello-World-22.0/target/classes/' 
2022-02-09 10:26:00.680 DEBUG [acme.Launcher@main] Found classpath entry '/C:/Users/miguel/Desktop/DP2/Workspace-22.0/Starters/Hello-World-22.0/target/test-classes/' 
2022-02-09 10:26:00.680 DEBUG [acme.Launcher@main] Found classpath entry '/C:/Users/miguel/.m2/repository/org/springframework/boot/spring-boot-starter-tomcat/2.4.2/spring-boot-starter-tomcat-2.4.2.jar' 
2022-02-09 10:26:00.681 DEBUG [acme.Launcher@main] Found classpath entry '/C:/Users/miguel/.m2/repository/jakarta/annotation/jakarta.annotation-api/1.3.5/jakarta.annotation-api-1.3.5.jar' 
2022-02-09 10:26:00.685 DEBUG [acme.Launcher@main] Found classpath entry '/C:/Users/miguel/.m2/repository/org/apache/tomcat/embed/tomcat-embed-core/9.0.41/tomcat-embed-core-9.0.41.jar' 
2022-02-09 10:26:00.685 DEBUG [acme.Launcher@main] Found classpath entry '/C:/Users/miguel/.m2/repository/org/glassfish/jakarta.el/3.0.3/jakarta.el-3.0.3.jar' 
2022-02-09 10:26:00.685 DEBUG [acme.Launcher@main] Found classpath entry '/C:/Users/miguel/.m2/repository/org/apache/tomcat/embed/tomcat-embed-websocket/9.0.41/tomcat-embed-websocket-9.0.41.jar' 
2022-02-09 10:26:00.685 DEBUG [acme.Launcher@main] Found classpath entry '/C:/Users/miguel/.m2/repository/org/apache/tomcat/embed/tomcat-embed-jasper/9.0.41/tomcat-embed-jasper-9.0.41.jar' 
2022-02-09 10:26:00.688 DEBUG [acme.Launcher@main] Found classpath entry '/C:/Users/miguel/.m2/repository/org/apache/tomcat/embed/tomcat-embed-el/9.0.41/tomcat-embed-el-9.0.41.jar' 
2022-02-09 10:26:00.688 DEBUG [acme.Launcher@main] Found classpath entry '/C:/Users/miguel/.m2/repository/org/eclipse/jdt/ecj/3.18.0/ecj-3.18.0.jar' 
2022-02-09 10:26:00.689 DEBUG [acme.Launcher@main] Found classpath entry '/C:/Users/miguel/.m2/repository/javax/servlet/jstl/1.2/jstl-1.2.jar' 
2022-02-09 10:26:00.689 DEBUG [acme.Launcher@main] Found classpath entry '/C:/Users/miguel/.m2/repository/org/springframework/boot/spring-boot-starter-test/2.4.2/spring-boot-starter-test-2.4.2.jar' 
2022-02-09 10:26:00.689 DEBUG [acme.Launcher@main] Found classpath entry '/C:/Users/miguel/.m2/repository/org/springframework/boot/spring-boot-starter/2.4.2/spring-boot-starter-2.4.2.jar' 
2022-02-09 10:26:00.689 DEBUG [acme.Launcher@main] Found classpath entry '/C:/Users/miguel/.m2/repository/org/springframework/boot/spring-boot/2.4.2/spring-boot-2.4.2.jar' 
2022-02-09 10:26:00.689 DEBUG [acme.Launcher@main] Found classpath entry '/C:/Users/miguel/.m2/repository/org/springframework/boot/spring-boot-autoconfigure/2.4.2/spring-boot-autoconfigure-2.4.2.jar' 
2022-02-09 10:26:00.690 DEBUG [acme.Launcher@main] Found classpath entry '/C:/Users/miguel/.m2/repository/org/springframework/boot/spring-boot-starter-logging/2.4.2/spring-boot-starter-logging-2.4.2.jar' 
2022-02-09 10:26:00.690 DEBUG [acme.Launcher@main] Found classpath entry '/C:/Users/miguel/.m2/repository/ch/qos/logback/logback-classic/1.2.3/logback-classic-1.2.3.jar' 
2022-02-09 10:26:00.690 DEBUG [acme.Launcher@main] Found classpath entry '/C:/Users/miguel/.m2/repository/ch/qos/logback/logback-core/1.2.3/logback-core-1.2.3.jar' 
2022-02-09 10:26:00.690 DEBUG [acme.Launcher@main] Found classpath entry '/C:/Users/miguel/.m2/repository/org/apache/logging/log4j/log4j-to-slf4j/2.13.3/log4j-to-slf4j-2.13.3.jar' 
2022-02-09 10:26:00.690 DEBUG [acme.Launcher@main] Found classpath entry '/C:/Users/miguel/.m2/repository/org/apache/logging/log4j/log4j-api/2.13.3/log4j-api-2.13.3.jar' 
2022-02-09 10:26:00.691 DEBUG [acme.Launcher@main] Found classpath entry '/C:/Users/miguel/.m2/repository/org/slf4j/jul-to-slf4j/1.7.30/jul-to-slf4j-1.7.30.jar' 
2022-02-09 10:26:00.691 DEBUG [acme.Launcher@main] Found classpath entry '/C:/Users/miguel/.m2/repository/org/yaml/snakeyaml/1.27/snakeyaml-1.27.jar' 
2022-02-09 10:26:00.691 DEBUG [acme.Launcher@main] Found classpath entry '/C:/Users/miguel/.m2/repository/org/springframework/boot/spring-boot-test/2.4.2/spring-boot-test-2.4.2.jar' 
2022-02-09 10:26:00.691 DEBUG [acme.Launcher@main] Found classpath entry '/C:/Users/miguel/.m2/repository/org/springframework/boot/spring-boot-test-autoconfigure/2.4.2/spring-boot-test-autoconfigure-2.4.2.jar' 
2022-02-09 10:26:00.691 DEBUG [acme.Launcher@main] Found classpath entry '/C:/Users/miguel/.m2/repository/com/jayway/jsonpath/json-path/2.4.0/json-path-2.4.0.jar' 
2022-02-09 10:26:00.691 DEBUG [acme.Launcher@main] Found classpath entry '/C:/Users/miguel/.m2/repository/net/minidev/json-smart/2.3/json-smart-2.3.jar' 
2022-02-09 10:26:00.692 DEBUG [acme.Launcher@main] Found classpath entry '/C:/Users/miguel/.m2/repository/net/minidev/accessors-smart/1.2/accessors-smart-1.2.jar' 
2022-02-09 10:26:00.692 DEBUG [acme.Launcher@main] Found classpath entry '/C:/Users/miguel/.m2/repository/org/ow2/asm/asm/5.0.4/asm-5.0.4.jar' 
2022-02-09 10:26:00.692 DEBUG [acme.Launcher@main] Found classpath entry '/C:/Users/miguel/.m2/repository/jakarta/xml/bind/jakarta.xml.bind-api/2.3.3/jakarta.xml.bind-api-2.3.3.jar' 
2022-02-09 10:26:00.693 DEBUG [acme.Launcher@main] Found classpath entry '/C:/Users/miguel/.m2/repository/jakarta/activation/jakarta.activation-api/1.2.2/jakarta.activation-api-1.2.2.jar' 
2022-02-09 10:26:00.696 DEBUG [acme.Launcher@main] Found classpath entry '/C:/Users/miguel/.m2/repository/org/assertj/assertj-core/3.18.1/assertj-core-3.18.1.jar' 
2022-02-09 10:26:00.696 DEBUG [acme.Launcher@main] Found classpath entry '/C:/Users/miguel/.m2/repository/org/hamcrest/hamcrest/2.2/hamcrest-2.2.jar' 
2022-02-09 10:26:00.696 DEBUG [acme.Launcher@main] Found classpath entry '/C:/Users/miguel/.m2/repository/org/junit/jupiter/junit-jupiter/5.7.0/junit-jupiter-5.7.0.jar' 
2022-02-09 10:26:00.697 DEBUG [acme.Launcher@main] Found classpath entry '/C:/Users/miguel/.m2/repository/org/mockito/mockito-core/3.6.28/mockito-core-3.6.28.jar' 
2022-02-09 10:26:00.697 DEBUG [acme.Launcher@main] Found classpath entry '/C:/Users/miguel/.m2/repository/net/bytebuddy/byte-buddy-agent/1.10.19/byte-buddy-agent-1.10.19.jar' 
2022-02-09 10:26:00.698 DEBUG [acme.Launcher@main] Found classpath entry '/C:/Users/miguel/.m2/repository/org/objenesis/objenesis/3.1/objenesis-3.1.jar' 
2022-02-09 10:26:00.698 DEBUG [acme.Launcher@main] Found classpath entry '/C:/Users/miguel/.m2/repository/org/mockito/mockito-junit-jupiter/3.6.28/mockito-junit-jupiter-3.6.28.jar' 
2022-02-09 10:26:00.720 DEBUG [acme.Launcher@main] Found classpath entry '/C:/Users/miguel/.m2/repository/org/skyscreamer/jsonassert/1.5.0/jsonassert-1.5.0.jar' 
2022-02-09 10:26:00.722 DEBUG [acme.Launcher@main] Found classpath entry '/C:/Users/miguel/.m2/repository/com/vaadin/external/google/android-json/0.0.20131108.vaadin1/android-json-0.0.20131108.vaadin1.jar' 
2022-02-09 10:26:00.723 DEBUG [acme.Launcher@main] Found classpath entry '/C:/Users/miguel/.m2/repository/org/springframework/spring-core/5.3.3/spring-core-5.3.3.jar' 
2022-02-09 10:26:00.723 DEBUG [acme.Launcher@main] Found classpath entry '/C:/Users/miguel/.m2/repository/org/springframework/spring-jcl/5.3.3/spring-jcl-5.3.3.jar' 
2022-02-09 10:26:00.724 DEBUG [acme.Launcher@main] Found classpath entry '/C:/Users/miguel/.m2/repository/org/springframework/spring-test/5.3.3/spring-test-5.3.3.jar' 
2022-02-09 10:26:00.724 DEBUG [acme.Launcher@main] Found classpath entry '/C:/Users/miguel/.m2/repository/org/xmlunit/xmlunit-core/2.7.0/xmlunit-core-2.7.0.jar' 
2022-02-09 10:26:00.725 DEBUG [acme.Launcher@main] Found classpath entry '/C:/Users/miguel/.m2/repository/org/springframework/boot/spring-boot-starter-security/2.4.2/spring-boot-starter-security-2.4.2.jar' 
2022-02-09 10:26:00.725 DEBUG [acme.Launcher@main] Found classpath entry '/C:/Users/miguel/.m2/repository/org/springframework/spring-aop/5.3.3/spring-aop-5.3.3.jar' 
2022-02-09 10:26:00.725 DEBUG [acme.Launcher@main] Found classpath entry '/C:/Users/miguel/.m2/repository/org/springframework/security/spring-security-web/5.4.2/spring-security-web-5.4.2.jar' 
2022-02-09 10:26:00.726 DEBUG [acme.Launcher@main] Found classpath entry '/C:/Users/miguel/.m2/repository/org/springframework/security/spring-security-core/5.4.2/spring-security-core-5.4.2.jar' 
2022-02-09 10:26:00.726 DEBUG [acme.Launcher@main] Found classpath entry '/C:/Users/miguel/.m2/repository/org/springframework/spring-beans/5.3.3/spring-beans-5.3.3.jar' 
2022-02-09 10:26:00.726 DEBUG [acme.Launcher@main] Found classpath entry '/C:/Users/miguel/.m2/repository/org/springframework/spring-context/5.3.3/spring-context-5.3.3.jar' 
2022-02-09 10:26:00.727 DEBUG [acme.Launcher@main] Found classpath entry '/C:/Users/miguel/.m2/repository/org/springframework/spring-expression/5.3.3/spring-expression-5.3.3.jar' 
2022-02-09 10:26:00.727 DEBUG [acme.Launcher@main] Found classpath entry '/C:/Users/miguel/.m2/repository/org/springframework/spring-web/5.3.3/spring-web-5.3.3.jar' 
2022-02-09 10:26:00.727 DEBUG [acme.Launcher@main] Found classpath entry '/C:/Users/miguel/.m2/repository/org/springframework/security/spring-security-config/5.4.2/spring-security-config-5.4.2.jar' 
2022-02-09 10:26:00.728 DEBUG [acme.Launcher@main] Found classpath entry '/C:/Users/miguel/.m2/repository/org/springframework/security/spring-security-taglibs/5.4.2/spring-security-taglibs-5.4.2.jar' 
2022-02-09 10:26:00.728 DEBUG [acme.Launcher@main] Found classpath entry '/C:/Users/miguel/.m2/repository/org/springframework/security/spring-security-acl/5.4.2/spring-security-acl-5.4.2.jar' 
2022-02-09 10:26:00.729 DEBUG [acme.Launcher@main] Found classpath entry '/C:/Users/miguel/.m2/repository/org/springframework/spring-jdbc/5.3.3/spring-jdbc-5.3.3.jar' 
2022-02-09 10:26:00.730 DEBUG [acme.Launcher@main] Found classpath entry '/C:/Users/miguel/.m2/repository/org/springframework/spring-tx/5.3.3/spring-tx-5.3.3.jar' 
2022-02-09 10:26:00.730 DEBUG [acme.Launcher@main] Found classpath entry '/C:/Users/miguel/.m2/repository/org/springframework/boot/spring-boot-starter-web/2.4.2/spring-boot-starter-web-2.4.2.jar' 
2022-02-09 10:26:00.730 DEBUG [acme.Launcher@main] Found classpath entry '/C:/Users/miguel/.m2/repository/org/springframework/boot/spring-boot-starter-json/2.4.2/spring-boot-starter-json-2.4.2.jar' 
2022-02-09 10:26:00.730 DEBUG [acme.Launcher@main] Found classpath entry '/C:/Users/miguel/.m2/repository/com/fasterxml/jackson/core/jackson-databind/2.11.4/jackson-databind-2.11.4.jar' 
2022-02-09 10:26:00.730 DEBUG [acme.Launcher@main] Found classpath entry '/C:/Users/miguel/.m2/repository/com/fasterxml/jackson/core/jackson-annotations/2.11.4/jackson-annotations-2.11.4.jar' 
2022-02-09 10:26:00.730 DEBUG [acme.Launcher@main] Found classpath entry '/C:/Users/miguel/.m2/repository/com/fasterxml/jackson/core/jackson-core/2.11.4/jackson-core-2.11.4.jar' 
2022-02-09 10:26:00.730 DEBUG [acme.Launcher@main] Found classpath entry '/C:/Users/miguel/.m2/repository/com/fasterxml/jackson/datatype/jackson-datatype-jdk8/2.11.4/jackson-datatype-jdk8-2.11.4.jar' 
2022-02-09 10:26:00.730 DEBUG [acme.Launcher@main] Found classpath entry '/C:/Users/miguel/.m2/repository/com/fasterxml/jackson/datatype/jackson-datatype-jsr310/2.11.4/jackson-datatype-jsr310-2.11.4.jar' 
2022-02-09 10:26:00.730 DEBUG [acme.Launcher@main] Found classpath entry '/C:/Users/miguel/.m2/repository/com/fasterxml/jackson/module/jackson-module-parameter-names/2.11.4/jackson-module-parameter-names-2.11.4.jar' 
2022-02-09 10:26:00.737 DEBUG [acme.Launcher@main] Found classpath entry '/C:/Users/miguel/.m2/repository/org/springframework/spring-webmvc/5.3.3/spring-webmvc-5.3.3.jar' 
2022-02-09 10:26:00.737 DEBUG [acme.Launcher@main] Found classpath entry '/C:/Users/miguel/.m2/repository/org/apache/tiles/tiles-jsp/3.0.8/tiles-jsp-3.0.8.jar' 
2022-02-09 10:26:00.737 DEBUG [acme.Launcher@main] Found classpath entry '/C:/Users/miguel/.m2/repository/org/apache/tiles/tiles-servlet/3.0.8/tiles-servlet-3.0.8.jar' 
2022-02-09 10:26:00.737 DEBUG [acme.Launcher@main] Found classpath entry '/C:/Users/miguel/.m2/repository/org/apache/tiles/tiles-core/3.0.8/tiles-core-3.0.8.jar' 
2022-02-09 10:26:00.738 DEBUG [acme.Launcher@main] Found classpath entry '/C:/Users/miguel/.m2/repository/commons-digester/commons-digester/2.0/commons-digester-2.0.jar' 
2022-02-09 10:26:00.738 DEBUG [acme.Launcher@main] Found classpath entry '/C:/Users/miguel/.m2/repository/org/slf4j/jcl-over-slf4j/1.7.30/jcl-over-slf4j-1.7.30.jar' 
2022-02-09 10:26:00.738 DEBUG [acme.Launcher@main] Found classpath entry '/C:/Users/miguel/.m2/repository/org/apache/tiles/tiles-request-servlet/1.0.7/tiles-request-servlet-1.0.7.jar' 
2022-02-09 10:26:00.738 DEBUG [acme.Launcher@main] Found classpath entry '/C:/Users/miguel/.m2/repository/org/apache/tiles/tiles-template/3.0.8/tiles-template-3.0.8.jar' 
2022-02-09 10:26:00.739 DEBUG [acme.Launcher@main] Found classpath entry '/C:/Users/miguel/.m2/repository/org/apache/tiles/tiles-api/3.0.8/tiles-api-3.0.8.jar' 
2022-02-09 10:26:00.739 DEBUG [acme.Launcher@main] Found classpath entry '/C:/Users/miguel/.m2/repository/org/apache/tiles/tiles-autotag-core-runtime/1.2/tiles-autotag-core-runtime-1.2.jar' 
2022-02-09 10:26:00.739 DEBUG [acme.Launcher@main] Found classpath entry '/C:/Users/miguel/.m2/repository/org/slf4j/slf4j-api/1.7.30/slf4j-api-1.7.30.jar' 
2022-02-09 10:26:00.739 DEBUG [acme.Launcher@main] Found classpath entry '/C:/Users/miguel/.m2/repository/org/apache/tiles/tiles-request-jsp/1.0.7/tiles-request-jsp-1.0.7.jar' 
2022-02-09 10:26:00.739 DEBUG [acme.Launcher@main] Found classpath entry '/C:/Users/miguel/.m2/repository/org/apache/tiles/tiles-request-api/1.0.7/tiles-request-api-1.0.7.jar' 
2022-02-09 10:26:00.740 DEBUG [acme.Launcher@main] Found classpath entry '/C:/Users/miguel/.m2/repository/org/springframework/boot/spring-boot-starter-data-jpa/2.4.2/spring-boot-starter-data-jpa-2.4.2.jar' 
2022-02-09 10:26:00.740 DEBUG [acme.Launcher@main] Found classpath entry '/C:/Users/miguel/.m2/repository/org/springframework/boot/spring-boot-starter-aop/2.4.2/spring-boot-starter-aop-2.4.2.jar' 
2022-02-09 10:26:00.741 DEBUG [acme.Launcher@main] Found classpath entry '/C:/Users/miguel/.m2/repository/org/aspectj/aspectjweaver/1.9.6/aspectjweaver-1.9.6.jar' 
2022-02-09 10:26:00.742 DEBUG [acme.Launcher@main] Found classpath entry '/C:/Users/miguel/.m2/repository/org/springframework/boot/spring-boot-starter-jdbc/2.4.2/spring-boot-starter-jdbc-2.4.2.jar' 
2022-02-09 10:26:00.742 DEBUG [acme.Launcher@main] Found classpath entry '/C:/Users/miguel/.m2/repository/jakarta/transaction/jakarta.transaction-api/1.3.3/jakarta.transaction-api-1.3.3.jar' 
2022-02-09 10:26:00.742 DEBUG [acme.Launcher@main] Found classpath entry '/C:/Users/miguel/.m2/repository/jakarta/persistence/jakarta.persistence-api/2.2.3/jakarta.persistence-api-2.2.3.jar' 
2022-02-09 10:26:00.742 DEBUG [acme.Launcher@main] Found classpath entry '/C:/Users/miguel/.m2/repository/org/hibernate/hibernate-core/5.4.27.Final/hibernate-core-5.4.27.Final.jar' 
2022-02-09 10:26:00.742 DEBUG [acme.Launcher@main] Found classpath entry '/C:/Users/miguel/.m2/repository/org/jboss/logging/jboss-logging/3.4.1.Final/jboss-logging-3.4.1.Final.jar' 
2022-02-09 10:26:00.743 DEBUG [acme.Launcher@main] Found classpath entry '/C:/Users/miguel/.m2/repository/org/javassist/javassist/3.27.0-GA/javassist-3.27.0-GA.jar' 
2022-02-09 10:26:00.743 DEBUG [acme.Launcher@main] Found classpath entry '/C:/Users/miguel/.m2/repository/antlr/antlr/2.7.7/antlr-2.7.7.jar' 
2022-02-09 10:26:00.743 DEBUG [acme.Launcher@main] Found classpath entry '/C:/Users/miguel/.m2/repository/org/jboss/jandex/2.1.3.Final/jandex-2.1.3.Final.jar' 
2022-02-09 10:26:00.743 DEBUG [acme.Launcher@main] Found classpath entry '/C:/Users/miguel/.m2/repository/com/fasterxml/classmate/1.5.1/classmate-1.5.1.jar' 
2022-02-09 10:26:00.743 DEBUG [acme.Launcher@main] Found classpath entry '/C:/Users/miguel/.m2/repository/org/dom4j/dom4j/2.1.3/dom4j-2.1.3.jar' 
2022-02-09 10:26:00.743 DEBUG [acme.Launcher@main] Found classpath entry '/C:/Users/miguel/.m2/repository/org/hibernate/common/hibernate-commons-annotations/5.1.2.Final/hibernate-commons-annotations-5.1.2.Final.jar' 
2022-02-09 10:26:00.743 DEBUG [acme.Launcher@main] Found classpath entry '/C:/Users/miguel/.m2/repository/org/glassfish/jaxb/jaxb-runtime/2.3.3/jaxb-runtime-2.3.3.jar' 
2022-02-09 10:26:00.743 DEBUG [acme.Launcher@main] Found classpath entry '/C:/Users/miguel/.m2/repository/org/glassfish/jaxb/txw2/2.3.3/txw2-2.3.3.jar' 
2022-02-09 10:26:00.743 DEBUG [acme.Launcher@main] Found classpath entry '/C:/Users/miguel/.m2/repository/com/sun/istack/istack-commons-runtime/3.0.11/istack-commons-runtime-3.0.11.jar' 
2022-02-09 10:26:00.744 DEBUG [acme.Launcher@main] Found classpath entry '/C:/Users/miguel/.m2/repository/com/sun/activation/jakarta.activation/1.2.2/jakarta.activation-1.2.2.jar' 
2022-02-09 10:26:00.744 DEBUG [acme.Launcher@main] Found classpath entry '/C:/Users/miguel/.m2/repository/org/springframework/data/spring-data-jpa/2.4.3/spring-data-jpa-2.4.3.jar' 
2022-02-09 10:26:00.744 DEBUG [acme.Launcher@main] Found classpath entry '/C:/Users/miguel/.m2/repository/org/springframework/data/spring-data-commons/2.4.3/spring-data-commons-2.4.3.jar' 
2022-02-09 10:26:00.744 DEBUG [acme.Launcher@main] Found classpath entry '/C:/Users/miguel/.m2/repository/org/springframework/spring-orm/5.3.3/spring-orm-5.3.3.jar' 
2022-02-09 10:26:00.754 DEBUG [acme.Launcher@main] Found classpath entry '/C:/Users/miguel/.m2/repository/org/springframework/spring-aspects/5.3.3/spring-aspects-5.3.3.jar' 
2022-02-09 10:26:00.754 DEBUG [acme.Launcher@main] Found classpath entry '/C:/Users/miguel/.m2/repository/org/springframework/boot/spring-boot-starter-validation/2.4.2/spring-boot-starter-validation-2.4.2.jar' 
2022-02-09 10:26:00.754 DEBUG [acme.Launcher@main] Found classpath entry '/C:/Users/miguel/.m2/repository/org/hibernate/validator/hibernate-validator/6.1.7.Final/hibernate-validator-6.1.7.Final.jar' 
2022-02-09 10:26:00.754 DEBUG [acme.Launcher@main] Found classpath entry '/C:/Users/miguel/.m2/repository/jakarta/validation/jakarta.validation-api/2.0.2/jakarta.validation-api-2.0.2.jar' 
2022-02-09 10:26:00.754 DEBUG [acme.Launcher@main] Found classpath entry '/C:/Users/miguel/.m2/repository/mysql/mysql-connector-java/8.0.22/mysql-connector-java-8.0.22.jar' 
2022-02-09 10:26:00.755 DEBUG [acme.Launcher@main] Found classpath entry '/C:/Users/miguel/.m2/repository/com/zaxxer/HikariCP/3.4.5/HikariCP-3.4.5.jar' 
2022-02-09 10:26:00.755 DEBUG [acme.Launcher@main] Found classpath entry '/C:/Users/miguel/.m2/repository/org/junit/jupiter/junit-jupiter-engine/5.7.0/junit-jupiter-engine-5.7.0.jar' 
2022-02-09 10:26:00.755 DEBUG [acme.Launcher@main] Found classpath entry '/C:/Users/miguel/.m2/repository/org/apiguardian/apiguardian-api/1.1.0/apiguardian-api-1.1.0.jar' 
2022-02-09 10:26:00.755 DEBUG [acme.Launcher@main] Found classpath entry '/C:/Users/miguel/.m2/repository/org/junit/platform/junit-platform-engine/1.7.0/junit-platform-engine-1.7.0.jar' 
2022-02-09 10:26:00.755 DEBUG [acme.Launcher@main] Found classpath entry '/C:/Users/miguel/.m2/repository/org/junit/jupiter/junit-jupiter-api/5.7.0/junit-jupiter-api-5.7.0.jar' 
2022-02-09 10:26:00.755 DEBUG [acme.Launcher@main] Found classpath entry '/C:/Users/miguel/.m2/repository/org/opentest4j/opentest4j/1.2.0/opentest4j-1.2.0.jar' 
2022-02-09 10:26:00.755 DEBUG [acme.Launcher@main] Found classpath entry '/C:/Users/miguel/.m2/repository/org/junit/platform/junit-platform-commons/1.7.0/junit-platform-commons-1.7.0.jar' 
2022-02-09 10:26:00.756 DEBUG [acme.Launcher@main] Found classpath entry '/C:/Users/miguel/.m2/repository/org/junit/jupiter/junit-jupiter-params/5.7.0/junit-jupiter-params-5.7.0.jar' 
2022-02-09 10:26:00.756 DEBUG [acme.Launcher@main] Found classpath entry '/C:/Users/miguel/.m2/repository/org/junit/platform/junit-platform-launcher/1.7.0/junit-platform-launcher-1.7.0.jar' 
2022-02-09 10:26:00.756 DEBUG [acme.Launcher@main] Found classpath entry '/C:/Users/miguel/.m2/repository/org/seleniumhq/selenium/selenium-java/3.141.59/selenium-java-3.141.59.jar' 
2022-02-09 10:26:00.756 DEBUG [acme.Launcher@main] Found classpath entry '/C:/Users/miguel/.m2/repository/org/seleniumhq/selenium/selenium-api/3.141.59/selenium-api-3.141.59.jar' 
2022-02-09 10:26:00.756 DEBUG [acme.Launcher@main] Found classpath entry '/C:/Users/miguel/.m2/repository/org/seleniumhq/selenium/selenium-chrome-driver/3.141.59/selenium-chrome-driver-3.141.59.jar' 
2022-02-09 10:26:00.757 DEBUG [acme.Launcher@main] Found classpath entry '/C:/Users/miguel/.m2/repository/org/seleniumhq/selenium/selenium-edge-driver/3.141.59/selenium-edge-driver-3.141.59.jar' 
2022-02-09 10:26:00.757 DEBUG [acme.Launcher@main] Found classpath entry '/C:/Users/miguel/.m2/repository/org/seleniumhq/selenium/selenium-firefox-driver/3.141.59/selenium-firefox-driver-3.141.59.jar' 
2022-02-09 10:26:00.758 DEBUG [acme.Launcher@main] Found classpath entry '/C:/Users/miguel/.m2/repository/org/seleniumhq/selenium/selenium-ie-driver/3.141.59/selenium-ie-driver-3.141.59.jar' 
2022-02-09 10:26:00.761 DEBUG [acme.Launcher@main] Found classpath entry '/C:/Users/miguel/.m2/repository/org/seleniumhq/selenium/selenium-opera-driver/3.141.59/selenium-opera-driver-3.141.59.jar' 
2022-02-09 10:26:00.761 DEBUG [acme.Launcher@main] Found classpath entry '/C:/Users/miguel/.m2/repository/org/seleniumhq/selenium/selenium-remote-driver/3.141.59/selenium-remote-driver-3.141.59.jar' 
2022-02-09 10:26:00.763 DEBUG [acme.Launcher@main] Found classpath entry '/C:/Users/miguel/.m2/repository/org/seleniumhq/selenium/selenium-safari-driver/3.141.59/selenium-safari-driver-3.141.59.jar' 
2022-02-09 10:26:00.763 DEBUG [acme.Launcher@main] Found classpath entry '/C:/Users/miguel/.m2/repository/org/seleniumhq/selenium/selenium-support/3.141.59/selenium-support-3.141.59.jar' 
2022-02-09 10:26:00.763 DEBUG [acme.Launcher@main] Found classpath entry '/C:/Users/miguel/.m2/repository/net/bytebuddy/byte-buddy/1.10.19/byte-buddy-1.10.19.jar' 
2022-02-09 10:26:00.763 DEBUG [acme.Launcher@main] Found classpath entry '/C:/Users/miguel/.m2/repository/org/apache/commons/commons-exec/1.3/commons-exec-1.3.jar' 
2022-02-09 10:26:00.764 DEBUG [acme.Launcher@main] Found classpath entry '/C:/Users/miguel/.m2/repository/com/google/guava/guava/25.0-jre/guava-25.0-jre.jar' 
2022-02-09 10:26:00.764 DEBUG [acme.Launcher@main] Found classpath entry '/C:/Users/miguel/.m2/repository/com/google/code/findbugs/jsr305/1.3.9/jsr305-1.3.9.jar' 
2022-02-09 10:26:00.764 DEBUG [acme.Launcher@main] Found classpath entry '/C:/Users/miguel/.m2/repository/org/checkerframework/checker-compat-qual/2.0.0/checker-compat-qual-2.0.0.jar' 
2022-02-09 10:26:00.764 DEBUG [acme.Launcher@main] Found classpath entry '/C:/Users/miguel/.m2/repository/com/google/errorprone/error_prone_annotations/2.1.3/error_prone_annotations-2.1.3.jar' 
2022-02-09 10:26:00.764 DEBUG [acme.Launcher@main] Found classpath entry '/C:/Users/miguel/.m2/repository/com/google/j2objc/j2objc-annotations/1.1/j2objc-annotations-1.1.jar' 
2022-02-09 10:26:00.764 DEBUG [acme.Launcher@main] Found classpath entry '/C:/Users/miguel/.m2/repository/org/codehaus/mojo/animal-sniffer-annotations/1.14/animal-sniffer-annotations-1.14.jar' 
2022-02-09 10:26:00.764 DEBUG [acme.Launcher@main] Found classpath entry '/C:/Users/miguel/.m2/repository/com/squareup/okhttp3/okhttp/3.14.9/okhttp-3.14.9.jar' 
2022-02-09 10:26:00.764 DEBUG [acme.Launcher@main] Found classpath entry '/C:/Users/miguel/.m2/repository/com/squareup/okio/okio/1.14.0/okio-1.14.0.jar' 
2022-02-09 10:26:00.764 DEBUG [acme.Launcher@main] Found classpath entry '/C:/Users/miguel/.m2/repository/org/apache/commons/commons-lang3/3.11/commons-lang3-3.11.jar' 
2022-02-09 10:26:00.764 DEBUG [acme.Launcher@main] Found classpath entry '/C:/Users/miguel/.m2/repository/org/apache/commons/commons-text/1.8/commons-text-1.8.jar' 
2022-02-09 10:26:00.764 DEBUG [acme.Launcher@main] Found classpath entry '/C:/Users/miguel/.m2/repository/commons-io/commons-io/2.6/commons-io-2.6.jar' 
2022-02-09 10:26:00.765 DEBUG [acme.Launcher@main] Found classpath entry '/C:/Users/miguel/.m2/repository/commons-cli/commons-cli/1.4/commons-cli-1.4.jar' 
2022-02-09 10:26:00.765 DEBUG [acme.Launcher@main] Found classpath entry '/C:/Users/miguel/.m2/repository/org/projectlombok/lombok/1.18.16/lombok-1.18.16.jar' 
2022-02-09 10:26:00.765 DEBUG [acme.Launcher@main] Found classpath entry '/C:/Users/miguel/.m2/repository/com/opencsv/opencsv/5.4/opencsv-5.4.jar' 
2022-02-09 10:26:00.765 DEBUG [acme.Launcher@main] Found classpath entry '/C:/Users/miguel/.m2/repository/commons-beanutils/commons-beanutils/1.9.4/commons-beanutils-1.9.4.jar' 
2022-02-09 10:26:00.765 DEBUG [acme.Launcher@main] Found classpath entry '/C:/Users/miguel/.m2/repository/commons-logging/commons-logging/1.2/commons-logging-1.2.jar' 
2022-02-09 10:26:00.765 DEBUG [acme.Launcher@main] Found classpath entry '/C:/Users/miguel/.m2/repository/commons-collections/commons-collections/3.2.2/commons-collections-3.2.2.jar' 
2022-02-09 10:26:00.765 DEBUG [acme.Launcher@main] Found classpath entry '/C:/Users/miguel/.m2/repository/org/apache/commons/commons-collections4/4.4/commons-collections4-4.4.jar' 
2022-02-09 10:26:00.765 DEBUG [acme.Launcher@main] Found classpath entry '/C:/Users/miguel/Desktop/DP2/Workspace-22.0/Frameworks/Acme-Framework-22.0/target/classes/' 
2022-02-09 10:26:00.765 DEBUG [acme.Launcher@main] Found classpath entry '/C:/Users/miguel/Desktop/DP2/Workspace-22.0/Frameworks/Acme-Framework-22.0/target/test-classes/' 
2022-02-09 10:26:00.765 DEBUG [acme.Launcher@main] Found classpath entry '/C:/Users/miguel/Desktop/DP2/Workspace-22.0/Tools/IDEs/eclipse-jee-2021-12-R/configuration/org.eclipse.osgi/418/0/.cp/lib/javaagent-shaded.jar' 
2022-02-09 10:26:00.979 DEBUG [acme.Launcher@main] Found entity class 'acme.roles.Consumer 
2022-02-09 10:26:00.979 DEBUG [acme.Launcher@main] Found entity class 'acme.roles.Provider 
2022-02-09 10:26:00.979 DEBUG [acme.Launcher@main] Found entity class 'acme.framework.entities.UserAccount 
2022-02-09 10:26:00.979 DEBUG [acme.Launcher@main] Found entity class 'acme.framework.roles.Administrator 
2022-02-09 10:26:00.979 DEBUG [acme.Launcher@main] Found entity class 'acme.framework.roles.Anonymous 
2022-02-09 10:26:00.979 DEBUG [acme.Launcher@main] Found entity class 'acme.framework.roles.Authenticated 
2022-02-09 10:26:00.985 INFO  [acme.Launcher@main] Running application (Standalone) 
2022-02-09 10:26:35.714 DEBUG [acme.framework.components.tiles.DynamicTilesView@http-nio-8080-exec-2] View name 'fragments/welcome', model {} 
2022-02-09 10:26:35.789 DEBUG [org.apache.tiles.definition.dao.BaseLocaleUrlDefinitionDAO@http-nio-8080-exec-2] File Resource file:/C:/Users/miguel/Desktop/DP2/Workspace-22.0/Starters/Hello-World-22.0/target/classes/WEB-INF/views/master/tiles_en.xml at file:/C:/Users/miguel/Desktop/DP2/Workspace-22.0/Starters/Hello-World-22.0/target/classes/WEB-INF/views/master/tiles_en.xml not found, continue 
2022-02-09 10:26:35.805 DEBUG [org.apache.jasper.servlet.JspServlet@http-nio-8080-exec-2] JspEngine --> /WEB-INF/views/master/page.jsp 
2022-02-09 10:26:35.806 DEBUG [org.apache.jasper.servlet.JspServlet@http-nio-8080-exec-2] ServletPath: /WEB-INF/views/master/page.jsp 
2022-02-09 10:26:35.806 DEBUG [org.apache.jasper.servlet.JspServlet@http-nio-8080-exec-2] PathInfo: null 
2022-02-09 10:26:35.821 DEBUG [org.apache.jasper.servlet.JspServlet@http-nio-8080-exec-2] RealPath: C:\Users\miguel\Desktop\DP2\Workspace-22.0\Starters\Hello-World-22.0\target\classes\WEB-INF\views\master\page.jsp 
2022-02-09 10:26:35.822 DEBUG [org.apache.jasper.servlet.JspServlet@http-nio-8080-exec-2] RequestURI: /hello-world-22.0/WEB-INF/views/master/page.jsp 
2022-02-09 10:26:35.822 DEBUG [org.apache.jasper.servlet.JspServlet@http-nio-8080-exec-2] QueryString: null 
2022-02-09 10:26:46.410 DEBUG [acme.framework.configuration.ExtendedMessageSource@http-nio-8080-exec-2] Loading properties [messsages-en.i18n] with encoding 'utf-8' 
2022-02-09 10:26:46.414 DEBUG [acme.framework.configuration.ExtendedMessageSource@http-nio-8080-exec-2] Loading properties [messsages-en.i18n] with encoding 'utf-8' 
2022-02-09 10:26:46.417 DEBUG [acme.framework.configuration.ExtendedMessageSource@http-nio-8080-exec-2] Loading properties [messsages-en.i18n] with encoding 'utf-8' 
2022-02-09 10:26:46.421 DEBUG [acme.framework.configuration.ExtendedMessageSource@http-nio-8080-exec-2] Loading properties [messsages-en.i18n] with encoding 'utf-8' 
2022-02-09 10:26:46.422 DEBUG [acme.framework.configuration.ExtendedMessageSource@http-nio-8080-exec-2] Loading properties [messsages-en.i18n] with encoding 'utf-8' 
2022-02-09 10:26:46.424 DEBUG [acme.framework.configuration.ExtendedMessageSource@http-nio-8080-exec-2] Loading properties [banner-en.i18n] with encoding 'utf-8' 
2022-02-09 10:26:46.426 DEBUG [acme.framework.configuration.ExtendedMessageSource@http-nio-8080-exec-2] Loading properties [company-en.i18n] with encoding 'utf-8' 
2022-02-09 10:26:46.428 DEBUG [acme.framework.configuration.ExtendedMessageSource@http-nio-8080-exec-2] Loading properties [footer-en.i18n] with encoding 'utf-8' 
2022-02-09 10:26:46.429 DEBUG [acme.framework.configuration.ExtendedMessageSource@http-nio-8080-exec-2] Loading properties [license-en.i18n] with encoding 'utf-8' 
2022-02-09 10:26:46.430 DEBUG [acme.framework.configuration.ExtendedMessageSource@http-nio-8080-exec-2] Loading properties [menu-en.i18n] with encoding 'utf-8' 
2022-02-09 10:26:46.432 DEBUG [acme.framework.configuration.ExtendedMessageSource@http-nio-8080-exec-2] Loading properties [messsages-en.i18n] with encoding 'utf-8' 
2022-02-09 10:26:46.434 DEBUG [acme.framework.configuration.ExtendedMessageSource@http-nio-8080-exec-2] Loading properties [title-en.i18n] with encoding 'utf-8' 
2022-02-09 10:26:46.434 DEBUG [acme.framework.configuration.ExtendedMessageSource@http-nio-8080-exec-2] Loading properties [welcome-en.i18n] with encoding 'utf-8' 
2022-02-09 10:26:46.437 DEBUG [acme.framework.configuration.ExtendedMessageSource@http-nio-8080-exec-2] Loading properties [defaults-en.i18n] with encoding 'utf-8' 
2022-02-09 10:26:46.440 DEBUG [acme.framework.configuration.ExtendedMessageSource@http-nio-8080-exec-2] Loading properties [master-en.i18n] with encoding 'utf-8' 
2022-02-09 10:26:46.442 DEBUG [acme.framework.configuration.ExtendedMessageSource@http-nio-8080-exec-2] Loading properties [throwables-en.i18n] with encoding 'utf-8' 
2022-02-09 10:26:46.443 DEBUG [acme.framework.configuration.ExtendedMessageSource@http-nio-8080-exec-2] Loading properties [validation-en.i18n] with encoding 'utf-8' 
2022-02-09 10:26:46.645 DEBUG [org.apache.jasper.servlet.JspServlet@http-nio-8080-exec-2] JspEngine --> /WEB-INF/views/fragments/welcome.jsp 
2022-02-09 10:26:46.647 DEBUG [org.apache.jasper.servlet.JspServlet@http-nio-8080-exec-2] ServletPath: /WEB-INF/views/master/page.jsp 
2022-02-09 10:26:46.648 DEBUG [org.apache.jasper.servlet.JspServlet@http-nio-8080-exec-2] PathInfo: null 
2022-02-09 10:26:46.650 DEBUG [org.apache.jasper.servlet.JspServlet@http-nio-8080-exec-2] RealPath: C:\Users\miguel\Desktop\DP2\Workspace-22.0\Starters\Hello-World-22.0\target\classes\WEB-INF\views\fragments\welcome.jsp 
2022-02-09 10:26:46.652 DEBUG [org.apache.jasper.servlet.JspServlet@http-nio-8080-exec-2] RequestURI: /hello-world-22.0/WEB-INF/views/master/page.jsp 
2022-02-09 10:26:46.654 DEBUG [org.apache.jasper.servlet.JspServlet@http-nio-8080-exec-2] QueryString: null 
2022-02-09 10:26:47.238 DEBUG [org.hibernate.SQL@http-nio-8080-exec-2] select useraccoun0_.id as id1_0_, useraccoun0_.version as version2_0_, useraccoun0_.enabled as enabled1_6_, useraccoun0_.identity_email as identity2_6_, useraccoun0_.identity_name as identity3_6_, useraccoun0_.identity_surname as identity4_6_, useraccoun0_.password as password5_6_, useraccoun0_.username as username6_6_ from user_account useraccoun0_ where useraccoun0_.username=? 
2022-02-09 10:26:47.342 TRACE [org.hibernate.type.descriptor.sql.BasicBinder@http-nio-8080-exec-2] binding parameter [1] as [VARCHAR] - [anonymous] 
2022-02-09 10:26:47.565 DEBUG [org.hibernate.SQL@http-nio-8080-exec-2] select roles0_.user_account_id as user_acc1_7_0_, roles0_.id as id1_7_0_, roles0_.id as id1_0_1_, roles0_.version as version2_0_1_, roles0_.user_account_id as user_acc1_7_1_, roles0_.company as company1_4_1_, roles0_.sector as sector2_4_1_, roles0_.company as company1_5_1_, roles0_.sector as sector2_5_1_, roles0_.clazz_ as clazz_1_ from ( select id, version, user_account_id, company, sector, 2 as clazz_ from consumer union all select id, version, user_account_id, company, sector, 3 as clazz_ from provider union all select id, version, user_account_id, null as company, null as sector, 5 as clazz_ from administrator union all select id, version, user_account_id, null as company, null as sector, 6 as clazz_ from anonymous union all select id, version, user_account_id, null as company, null as sector, 7 as clazz_ from authenticated ) roles0_ where roles0_.user_account_id=? 
2022-02-09 10:26:47.567 TRACE [org.hibernate.type.descriptor.sql.BasicBinder@http-nio-8080-exec-2] binding parameter [1] as [INTEGER] - [1] 
2022-02-09 10:26:53.095 DEBUG [acme.framework.controllers.AbstractController@http-nio-8080-exec-5] DISPATCHING GET /hello-world-22.0/anonymous/user-account/create 
2022-02-09 10:26:53.096 DEBUG [acme.framework.controllers.AbstractController@http-nio-8080-exec-5] Command: create 
2022-02-09 10:26:53.096 DEBUG [acme.framework.controllers.AbstractController@http-nio-8080-exec-5] Model:   {} 
2022-02-09 10:26:53.096 DEBUG [acme.framework.controllers.AbstractController@http-nio-8080-exec-5] Locale:  en 
2022-02-09 10:26:53.183 DEBUG [org.hibernate.SQL@http-nio-8080-exec-5] select useraccoun0_.id as id1_0_, useraccoun0_.version as version2_0_, useraccoun0_.enabled as enabled1_6_, useraccoun0_.identity_email as identity2_6_, useraccoun0_.identity_name as identity3_6_, useraccoun0_.identity_surname as identity4_6_, useraccoun0_.password as password5_6_, useraccoun0_.username as username6_6_ from user_account useraccoun0_ where useraccoun0_.username=? 
2022-02-09 10:26:53.185 TRACE [org.hibernate.type.descriptor.sql.BasicBinder@http-nio-8080-exec-5] binding parameter [1] as [VARCHAR] - [anonymous] 
2022-02-09 10:26:53.191 DEBUG [org.hibernate.SQL@http-nio-8080-exec-5] select roles0_.user_account_id as user_acc1_7_0_, roles0_.id as id1_7_0_, roles0_.id as id1_0_1_, roles0_.version as version2_0_1_, roles0_.user_account_id as user_acc1_7_1_, roles0_.company as company1_4_1_, roles0_.sector as sector2_4_1_, roles0_.company as company1_5_1_, roles0_.sector as sector2_5_1_, roles0_.clazz_ as clazz_1_ from ( select id, version, user_account_id, company, sector, 2 as clazz_ from consumer union all select id, version, user_account_id, company, sector, 3 as clazz_ from provider union all select id, version, user_account_id, null as company, null as sector, 5 as clazz_ from administrator union all select id, version, user_account_id, null as company, null as sector, 6 as clazz_ from anonymous union all select id, version, user_account_id, null as company, null as sector, 7 as clazz_ from authenticated ) roles0_ where roles0_.user_account_id=? 
2022-02-09 10:26:53.192 TRACE [org.hibernate.type.descriptor.sql.BasicBinder@http-nio-8080-exec-5] binding parameter [1] as [INTEGER] - [1] 
2022-02-09 10:26:53.370 DEBUG [acme.framework.controllers.AbstractController@http-nio-8080-exec-5] SERVING GET /hello-world-22.0/anonymous/user-account/create 
2022-02-09 10:26:53.372 DEBUG [acme.framework.controllers.AbstractController@http-nio-8080-exec-5] Result: ModelAndView [view="anonymous/user-account/form"; model={password=, identity.name=null, identity.email=null, id=0, confirmation=, identity.surname=null, version=0, username=null, accept=false, command=create, principal=acme.framework.entities.Principal@7fd9f7a9}] 
2022-02-09 10:26:53.394 DEBUG [acme.framework.components.tiles.DynamicTilesView@http-nio-8080-exec-5] View name 'anonymous/user-account/form', model {password=, identity.name=null, identity.email=null, id=0, confirmation=, identity.surname=null, version=0, username=null, accept=false, command=create, principal=acme.framework.entities.Principal@7fd9f7a9, org.springframework.validation.BindingResult.principal=org.springframework.validation.BeanPropertyBindingResult: 0 errors} 
2022-02-09 10:26:53.397 DEBUG [org.apache.jasper.servlet.JspServlet@http-nio-8080-exec-5] JspEngine --> /WEB-INF/views/master/page.jsp 
2022-02-09 10:26:53.397 DEBUG [org.apache.jasper.servlet.JspServlet@http-nio-8080-exec-5] ServletPath: /WEB-INF/views/master/page.jsp 
2022-02-09 10:26:53.398 DEBUG [org.apache.jasper.servlet.JspServlet@http-nio-8080-exec-5] PathInfo: null 
2022-02-09 10:26:53.401 DEBUG [org.apache.jasper.servlet.JspServlet@http-nio-8080-exec-5] RealPath: C:\Users\miguel\Desktop\DP2\Workspace-22.0\Starters\Hello-World-22.0\target\classes\WEB-INF\views\master\page.jsp 
2022-02-09 10:26:53.401 DEBUG [org.apache.jasper.servlet.JspServlet@http-nio-8080-exec-5] RequestURI: /hello-world-22.0/WEB-INF/views/master/page.jsp 
2022-02-09 10:26:53.401 DEBUG [org.apache.jasper.servlet.JspServlet@http-nio-8080-exec-5] QueryString: null 
2022-02-09 10:26:53.752 DEBUG [org.apache.jasper.servlet.JspServlet@http-nio-8080-exec-5] JspEngine --> /WEB-INF/views/anonymous/user-account/form.jsp 
2022-02-09 10:26:53.752 DEBUG [org.apache.jasper.servlet.JspServlet@http-nio-8080-exec-5] ServletPath: /WEB-INF/views/master/page.jsp 
2022-02-09 10:26:53.753 DEBUG [org.apache.jasper.servlet.JspServlet@http-nio-8080-exec-5] PathInfo: null 
2022-02-09 10:26:53.754 DEBUG [org.apache.jasper.servlet.JspServlet@http-nio-8080-exec-5] RealPath: C:\Users\miguel\Desktop\DP2\Workspace-22.0\Starters\Hello-World-22.0\target\classes\WEB-INF\views\anonymous\user-account\form.jsp 
2022-02-09 10:26:53.755 DEBUG [org.apache.jasper.servlet.JspServlet@http-nio-8080-exec-5] RequestURI: /hello-world-22.0/WEB-INF/views/master/page.jsp 
2022-02-09 10:26:53.755 DEBUG [org.apache.jasper.servlet.JspServlet@http-nio-8080-exec-5] QueryString: null 
2022-02-09 10:26:58.613 DEBUG [org.hibernate.SQL@http-nio-8080-exec-5] select useraccoun0_.id as id1_0_, useraccoun0_.version as version2_0_, useraccoun0_.enabled as enabled1_6_, useraccoun0_.identity_email as identity2_6_, useraccoun0_.identity_name as identity3_6_, useraccoun0_.identity_surname as identity4_6_, useraccoun0_.password as password5_6_, useraccoun0_.username as username6_6_ from user_account useraccoun0_ where useraccoun0_.username=? 
2022-02-09 10:26:58.619 TRACE [org.hibernate.type.descriptor.sql.BasicBinder@http-nio-8080-exec-5] binding parameter [1] as [VARCHAR] - [anonymous] 
2022-02-09 10:26:58.623 DEBUG [org.hibernate.SQL@http-nio-8080-exec-5] select roles0_.user_account_id as user_acc1_7_0_, roles0_.id as id1_7_0_, roles0_.id as id1_0_1_, roles0_.version as version2_0_1_, roles0_.user_account_id as user_acc1_7_1_, roles0_.company as company1_4_1_, roles0_.sector as sector2_4_1_, roles0_.company as company1_5_1_, roles0_.sector as sector2_5_1_, roles0_.clazz_ as clazz_1_ from ( select id, version, user_account_id, company, sector, 2 as clazz_ from consumer union all select id, version, user_account_id, company, sector, 3 as clazz_ from provider union all select id, version, user_account_id, null as company, null as sector, 5 as clazz_ from administrator union all select id, version, user_account_id, null as company, null as sector, 6 as clazz_ from anonymous union all select id, version, user_account_id, null as company, null as sector, 7 as clazz_ from authenticated ) roles0_ where roles0_.user_account_id=? 
2022-02-09 10:26:58.625 TRACE [org.hibernate.type.descriptor.sql.BasicBinder@http-nio-8080-exec-5] binding parameter [1] as [INTEGER] - [1] 
2022-02-09 10:28:01.517 DEBUG [acme.framework.components.tiles.DynamicTilesView@http-nio-8080-exec-7] View name 'master/sign-in', model {username=, password=, remember=false} 
2022-02-09 10:28:01.540 DEBUG [org.apache.jasper.servlet.JspServlet@http-nio-8080-exec-7] JspEngine --> /WEB-INF/views/master/page.jsp 
2022-02-09 10:28:01.541 DEBUG [org.apache.jasper.servlet.JspServlet@http-nio-8080-exec-7] ServletPath: /WEB-INF/views/master/page.jsp 
2022-02-09 10:28:01.541 DEBUG [org.apache.jasper.servlet.JspServlet@http-nio-8080-exec-7] PathInfo: null 
2022-02-09 10:28:01.557 DEBUG [org.apache.jasper.servlet.JspServlet@http-nio-8080-exec-7] RealPath: C:\Users\miguel\Desktop\DP2\Workspace-22.0\Starters\Hello-World-22.0\target\classes\WEB-INF\views\master\page.jsp 
2022-02-09 10:28:01.557 DEBUG [org.apache.jasper.servlet.JspServlet@http-nio-8080-exec-7] RequestURI: /hello-world-22.0/WEB-INF/views/master/page.jsp 
2022-02-09 10:28:01.558 DEBUG [org.apache.jasper.servlet.JspServlet@http-nio-8080-exec-7] QueryString: null 
2022-02-09 10:28:01.813 DEBUG [org.apache.jasper.servlet.JspServlet@http-nio-8080-exec-7] JspEngine --> /WEB-INF/views/master/sign-in.jsp 
2022-02-09 10:28:01.813 DEBUG [org.apache.jasper.servlet.JspServlet@http-nio-8080-exec-7] ServletPath: /WEB-INF/views/master/page.jsp 
2022-02-09 10:28:01.814 DEBUG [org.apache.jasper.servlet.JspServlet@http-nio-8080-exec-7] PathInfo: null 
2022-02-09 10:28:01.818 DEBUG [org.apache.jasper.servlet.JspServlet@http-nio-8080-exec-7] RealPath: C:\Users\miguel\Desktop\DP2\Workspace-22.0\Starters\Hello-World-22.0\target\classes\WEB-INF\views\master\sign-in.jsp 
2022-02-09 10:28:01.818 DEBUG [org.apache.jasper.servlet.JspServlet@http-nio-8080-exec-7] RequestURI: /hello-world-22.0/WEB-INF/views/master/page.jsp 
2022-02-09 10:28:01.818 DEBUG [org.apache.jasper.servlet.JspServlet@http-nio-8080-exec-7] QueryString: null 
2022-02-09 10:28:03.415 DEBUG [org.hibernate.SQL@http-nio-8080-exec-7] select useraccoun0_.id as id1_0_, useraccoun0_.version as version2_0_, useraccoun0_.enabled as enabled1_6_, useraccoun0_.identity_email as identity2_6_, useraccoun0_.identity_name as identity3_6_, useraccoun0_.identity_surname as identity4_6_, useraccoun0_.password as password5_6_, useraccoun0_.username as username6_6_ from user_account useraccoun0_ where useraccoun0_.username=? 
2022-02-09 10:28:03.427 TRACE [org.hibernate.type.descriptor.sql.BasicBinder@http-nio-8080-exec-7] binding parameter [1] as [VARCHAR] - [anonymous] 
2022-02-09 10:28:03.443 DEBUG [org.hibernate.SQL@http-nio-8080-exec-7] select roles0_.user_account_id as user_acc1_7_0_, roles0_.id as id1_7_0_, roles0_.id as id1_0_1_, roles0_.version as version2_0_1_, roles0_.user_account_id as user_acc1_7_1_, roles0_.company as company1_4_1_, roles0_.sector as sector2_4_1_, roles0_.company as company1_5_1_, roles0_.sector as sector2_5_1_, roles0_.clazz_ as clazz_1_ from ( select id, version, user_account_id, company, sector, 2 as clazz_ from consumer union all select id, version, user_account_id, company, sector, 3 as clazz_ from provider union all select id, version, user_account_id, null as company, null as sector, 5 as clazz_ from administrator union all select id, version, user_account_id, null as company, null as sector, 6 as clazz_ from anonymous union all select id, version, user_account_id, null as company, null as sector, 7 as clazz_ from authenticated ) roles0_ where roles0_.user_account_id=? 
2022-02-09 10:28:03.445 TRACE [org.hibernate.type.descriptor.sql.BasicBinder@http-nio-8080-exec-7] binding parameter [1] as [INTEGER] - [1] 
2022-02-09 10:28:12.947 DEBUG [org.hibernate.SQL@http-nio-8080-exec-5] select useraccoun0_.id as id1_0_, useraccoun0_.version as version2_0_, useraccoun0_.enabled as enabled1_6_, useraccoun0_.identity_email as identity2_6_, useraccoun0_.identity_name as identity3_6_, useraccoun0_.identity_surname as identity4_6_, useraccoun0_.password as password5_6_, useraccoun0_.username as username6_6_ from user_account useraccoun0_ where useraccoun0_.username=? 
2022-02-09 10:28:13.011 TRACE [org.hibernate.type.descriptor.sql.BasicBinder@http-nio-8080-exec-5] binding parameter [1] as [VARCHAR] - [administrator] 
2022-02-09 10:28:13.769 DEBUG [org.hibernate.SQL@http-nio-8080-exec-5] select roles0_.user_account_id as user_acc1_7_0_, roles0_.id as id1_7_0_, roles0_.id as id1_0_1_, roles0_.version as version2_0_1_, roles0_.user_account_id as user_acc1_7_1_, roles0_.company as company1_4_1_, roles0_.sector as sector2_4_1_, roles0_.company as company1_5_1_, roles0_.sector as sector2_5_1_, roles0_.clazz_ as clazz_1_ from ( select id, version, user_account_id, company, sector, 2 as clazz_ from consumer union all select id, version, user_account_id, company, sector, 3 as clazz_ from provider union all select id, version, user_account_id, null as company, null as sector, 5 as clazz_ from administrator union all select id, version, user_account_id, null as company, null as sector, 6 as clazz_ from anonymous union all select id, version, user_account_id, null as company, null as sector, 7 as clazz_ from authenticated ) roles0_ where roles0_.user_account_id=? 
2022-02-09 10:28:13.771 TRACE [org.hibernate.type.descriptor.sql.BasicBinder@http-nio-8080-exec-5] binding parameter [1] as [INTEGER] - [2] 
2022-02-09 10:28:14.095 DEBUG [acme.framework.components.tiles.DynamicTilesView@http-nio-8080-exec-7] View name 'fragments/welcome', model {} 
2022-02-09 10:28:14.577 DEBUG [org.apache.jasper.servlet.JspServlet@http-nio-8080-exec-7] JspEngine --> /WEB-INF/views/master/page.jsp 
2022-02-09 10:28:14.592 DEBUG [org.apache.jasper.servlet.JspServlet@http-nio-8080-exec-7] ServletPath: /WEB-INF/views/master/page.jsp 
2022-02-09 10:28:14.592 DEBUG [org.apache.jasper.servlet.JspServlet@http-nio-8080-exec-7] PathInfo: null 
2022-02-09 10:28:14.599 DEBUG [org.apache.jasper.servlet.JspServlet@http-nio-8080-exec-7] RealPath: C:\Users\miguel\Desktop\DP2\Workspace-22.0\Starters\Hello-World-22.0\target\classes\WEB-INF\views\master\page.jsp 
2022-02-09 10:28:14.599 DEBUG [org.apache.jasper.servlet.JspServlet@http-nio-8080-exec-7] RequestURI: /hello-world-22.0/WEB-INF/views/master/page.jsp 
2022-02-09 10:28:14.603 DEBUG [org.apache.jasper.servlet.JspServlet@http-nio-8080-exec-7] QueryString: null 
2022-02-09 10:28:15.785 DEBUG [org.apache.jasper.servlet.JspServlet@http-nio-8080-exec-7] JspEngine --> /WEB-INF/views/fragments/welcome.jsp 
2022-02-09 10:28:15.786 DEBUG [org.apache.jasper.servlet.JspServlet@http-nio-8080-exec-7] ServletPath: /WEB-INF/views/master/page.jsp 
2022-02-09 10:28:15.789 DEBUG [org.apache.jasper.servlet.JspServlet@http-nio-8080-exec-7] PathInfo: null 
2022-02-09 10:28:15.792 DEBUG [org.apache.jasper.servlet.JspServlet@http-nio-8080-exec-7] RealPath: C:\Users\miguel\Desktop\DP2\Workspace-22.0\Starters\Hello-World-22.0\target\classes\WEB-INF\views\fragments\welcome.jsp 
2022-02-09 10:28:15.794 DEBUG [org.apache.jasper.servlet.JspServlet@http-nio-8080-exec-7] RequestURI: /hello-world-22.0/WEB-INF/views/master/page.jsp 
2022-02-09 10:28:15.798 DEBUG [org.apache.jasper.servlet.JspServlet@http-nio-8080-exec-7] QueryString: null 
