2022-04-19 13:09:36.525 WARN  [org.springframework.boot.StartupInfoLogger@main] InetAddress.getLocalHost().getHostName() took 5006 milliseconds to respond. Please verify your network configuration (macOS machines may need to add entries to /etc/hosts). 
2022-04-19 13:09:41.532 INFO  [acme.Launcher@main] Starting Launcher using Java 1.8.0_281 on MacBook-Pro.local with PID 82679 (/Users/miguel/Downloads/Doc Locales/Miguelito/Universidad/3º Curso/DP2/Workspace-22.3/Frameworks/Acme-Framework-22.3/target/classes started by miguel in /Users/miguel/Downloads/Doc Locales/Miguelito/Universidad/3º Curso/DP2/Workspace-22.3/Projects/Acme-Toolkits) 
2022-04-19 13:09:41.533 DEBUG [acme.Launcher@main] Running with Spring Boot v2.4.2, Spring v5.3.3 
2022-04-19 13:09:41.535 INFO  [acme.Launcher@main] The following profiles are active: development,default 
2022-04-19 13:09:43.056 DEBUG [org.apache.jasper.servlet.JasperInitializer@main] Initializing Jasper for context [application] 
2022-04-19 13:09:46.240 DEBUG [org.apache.jasper.servlet.JspServlet@main] Scratch dir for the JSP engine is: [/private/var/folders/nd/x9m_7s254vn11c4v2h295x500000gn/T/tomcat.8080.5535943875119185937/work/Tomcat/localhost/acme-toolkits-22.3] 
2022-04-19 13:09:46.240 DEBUG [org.apache.jasper.servlet.JspServlet@main] IMPORTANT: Do not modify the generated servlets 
2022-04-19 13:09:46.249 INFO  [acme.Launcher@main] Started Launcher in 25.219 seconds (JVM running for 25.649) 
2022-04-19 13:09:46.252 DEBUG [acme.Launcher@main] Found classpath entry '/Users/miguel/Downloads/Doc%20Locales/Miguelito/Universidad/3%c2%ba%20Curso/DP2/Workspace-22.3/Projects/Acme-Toolkits/target/test-classes/' 
2022-04-19 13:09:46.252 DEBUG [acme.Launcher@main] Found classpath entry '/Users/miguel/Downloads/Doc%20Locales/Miguelito/Universidad/3%c2%ba%20Curso/DP2/Workspace-22.3/Projects/Acme-Toolkits/target/classes/' 
2022-04-19 13:09:46.252 DEBUG [acme.Launcher@main] Found classpath entry '/Users/miguel/Downloads/Doc%20Locales/Miguelito/Universidad/3%c2%ba%20Curso/DP2/Workspace-22.3/Frameworks/Acme-Framework-22.3/target/classes/' 
2022-04-19 13:09:46.252 DEBUG [acme.Launcher@main] Found classpath entry '/Users/miguel/Downloads/Doc%20Locales/Miguelito/Universidad/3%c2%ba%20Curso/DP2/Workspace-22.3/Frameworks/Acme-Framework-22.3/target/test-classes/' 
2022-04-19 13:09:46.253 DEBUG [acme.Launcher@main] Found classpath entry '/Users/miguel/.m2/repository/org/springframework/boot/spring-boot-starter-tomcat/2.4.2/spring-boot-starter-tomcat-2.4.2.jar' 
2022-04-19 13:09:46.253 DEBUG [acme.Launcher@main] Found classpath entry '/Users/miguel/.m2/repository/jakarta/annotation/jakarta.annotation-api/1.3.5/jakarta.annotation-api-1.3.5.jar' 
2022-04-19 13:09:46.253 DEBUG [acme.Launcher@main] Found classpath entry '/Users/miguel/.m2/repository/org/apache/tomcat/embed/tomcat-embed-core/9.0.41/tomcat-embed-core-9.0.41.jar' 
2022-04-19 13:09:46.253 DEBUG [acme.Launcher@main] Found classpath entry '/Users/miguel/.m2/repository/org/glassfish/jakarta.el/3.0.3/jakarta.el-3.0.3.jar' 
2022-04-19 13:09:46.253 DEBUG [acme.Launcher@main] Found classpath entry '/Users/miguel/.m2/repository/org/apache/tomcat/embed/tomcat-embed-websocket/9.0.41/tomcat-embed-websocket-9.0.41.jar' 
2022-04-19 13:09:46.254 DEBUG [acme.Launcher@main] Found classpath entry '/Users/miguel/.m2/repository/org/apache/tomcat/embed/tomcat-embed-jasper/9.0.41/tomcat-embed-jasper-9.0.41.jar' 
2022-04-19 13:09:46.254 DEBUG [acme.Launcher@main] Found classpath entry '/Users/miguel/.m2/repository/org/apache/tomcat/embed/tomcat-embed-el/9.0.41/tomcat-embed-el-9.0.41.jar' 
2022-04-19 13:09:46.254 DEBUG [acme.Launcher@main] Found classpath entry '/Users/miguel/.m2/repository/org/eclipse/jdt/ecj/3.18.0/ecj-3.18.0.jar' 
2022-04-19 13:09:46.254 DEBUG [acme.Launcher@main] Found classpath entry '/Users/miguel/.m2/repository/javax/servlet/jstl/1.2/jstl-1.2.jar' 
2022-04-19 13:09:46.254 DEBUG [acme.Launcher@main] Found classpath entry '/Users/miguel/.m2/repository/org/springframework/boot/spring-boot-starter-test/2.4.2/spring-boot-starter-test-2.4.2.jar' 
2022-04-19 13:09:46.255 DEBUG [acme.Launcher@main] Found classpath entry '/Users/miguel/.m2/repository/org/springframework/boot/spring-boot-starter/2.4.2/spring-boot-starter-2.4.2.jar' 
2022-04-19 13:09:46.255 DEBUG [acme.Launcher@main] Found classpath entry '/Users/miguel/.m2/repository/org/springframework/boot/spring-boot/2.4.2/spring-boot-2.4.2.jar' 
2022-04-19 13:09:46.255 DEBUG [acme.Launcher@main] Found classpath entry '/Users/miguel/.m2/repository/org/springframework/boot/spring-boot-autoconfigure/2.4.2/spring-boot-autoconfigure-2.4.2.jar' 
2022-04-19 13:09:46.255 DEBUG [acme.Launcher@main] Found classpath entry '/Users/miguel/.m2/repository/org/springframework/boot/spring-boot-starter-logging/2.4.2/spring-boot-starter-logging-2.4.2.jar' 
2022-04-19 13:09:46.256 DEBUG [acme.Launcher@main] Found classpath entry '/Users/miguel/.m2/repository/ch/qos/logback/logback-classic/1.2.3/logback-classic-1.2.3.jar' 
2022-04-19 13:09:46.256 DEBUG [acme.Launcher@main] Found classpath entry '/Users/miguel/.m2/repository/ch/qos/logback/logback-core/1.2.3/logback-core-1.2.3.jar' 
2022-04-19 13:09:46.256 DEBUG [acme.Launcher@main] Found classpath entry '/Users/miguel/.m2/repository/org/apache/logging/log4j/log4j-to-slf4j/2.13.3/log4j-to-slf4j-2.13.3.jar' 
2022-04-19 13:09:46.256 DEBUG [acme.Launcher@main] Found classpath entry '/Users/miguel/.m2/repository/org/apache/logging/log4j/log4j-api/2.13.3/log4j-api-2.13.3.jar' 
2022-04-19 13:09:46.256 DEBUG [acme.Launcher@main] Found classpath entry '/Users/miguel/.m2/repository/org/slf4j/jul-to-slf4j/1.7.30/jul-to-slf4j-1.7.30.jar' 
2022-04-19 13:09:46.257 DEBUG [acme.Launcher@main] Found classpath entry '/Users/miguel/.m2/repository/org/yaml/snakeyaml/1.27/snakeyaml-1.27.jar' 
2022-04-19 13:09:46.257 DEBUG [acme.Launcher@main] Found classpath entry '/Users/miguel/.m2/repository/org/springframework/boot/spring-boot-test/2.4.2/spring-boot-test-2.4.2.jar' 
2022-04-19 13:09:46.257 DEBUG [acme.Launcher@main] Found classpath entry '/Users/miguel/.m2/repository/org/springframework/boot/spring-boot-test-autoconfigure/2.4.2/spring-boot-test-autoconfigure-2.4.2.jar' 
2022-04-19 13:09:46.257 DEBUG [acme.Launcher@main] Found classpath entry '/Users/miguel/.m2/repository/com/jayway/jsonpath/json-path/2.4.0/json-path-2.4.0.jar' 
2022-04-19 13:09:46.257 DEBUG [acme.Launcher@main] Found classpath entry '/Users/miguel/.m2/repository/net/minidev/json-smart/2.3/json-smart-2.3.jar' 
2022-04-19 13:09:46.257 DEBUG [acme.Launcher@main] Found classpath entry '/Users/miguel/.m2/repository/net/minidev/accessors-smart/1.2/accessors-smart-1.2.jar' 
2022-04-19 13:09:46.258 DEBUG [acme.Launcher@main] Found classpath entry '/Users/miguel/.m2/repository/org/ow2/asm/asm/5.0.4/asm-5.0.4.jar' 
2022-04-19 13:09:46.258 DEBUG [acme.Launcher@main] Found classpath entry '/Users/miguel/.m2/repository/jakarta/xml/bind/jakarta.xml.bind-api/2.3.3/jakarta.xml.bind-api-2.3.3.jar' 
2022-04-19 13:09:46.258 DEBUG [acme.Launcher@main] Found classpath entry '/Users/miguel/.m2/repository/jakarta/activation/jakarta.activation-api/1.2.2/jakarta.activation-api-1.2.2.jar' 
2022-04-19 13:09:46.258 DEBUG [acme.Launcher@main] Found classpath entry '/Users/miguel/.m2/repository/org/assertj/assertj-core/3.18.1/assertj-core-3.18.1.jar' 
2022-04-19 13:09:46.258 DEBUG [acme.Launcher@main] Found classpath entry '/Users/miguel/.m2/repository/org/hamcrest/hamcrest/2.2/hamcrest-2.2.jar' 
2022-04-19 13:09:46.258 DEBUG [acme.Launcher@main] Found classpath entry '/Users/miguel/.m2/repository/org/junit/jupiter/junit-jupiter/5.7.0/junit-jupiter-5.7.0.jar' 
2022-04-19 13:09:46.258 DEBUG [acme.Launcher@main] Found classpath entry '/Users/miguel/.m2/repository/org/mockito/mockito-core/3.6.28/mockito-core-3.6.28.jar' 
2022-04-19 13:09:46.258 DEBUG [acme.Launcher@main] Found classpath entry '/Users/miguel/.m2/repository/net/bytebuddy/byte-buddy-agent/1.10.19/byte-buddy-agent-1.10.19.jar' 
2022-04-19 13:09:46.259 DEBUG [acme.Launcher@main] Found classpath entry '/Users/miguel/.m2/repository/org/objenesis/objenesis/3.1/objenesis-3.1.jar' 
2022-04-19 13:09:46.259 DEBUG [acme.Launcher@main] Found classpath entry '/Users/miguel/.m2/repository/org/mockito/mockito-junit-jupiter/3.6.28/mockito-junit-jupiter-3.6.28.jar' 
2022-04-19 13:09:46.259 DEBUG [acme.Launcher@main] Found classpath entry '/Users/miguel/.m2/repository/org/skyscreamer/jsonassert/1.5.0/jsonassert-1.5.0.jar' 
2022-04-19 13:09:46.259 DEBUG [acme.Launcher@main] Found classpath entry '/Users/miguel/.m2/repository/com/vaadin/external/google/android-json/0.0.20131108.vaadin1/android-json-0.0.20131108.vaadin1.jar' 
2022-04-19 13:09:46.259 DEBUG [acme.Launcher@main] Found classpath entry '/Users/miguel/.m2/repository/org/springframework/spring-core/5.3.3/spring-core-5.3.3.jar' 
2022-04-19 13:09:46.259 DEBUG [acme.Launcher@main] Found classpath entry '/Users/miguel/.m2/repository/org/springframework/spring-jcl/5.3.3/spring-jcl-5.3.3.jar' 
2022-04-19 13:09:46.259 DEBUG [acme.Launcher@main] Found classpath entry '/Users/miguel/.m2/repository/org/springframework/spring-test/5.3.3/spring-test-5.3.3.jar' 
2022-04-19 13:09:46.260 DEBUG [acme.Launcher@main] Found classpath entry '/Users/miguel/.m2/repository/org/xmlunit/xmlunit-core/2.7.0/xmlunit-core-2.7.0.jar' 
2022-04-19 13:09:46.260 DEBUG [acme.Launcher@main] Found classpath entry '/Users/miguel/.m2/repository/org/springframework/boot/spring-boot-starter-security/2.4.2/spring-boot-starter-security-2.4.2.jar' 
2022-04-19 13:09:46.260 DEBUG [acme.Launcher@main] Found classpath entry '/Users/miguel/.m2/repository/org/springframework/spring-aop/5.3.3/spring-aop-5.3.3.jar' 
2022-04-19 13:09:46.260 DEBUG [acme.Launcher@main] Found classpath entry '/Users/miguel/.m2/repository/org/springframework/security/spring-security-web/5.4.2/spring-security-web-5.4.2.jar' 
2022-04-19 13:09:46.260 DEBUG [acme.Launcher@main] Found classpath entry '/Users/miguel/.m2/repository/org/springframework/security/spring-security-core/5.4.2/spring-security-core-5.4.2.jar' 
2022-04-19 13:09:46.261 DEBUG [acme.Launcher@main] Found classpath entry '/Users/miguel/.m2/repository/org/springframework/spring-beans/5.3.3/spring-beans-5.3.3.jar' 
2022-04-19 13:09:46.261 DEBUG [acme.Launcher@main] Found classpath entry '/Users/miguel/.m2/repository/org/springframework/spring-context/5.3.3/spring-context-5.3.3.jar' 
2022-04-19 13:09:46.261 DEBUG [acme.Launcher@main] Found classpath entry '/Users/miguel/.m2/repository/org/springframework/spring-expression/5.3.3/spring-expression-5.3.3.jar' 
2022-04-19 13:09:46.261 DEBUG [acme.Launcher@main] Found classpath entry '/Users/miguel/.m2/repository/org/springframework/spring-web/5.3.3/spring-web-5.3.3.jar' 
2022-04-19 13:09:46.261 DEBUG [acme.Launcher@main] Found classpath entry '/Users/miguel/.m2/repository/org/springframework/security/spring-security-config/5.4.2/spring-security-config-5.4.2.jar' 
2022-04-19 13:09:46.262 DEBUG [acme.Launcher@main] Found classpath entry '/Users/miguel/.m2/repository/org/springframework/security/spring-security-taglibs/5.4.2/spring-security-taglibs-5.4.2.jar' 
2022-04-19 13:09:46.262 DEBUG [acme.Launcher@main] Found classpath entry '/Users/miguel/.m2/repository/org/springframework/security/spring-security-acl/5.4.2/spring-security-acl-5.4.2.jar' 
2022-04-19 13:09:46.262 DEBUG [acme.Launcher@main] Found classpath entry '/Users/miguel/.m2/repository/org/springframework/spring-jdbc/5.3.3/spring-jdbc-5.3.3.jar' 
2022-04-19 13:09:46.262 DEBUG [acme.Launcher@main] Found classpath entry '/Users/miguel/.m2/repository/org/springframework/spring-tx/5.3.3/spring-tx-5.3.3.jar' 
2022-04-19 13:09:46.262 DEBUG [acme.Launcher@main] Found classpath entry '/Users/miguel/.m2/repository/org/springframework/boot/spring-boot-starter-web/2.4.2/spring-boot-starter-web-2.4.2.jar' 
2022-04-19 13:09:46.262 DEBUG [acme.Launcher@main] Found classpath entry '/Users/miguel/.m2/repository/org/springframework/boot/spring-boot-starter-json/2.4.2/spring-boot-starter-json-2.4.2.jar' 
2022-04-19 13:09:46.263 DEBUG [acme.Launcher@main] Found classpath entry '/Users/miguel/.m2/repository/com/fasterxml/jackson/core/jackson-databind/2.11.4/jackson-databind-2.11.4.jar' 
2022-04-19 13:09:46.263 DEBUG [acme.Launcher@main] Found classpath entry '/Users/miguel/.m2/repository/com/fasterxml/jackson/core/jackson-annotations/2.11.4/jackson-annotations-2.11.4.jar' 
2022-04-19 13:09:46.263 DEBUG [acme.Launcher@main] Found classpath entry '/Users/miguel/.m2/repository/com/fasterxml/jackson/core/jackson-core/2.11.4/jackson-core-2.11.4.jar' 
2022-04-19 13:09:46.263 DEBUG [acme.Launcher@main] Found classpath entry '/Users/miguel/.m2/repository/com/fasterxml/jackson/datatype/jackson-datatype-jdk8/2.11.4/jackson-datatype-jdk8-2.11.4.jar' 
2022-04-19 13:09:46.263 DEBUG [acme.Launcher@main] Found classpath entry '/Users/miguel/.m2/repository/com/fasterxml/jackson/datatype/jackson-datatype-jsr310/2.11.4/jackson-datatype-jsr310-2.11.4.jar' 
2022-04-19 13:09:46.263 DEBUG [acme.Launcher@main] Found classpath entry '/Users/miguel/.m2/repository/com/fasterxml/jackson/module/jackson-module-parameter-names/2.11.4/jackson-module-parameter-names-2.11.4.jar' 
2022-04-19 13:09:46.264 DEBUG [acme.Launcher@main] Found classpath entry '/Users/miguel/.m2/repository/org/springframework/spring-webmvc/5.3.3/spring-webmvc-5.3.3.jar' 
2022-04-19 13:09:46.264 DEBUG [acme.Launcher@main] Found classpath entry '/Users/miguel/.m2/repository/org/apache/tiles/tiles-jsp/3.0.8/tiles-jsp-3.0.8.jar' 
2022-04-19 13:09:46.264 DEBUG [acme.Launcher@main] Found classpath entry '/Users/miguel/.m2/repository/org/apache/tiles/tiles-servlet/3.0.8/tiles-servlet-3.0.8.jar' 
2022-04-19 13:09:46.264 DEBUG [acme.Launcher@main] Found classpath entry '/Users/miguel/.m2/repository/org/apache/tiles/tiles-core/3.0.8/tiles-core-3.0.8.jar' 
2022-04-19 13:09:46.264 DEBUG [acme.Launcher@main] Found classpath entry '/Users/miguel/.m2/repository/commons-digester/commons-digester/2.0/commons-digester-2.0.jar' 
2022-04-19 13:09:46.264 DEBUG [acme.Launcher@main] Found classpath entry '/Users/miguel/.m2/repository/org/slf4j/jcl-over-slf4j/1.7.30/jcl-over-slf4j-1.7.30.jar' 
2022-04-19 13:09:46.265 DEBUG [acme.Launcher@main] Found classpath entry '/Users/miguel/.m2/repository/org/apache/tiles/tiles-request-servlet/1.0.7/tiles-request-servlet-1.0.7.jar' 
2022-04-19 13:09:46.265 DEBUG [acme.Launcher@main] Found classpath entry '/Users/miguel/.m2/repository/org/apache/tiles/tiles-template/3.0.8/tiles-template-3.0.8.jar' 
2022-04-19 13:09:46.265 DEBUG [acme.Launcher@main] Found classpath entry '/Users/miguel/.m2/repository/org/apache/tiles/tiles-api/3.0.8/tiles-api-3.0.8.jar' 
2022-04-19 13:09:46.265 DEBUG [acme.Launcher@main] Found classpath entry '/Users/miguel/.m2/repository/org/apache/tiles/tiles-autotag-core-runtime/1.2/tiles-autotag-core-runtime-1.2.jar' 
2022-04-19 13:09:46.265 DEBUG [acme.Launcher@main] Found classpath entry '/Users/miguel/.m2/repository/org/slf4j/slf4j-api/1.7.30/slf4j-api-1.7.30.jar' 
2022-04-19 13:09:46.266 DEBUG [acme.Launcher@main] Found classpath entry '/Users/miguel/.m2/repository/org/apache/tiles/tiles-request-jsp/1.0.7/tiles-request-jsp-1.0.7.jar' 
2022-04-19 13:09:46.266 DEBUG [acme.Launcher@main] Found classpath entry '/Users/miguel/.m2/repository/org/apache/tiles/tiles-request-api/1.0.7/tiles-request-api-1.0.7.jar' 
2022-04-19 13:09:46.266 DEBUG [acme.Launcher@main] Found classpath entry '/Users/miguel/.m2/repository/org/springframework/boot/spring-boot-starter-data-jpa/2.4.2/spring-boot-starter-data-jpa-2.4.2.jar' 
2022-04-19 13:09:46.266 DEBUG [acme.Launcher@main] Found classpath entry '/Users/miguel/.m2/repository/org/springframework/boot/spring-boot-starter-aop/2.4.2/spring-boot-starter-aop-2.4.2.jar' 
2022-04-19 13:09:46.266 DEBUG [acme.Launcher@main] Found classpath entry '/Users/miguel/.m2/repository/org/aspectj/aspectjweaver/1.9.6/aspectjweaver-1.9.6.jar' 
2022-04-19 13:09:46.266 DEBUG [acme.Launcher@main] Found classpath entry '/Users/miguel/.m2/repository/org/springframework/boot/spring-boot-starter-jdbc/2.4.2/spring-boot-starter-jdbc-2.4.2.jar' 
2022-04-19 13:09:46.267 DEBUG [acme.Launcher@main] Found classpath entry '/Users/miguel/.m2/repository/jakarta/transaction/jakarta.transaction-api/1.3.3/jakarta.transaction-api-1.3.3.jar' 
2022-04-19 13:09:46.267 DEBUG [acme.Launcher@main] Found classpath entry '/Users/miguel/.m2/repository/jakarta/persistence/jakarta.persistence-api/2.2.3/jakarta.persistence-api-2.2.3.jar' 
2022-04-19 13:09:46.267 DEBUG [acme.Launcher@main] Found classpath entry '/Users/miguel/.m2/repository/org/hibernate/hibernate-core/5.4.27.Final/hibernate-core-5.4.27.Final.jar' 
2022-04-19 13:09:46.267 DEBUG [acme.Launcher@main] Found classpath entry '/Users/miguel/.m2/repository/org/jboss/logging/jboss-logging/3.4.1.Final/jboss-logging-3.4.1.Final.jar' 
2022-04-19 13:09:46.267 DEBUG [acme.Launcher@main] Found classpath entry '/Users/miguel/.m2/repository/org/javassist/javassist/3.27.0-GA/javassist-3.27.0-GA.jar' 
2022-04-19 13:09:46.267 DEBUG [acme.Launcher@main] Found classpath entry '/Users/miguel/.m2/repository/antlr/antlr/2.7.7/antlr-2.7.7.jar' 
2022-04-19 13:09:46.267 DEBUG [acme.Launcher@main] Found classpath entry '/Users/miguel/.m2/repository/org/jboss/jandex/2.1.3.Final/jandex-2.1.3.Final.jar' 
2022-04-19 13:09:46.267 DEBUG [acme.Launcher@main] Found classpath entry '/Users/miguel/.m2/repository/com/fasterxml/classmate/1.5.1/classmate-1.5.1.jar' 
2022-04-19 13:09:46.268 DEBUG [acme.Launcher@main] Found classpath entry '/Users/miguel/.m2/repository/org/dom4j/dom4j/2.1.3/dom4j-2.1.3.jar' 
2022-04-19 13:09:46.268 DEBUG [acme.Launcher@main] Found classpath entry '/Users/miguel/.m2/repository/org/hibernate/common/hibernate-commons-annotations/5.1.2.Final/hibernate-commons-annotations-5.1.2.Final.jar' 
2022-04-19 13:09:46.268 DEBUG [acme.Launcher@main] Found classpath entry '/Users/miguel/.m2/repository/org/glassfish/jaxb/jaxb-runtime/2.3.3/jaxb-runtime-2.3.3.jar' 
2022-04-19 13:09:46.268 DEBUG [acme.Launcher@main] Found classpath entry '/Users/miguel/.m2/repository/org/glassfish/jaxb/txw2/2.3.3/txw2-2.3.3.jar' 
2022-04-19 13:09:46.268 DEBUG [acme.Launcher@main] Found classpath entry '/Users/miguel/.m2/repository/com/sun/istack/istack-commons-runtime/3.0.11/istack-commons-runtime-3.0.11.jar' 
2022-04-19 13:09:46.268 DEBUG [acme.Launcher@main] Found classpath entry '/Users/miguel/.m2/repository/com/sun/activation/jakarta.activation/1.2.2/jakarta.activation-1.2.2.jar' 
2022-04-19 13:09:46.268 DEBUG [acme.Launcher@main] Found classpath entry '/Users/miguel/.m2/repository/org/springframework/data/spring-data-jpa/2.4.3/spring-data-jpa-2.4.3.jar' 
2022-04-19 13:09:46.268 DEBUG [acme.Launcher@main] Found classpath entry '/Users/miguel/.m2/repository/org/springframework/data/spring-data-commons/2.4.3/spring-data-commons-2.4.3.jar' 
2022-04-19 13:09:46.268 DEBUG [acme.Launcher@main] Found classpath entry '/Users/miguel/.m2/repository/org/springframework/spring-orm/5.3.3/spring-orm-5.3.3.jar' 
2022-04-19 13:09:46.269 DEBUG [acme.Launcher@main] Found classpath entry '/Users/miguel/.m2/repository/org/springframework/spring-aspects/5.3.3/spring-aspects-5.3.3.jar' 
2022-04-19 13:09:46.269 DEBUG [acme.Launcher@main] Found classpath entry '/Users/miguel/.m2/repository/org/springframework/boot/spring-boot-starter-validation/2.4.2/spring-boot-starter-validation-2.4.2.jar' 
2022-04-19 13:09:46.269 DEBUG [acme.Launcher@main] Found classpath entry '/Users/miguel/.m2/repository/org/hibernate/validator/hibernate-validator/6.1.7.Final/hibernate-validator-6.1.7.Final.jar' 
2022-04-19 13:09:46.269 DEBUG [acme.Launcher@main] Found classpath entry '/Users/miguel/.m2/repository/jakarta/validation/jakarta.validation-api/2.0.2/jakarta.validation-api-2.0.2.jar' 
2022-04-19 13:09:46.269 DEBUG [acme.Launcher@main] Found classpath entry '/Users/miguel/.m2/repository/mysql/mysql-connector-java/8.0.22/mysql-connector-java-8.0.22.jar' 
2022-04-19 13:09:46.269 DEBUG [acme.Launcher@main] Found classpath entry '/Users/miguel/.m2/repository/com/zaxxer/HikariCP/3.4.5/HikariCP-3.4.5.jar' 
2022-04-19 13:09:46.269 DEBUG [acme.Launcher@main] Found classpath entry '/Users/miguel/.m2/repository/org/junit/jupiter/junit-jupiter-engine/5.7.0/junit-jupiter-engine-5.7.0.jar' 
2022-04-19 13:09:46.269 DEBUG [acme.Launcher@main] Found classpath entry '/Users/miguel/.m2/repository/org/apiguardian/apiguardian-api/1.1.0/apiguardian-api-1.1.0.jar' 
2022-04-19 13:09:46.269 DEBUG [acme.Launcher@main] Found classpath entry '/Users/miguel/.m2/repository/org/junit/platform/junit-platform-engine/1.7.0/junit-platform-engine-1.7.0.jar' 
2022-04-19 13:09:46.269 DEBUG [acme.Launcher@main] Found classpath entry '/Users/miguel/.m2/repository/org/junit/jupiter/junit-jupiter-api/5.7.0/junit-jupiter-api-5.7.0.jar' 
2022-04-19 13:09:46.270 DEBUG [acme.Launcher@main] Found classpath entry '/Users/miguel/.m2/repository/org/opentest4j/opentest4j/1.2.0/opentest4j-1.2.0.jar' 
2022-04-19 13:09:46.270 DEBUG [acme.Launcher@main] Found classpath entry '/Users/miguel/.m2/repository/org/junit/platform/junit-platform-commons/1.7.0/junit-platform-commons-1.7.0.jar' 
2022-04-19 13:09:46.270 DEBUG [acme.Launcher@main] Found classpath entry '/Users/miguel/.m2/repository/org/junit/jupiter/junit-jupiter-params/5.7.0/junit-jupiter-params-5.7.0.jar' 
2022-04-19 13:09:46.270 DEBUG [acme.Launcher@main] Found classpath entry '/Users/miguel/.m2/repository/org/junit/platform/junit-platform-launcher/1.7.0/junit-platform-launcher-1.7.0.jar' 
2022-04-19 13:09:46.270 DEBUG [acme.Launcher@main] Found classpath entry '/Users/miguel/.m2/repository/org/seleniumhq/selenium/selenium-java/3.141.59/selenium-java-3.141.59.jar' 
2022-04-19 13:09:46.270 DEBUG [acme.Launcher@main] Found classpath entry '/Users/miguel/.m2/repository/org/seleniumhq/selenium/selenium-api/3.141.59/selenium-api-3.141.59.jar' 
2022-04-19 13:09:46.270 DEBUG [acme.Launcher@main] Found classpath entry '/Users/miguel/.m2/repository/org/seleniumhq/selenium/selenium-chrome-driver/3.141.59/selenium-chrome-driver-3.141.59.jar' 
2022-04-19 13:09:46.270 DEBUG [acme.Launcher@main] Found classpath entry '/Users/miguel/.m2/repository/org/seleniumhq/selenium/selenium-edge-driver/3.141.59/selenium-edge-driver-3.141.59.jar' 
2022-04-19 13:09:46.270 DEBUG [acme.Launcher@main] Found classpath entry '/Users/miguel/.m2/repository/org/seleniumhq/selenium/selenium-firefox-driver/3.141.59/selenium-firefox-driver-3.141.59.jar' 
2022-04-19 13:09:46.271 DEBUG [acme.Launcher@main] Found classpath entry '/Users/miguel/.m2/repository/org/seleniumhq/selenium/selenium-ie-driver/3.141.59/selenium-ie-driver-3.141.59.jar' 
2022-04-19 13:09:46.271 DEBUG [acme.Launcher@main] Found classpath entry '/Users/miguel/.m2/repository/org/seleniumhq/selenium/selenium-opera-driver/3.141.59/selenium-opera-driver-3.141.59.jar' 
2022-04-19 13:09:46.271 DEBUG [acme.Launcher@main] Found classpath entry '/Users/miguel/.m2/repository/org/seleniumhq/selenium/selenium-remote-driver/3.141.59/selenium-remote-driver-3.141.59.jar' 
2022-04-19 13:09:46.271 DEBUG [acme.Launcher@main] Found classpath entry '/Users/miguel/.m2/repository/org/seleniumhq/selenium/selenium-safari-driver/3.141.59/selenium-safari-driver-3.141.59.jar' 
2022-04-19 13:09:46.271 DEBUG [acme.Launcher@main] Found classpath entry '/Users/miguel/.m2/repository/org/seleniumhq/selenium/selenium-support/3.141.59/selenium-support-3.141.59.jar' 
2022-04-19 13:09:46.271 DEBUG [acme.Launcher@main] Found classpath entry '/Users/miguel/.m2/repository/net/bytebuddy/byte-buddy/1.10.19/byte-buddy-1.10.19.jar' 
2022-04-19 13:09:46.271 DEBUG [acme.Launcher@main] Found classpath entry '/Users/miguel/.m2/repository/org/apache/commons/commons-exec/1.3/commons-exec-1.3.jar' 
2022-04-19 13:09:46.271 DEBUG [acme.Launcher@main] Found classpath entry '/Users/miguel/.m2/repository/com/google/guava/guava/25.0-jre/guava-25.0-jre.jar' 
2022-04-19 13:09:46.271 DEBUG [acme.Launcher@main] Found classpath entry '/Users/miguel/.m2/repository/com/google/code/findbugs/jsr305/1.3.9/jsr305-1.3.9.jar' 
2022-04-19 13:09:46.271 DEBUG [acme.Launcher@main] Found classpath entry '/Users/miguel/.m2/repository/org/checkerframework/checker-compat-qual/2.0.0/checker-compat-qual-2.0.0.jar' 
2022-04-19 13:09:46.271 DEBUG [acme.Launcher@main] Found classpath entry '/Users/miguel/.m2/repository/com/google/errorprone/error_prone_annotations/2.1.3/error_prone_annotations-2.1.3.jar' 
2022-04-19 13:09:46.272 DEBUG [acme.Launcher@main] Found classpath entry '/Users/miguel/.m2/repository/com/google/j2objc/j2objc-annotations/1.1/j2objc-annotations-1.1.jar' 
2022-04-19 13:09:46.272 DEBUG [acme.Launcher@main] Found classpath entry '/Users/miguel/.m2/repository/org/codehaus/mojo/animal-sniffer-annotations/1.14/animal-sniffer-annotations-1.14.jar' 
2022-04-19 13:09:46.272 DEBUG [acme.Launcher@main] Found classpath entry '/Users/miguel/.m2/repository/com/squareup/okhttp3/okhttp/3.14.9/okhttp-3.14.9.jar' 
2022-04-19 13:09:46.272 DEBUG [acme.Launcher@main] Found classpath entry '/Users/miguel/.m2/repository/com/squareup/okio/okio/1.14.0/okio-1.14.0.jar' 
2022-04-19 13:09:46.272 DEBUG [acme.Launcher@main] Found classpath entry '/Users/miguel/.m2/repository/org/apache/commons/commons-lang3/3.11/commons-lang3-3.11.jar' 
2022-04-19 13:09:46.272 DEBUG [acme.Launcher@main] Found classpath entry '/Users/miguel/.m2/repository/org/apache/commons/commons-text/1.8/commons-text-1.8.jar' 
2022-04-19 13:09:46.272 DEBUG [acme.Launcher@main] Found classpath entry '/Users/miguel/.m2/repository/commons-io/commons-io/2.6/commons-io-2.6.jar' 
2022-04-19 13:09:46.272 DEBUG [acme.Launcher@main] Found classpath entry '/Users/miguel/.m2/repository/commons-cli/commons-cli/1.4/commons-cli-1.4.jar' 
2022-04-19 13:09:46.272 DEBUG [acme.Launcher@main] Found classpath entry '/Users/miguel/.m2/repository/org/projectlombok/lombok/1.18.16/lombok-1.18.16.jar' 
2022-04-19 13:09:46.272 DEBUG [acme.Launcher@main] Found classpath entry '/Users/miguel/.m2/repository/com/opencsv/opencsv/5.4/opencsv-5.4.jar' 
2022-04-19 13:09:46.273 DEBUG [acme.Launcher@main] Found classpath entry '/Users/miguel/.m2/repository/commons-beanutils/commons-beanutils/1.9.4/commons-beanutils-1.9.4.jar' 
2022-04-19 13:09:46.273 DEBUG [acme.Launcher@main] Found classpath entry '/Users/miguel/.m2/repository/commons-logging/commons-logging/1.2/commons-logging-1.2.jar' 
2022-04-19 13:09:46.273 DEBUG [acme.Launcher@main] Found classpath entry '/Users/miguel/.m2/repository/commons-collections/commons-collections/3.2.2/commons-collections-3.2.2.jar' 
2022-04-19 13:09:46.273 DEBUG [acme.Launcher@main] Found classpath entry '/Users/miguel/.m2/repository/org/apache/commons/commons-collections4/4.4/commons-collections4-4.4.jar' 
2022-04-19 13:09:46.309 DEBUG [acme.Launcher@main] Found entity class 'acme.entities.Announcement 
2022-04-19 13:09:46.310 DEBUG [acme.Launcher@main] Found entity class 'acme.entities.Chirp 
2022-04-19 13:09:46.310 DEBUG [acme.Launcher@main] Found entity class 'acme.entities.Item 
2022-04-19 13:09:46.310 DEBUG [acme.Launcher@main] Found entity class 'acme.entities.ItemQuantity 
2022-04-19 13:09:46.310 DEBUG [acme.Launcher@main] Found entity class 'acme.entities.Patronage 
2022-04-19 13:09:46.310 DEBUG [acme.Launcher@main] Found entity class 'acme.entities.PatronageReport 
2022-04-19 13:09:46.310 DEBUG [acme.Launcher@main] Found entity class 'acme.entities.SystemConfiguration 
2022-04-19 13:09:46.310 DEBUG [acme.Launcher@main] Found entity class 'acme.entities.Toolkit 
2022-04-19 13:09:46.311 DEBUG [acme.Launcher@main] Found entity class 'acme.roles.Inventor 
2022-04-19 13:09:46.311 DEBUG [acme.Launcher@main] Found entity class 'acme.roles.Patron 
2022-04-19 13:09:46.311 DEBUG [acme.Launcher@main] Found entity class 'acme.framework.entities.UserAccount 
2022-04-19 13:09:46.311 DEBUG [acme.Launcher@main] Found entity class 'acme.framework.roles.Administrator 
2022-04-19 13:09:46.311 DEBUG [acme.Launcher@main] Found entity class 'acme.framework.roles.Anonymous 
2022-04-19 13:09:46.311 DEBUG [acme.Launcher@main] Found entity class 'acme.framework.roles.Any 
2022-04-19 13:09:46.311 DEBUG [acme.Launcher@main] Found entity class 'acme.framework.roles.Authenticated 
2022-04-19 13:09:46.315 INFO  [acme.Launcher@main] Running application (Standalone) 
2022-04-19 13:09:53.221 DEBUG [acme.framework.components.tiles.DynamicTilesView@http-nio-8080-exec-2] View name 'fragments/welcome', model {} 
2022-04-19 13:09:53.236 DEBUG [org.apache.tiles.definition.dao.BaseLocaleUrlDefinitionDAO@http-nio-8080-exec-2] File Resource file:/Users/miguel/Downloads/Doc%20Locales/Miguelito/Universidad/3º%20Curso/DP2/Workspace-22.3/Projects/Acme-Toolkits/target/classes/WEB-INF/views/master/tiles_en.xml at file:/Users/miguel/Downloads/Doc%20Locales/Miguelito/Universidad/3º%20Curso/DP2/Workspace-22.3/Projects/Acme-Toolkits/target/classes/WEB-INF/views/master/tiles_en.xml not found, continue 
2022-04-19 13:09:53.244 DEBUG [org.apache.jasper.servlet.JspServlet@http-nio-8080-exec-2] JspEngine --> /WEB-INF/views/master/page.jsp 
2022-04-19 13:09:53.244 DEBUG [org.apache.jasper.servlet.JspServlet@http-nio-8080-exec-2] ServletPath: /WEB-INF/views/master/page.jsp 
2022-04-19 13:09:53.245 DEBUG [org.apache.jasper.servlet.JspServlet@http-nio-8080-exec-2] PathInfo: null 
2022-04-19 13:09:53.246 DEBUG [org.apache.jasper.servlet.JspServlet@http-nio-8080-exec-2] RealPath: /Users/miguel/Downloads/Doc Locales/Miguelito/Universidad/3º Curso/DP2/Workspace-22.3/Projects/Acme-Toolkits/target/classes/WEB-INF/views/master/page.jsp 
2022-04-19 13:09:53.246 DEBUG [org.apache.jasper.servlet.JspServlet@http-nio-8080-exec-2] RequestURI: /acme-toolkits-22.3/WEB-INF/views/master/page.jsp 
2022-04-19 13:09:53.247 DEBUG [org.apache.jasper.servlet.JspServlet@http-nio-8080-exec-2] QueryString: null 
2022-04-19 13:09:55.606 DEBUG [acme.framework.configuration.ExtendedMessageSource@http-nio-8080-exec-2] Loading properties [/Users/miguel/Downloads/Doc Locales/Miguelito/Universidad/3º Curso/DP2/Workspace-22.3/Projects/Acme-Toolkits/target/classes/WEB-INF/views/administrator/user-account/messages-en.i18n] with encoding 'utf-8' 
2022-04-19 13:09:55.608 DEBUG [acme.framework.configuration.ExtendedMessageSource@http-nio-8080-exec-2] Loading properties [/Users/miguel/Downloads/Doc Locales/Miguelito/Universidad/3º Curso/DP2/Workspace-22.3/Projects/Acme-Toolkits/target/classes/WEB-INF/views/authenticated/consumer/messsages-en.i18n] with encoding 'utf-8' 
2022-04-19 13:09:55.608 DEBUG [acme.framework.configuration.ExtendedMessageSource@http-nio-8080-exec-2] Loading properties [/Users/miguel/Downloads/Doc Locales/Miguelito/Universidad/3º Curso/DP2/Workspace-22.3/Projects/Acme-Toolkits/target/classes/WEB-INF/views/authenticated/provider/messsages-en.i18n] with encoding 'utf-8' 
2022-04-19 13:09:55.609 DEBUG [acme.framework.configuration.ExtendedMessageSource@http-nio-8080-exec-2] Loading properties [/Users/miguel/Downloads/Doc Locales/Miguelito/Universidad/3º Curso/DP2/Workspace-22.3/Projects/Acme-Toolkits/target/classes/WEB-INF/views/fragments/banner-en.i18n] with encoding 'utf-8' 
2022-04-19 13:09:55.609 DEBUG [acme.framework.configuration.ExtendedMessageSource@http-nio-8080-exec-2] Loading properties [/Users/miguel/Downloads/Doc Locales/Miguelito/Universidad/3º Curso/DP2/Workspace-22.3/Projects/Acme-Toolkits/target/classes/WEB-INF/views/fragments/company-en.i18n] with encoding 'utf-8' 
2022-04-19 13:09:55.609 DEBUG [acme.framework.configuration.ExtendedMessageSource@http-nio-8080-exec-2] Loading properties [/Users/miguel/Downloads/Doc Locales/Miguelito/Universidad/3º Curso/DP2/Workspace-22.3/Projects/Acme-Toolkits/target/classes/WEB-INF/views/fragments/footer-en.i18n] with encoding 'utf-8' 
2022-04-19 13:09:55.610 DEBUG [acme.framework.configuration.ExtendedMessageSource@http-nio-8080-exec-2] Loading properties [/Users/miguel/Downloads/Doc Locales/Miguelito/Universidad/3º Curso/DP2/Workspace-22.3/Projects/Acme-Toolkits/target/classes/WEB-INF/views/fragments/license-en.i18n] with encoding 'utf-8' 
2022-04-19 13:09:55.611 DEBUG [acme.framework.configuration.ExtendedMessageSource@http-nio-8080-exec-2] Loading properties [/Users/miguel/Downloads/Doc Locales/Miguelito/Universidad/3º Curso/DP2/Workspace-22.3/Projects/Acme-Toolkits/target/classes/WEB-INF/views/fragments/menu-en.i18n] with encoding 'utf-8' 
2022-04-19 13:09:55.611 DEBUG [acme.framework.configuration.ExtendedMessageSource@http-nio-8080-exec-2] Loading properties [/Users/miguel/Downloads/Doc Locales/Miguelito/Universidad/3º Curso/DP2/Workspace-22.3/Projects/Acme-Toolkits/target/classes/WEB-INF/views/fragments/messsages-en.i18n] with encoding 'utf-8' 
2022-04-19 13:09:55.612 DEBUG [acme.framework.configuration.ExtendedMessageSource@http-nio-8080-exec-2] Loading properties [/Users/miguel/Downloads/Doc Locales/Miguelito/Universidad/3º Curso/DP2/Workspace-22.3/Projects/Acme-Toolkits/target/classes/WEB-INF/views/fragments/title-en.i18n] with encoding 'utf-8' 
2022-04-19 13:09:55.612 DEBUG [acme.framework.configuration.ExtendedMessageSource@http-nio-8080-exec-2] Loading properties [/Users/miguel/Downloads/Doc Locales/Miguelito/Universidad/3º Curso/DP2/Workspace-22.3/Projects/Acme-Toolkits/target/classes/WEB-INF/views/fragments/welcome-en.i18n] with encoding 'utf-8' 
2022-04-19 13:09:55.612 DEBUG [acme.framework.configuration.ExtendedMessageSource@http-nio-8080-exec-2] Loading properties [/Users/miguel/Downloads/Doc Locales/Miguelito/Universidad/3º Curso/DP2/Workspace-22.3/Projects/Acme-Toolkits/target/classes/WEB-INF/views/inventor/patronage/messages-en.i18n] with encoding 'utf-8' 
2022-04-19 13:09:55.613 DEBUG [acme.framework.configuration.ExtendedMessageSource@http-nio-8080-exec-2] Loading properties [/Users/miguel/Downloads/Doc Locales/Miguelito/Universidad/3º Curso/DP2/Workspace-22.3/Projects/Acme-Toolkits/target/classes/WEB-INF/views/master/defaults-en.i18n] with encoding 'utf-8' 
2022-04-19 13:09:55.614 DEBUG [acme.framework.configuration.ExtendedMessageSource@http-nio-8080-exec-2] Loading properties [/Users/miguel/Downloads/Doc Locales/Miguelito/Universidad/3º Curso/DP2/Workspace-22.3/Projects/Acme-Toolkits/target/classes/WEB-INF/views/master/master-en.i18n] with encoding 'utf-8' 
2022-04-19 13:09:55.614 DEBUG [acme.framework.configuration.ExtendedMessageSource@http-nio-8080-exec-2] Loading properties [/Users/miguel/Downloads/Doc Locales/Miguelito/Universidad/3º Curso/DP2/Workspace-22.3/Projects/Acme-Toolkits/target/classes/WEB-INF/views/master/throwables-en.i18n] with encoding 'utf-8' 
2022-04-19 13:09:55.614 DEBUG [acme.framework.configuration.ExtendedMessageSource@http-nio-8080-exec-2] Loading properties [/Users/miguel/Downloads/Doc Locales/Miguelito/Universidad/3º Curso/DP2/Workspace-22.3/Projects/Acme-Toolkits/target/classes/WEB-INF/views/master/validation-en.i18n] with encoding 'utf-8' 
2022-04-19 13:09:55.692 DEBUG [org.apache.jasper.servlet.JspServlet@http-nio-8080-exec-2] JspEngine --> /WEB-INF/views/fragments/welcome.jsp 
2022-04-19 13:09:55.692 DEBUG [org.apache.jasper.servlet.JspServlet@http-nio-8080-exec-2] ServletPath: /WEB-INF/views/master/page.jsp 
2022-04-19 13:09:55.693 DEBUG [org.apache.jasper.servlet.JspServlet@http-nio-8080-exec-2] PathInfo: null 
2022-04-19 13:09:55.693 DEBUG [org.apache.jasper.servlet.JspServlet@http-nio-8080-exec-2] RealPath: /Users/miguel/Downloads/Doc Locales/Miguelito/Universidad/3º Curso/DP2/Workspace-22.3/Projects/Acme-Toolkits/target/classes/WEB-INF/views/fragments/welcome.jsp 
2022-04-19 13:09:55.693 DEBUG [org.apache.jasper.servlet.JspServlet@http-nio-8080-exec-2] RequestURI: /acme-toolkits-22.3/WEB-INF/views/master/page.jsp 
2022-04-19 13:09:55.694 DEBUG [org.apache.jasper.servlet.JspServlet@http-nio-8080-exec-2] QueryString: null 
2022-04-19 13:09:55.838 DEBUG [org.hibernate.SQL@http-nio-8080-exec-2] select useraccoun0_.id as id1_0_, useraccoun0_.version as version2_0_, useraccoun0_.enabled as enabled1_15_, useraccoun0_.identity as identity2_15_, useraccoun0_.password as password3_15_, useraccoun0_.username as username4_15_ from user_account useraccoun0_ where useraccoun0_.username=? 
2022-04-19 13:09:55.855 TRACE [org.hibernate.type.descriptor.sql.BasicBinder@http-nio-8080-exec-2] binding parameter [1] as [VARCHAR] - [anonymous] 
2022-04-19 13:09:55.889 DEBUG [org.hibernate.SQL@http-nio-8080-exec-2] select roles0_.user_account_id as user_acc1_16_0_, roles0_.id as id1_16_0_, roles0_.id as id1_0_1_, roles0_.version as version2_0_1_, roles0_.user_account_id as user_acc1_16_1_, roles0_.company as company1_7_1_, roles0_.more_info as more_inf2_7_1_, roles0_.statement as statemen3_7_1_, roles0_.company as company1_10_1_, roles0_.more_info as more_inf2_10_1_, roles0_.statement as statemen3_10_1_, roles0_.clazz_ as clazz_1_ from ( select id, version, user_account_id, company, more_info, statement, 10 as clazz_ from inventor union all select id, version, user_account_id, company, more_info, statement, 11 as clazz_ from patron union all select id, version, user_account_id, null as company, null as more_info, null as statement, 13 as clazz_ from administrator union all select id, version, user_account_id, null as company, null as more_info, null as statement, 14 as clazz_ from anonymous union all select id, version, user_account_id, null as company, null as more_info, null as statement, 15 as clazz_ from any union all select id, version, user_account_id, null as company, null as more_info, null as statement, 16 as clazz_ from authenticated ) roles0_ where roles0_.user_account_id=? 
2022-04-19 13:09:55.890 TRACE [org.hibernate.type.descriptor.sql.BasicBinder@http-nio-8080-exec-2] binding parameter [1] as [INTEGER] - [42] 
2022-04-19 13:09:57.157 DEBUG [acme.framework.components.tiles.DynamicTilesView@http-nio-8080-exec-9] View name 'master/sign-in', model {username=, password=, remember=false} 
2022-04-19 13:09:57.158 DEBUG [org.apache.jasper.servlet.JspServlet@http-nio-8080-exec-9] JspEngine --> /WEB-INF/views/master/page.jsp 
2022-04-19 13:09:57.159 DEBUG [org.apache.jasper.servlet.JspServlet@http-nio-8080-exec-9] ServletPath: /WEB-INF/views/master/page.jsp 
2022-04-19 13:09:57.159 DEBUG [org.apache.jasper.servlet.JspServlet@http-nio-8080-exec-9] PathInfo: null 
2022-04-19 13:09:57.159 DEBUG [org.apache.jasper.servlet.JspServlet@http-nio-8080-exec-9] RealPath: /Users/miguel/Downloads/Doc Locales/Miguelito/Universidad/3º Curso/DP2/Workspace-22.3/Projects/Acme-Toolkits/target/classes/WEB-INF/views/master/page.jsp 
2022-04-19 13:09:57.160 DEBUG [org.apache.jasper.servlet.JspServlet@http-nio-8080-exec-9] RequestURI: /acme-toolkits-22.3/WEB-INF/views/master/page.jsp 
2022-04-19 13:09:57.160 DEBUG [org.apache.jasper.servlet.JspServlet@http-nio-8080-exec-9] QueryString: null 
2022-04-19 13:09:57.216 DEBUG [org.apache.jasper.servlet.JspServlet@http-nio-8080-exec-9] JspEngine --> /WEB-INF/views/master/sign-in.jsp 
2022-04-19 13:09:57.217 DEBUG [org.apache.jasper.servlet.JspServlet@http-nio-8080-exec-9] ServletPath: /WEB-INF/views/master/page.jsp 
2022-04-19 13:09:57.217 DEBUG [org.apache.jasper.servlet.JspServlet@http-nio-8080-exec-9] PathInfo: null 
2022-04-19 13:09:57.217 DEBUG [org.apache.jasper.servlet.JspServlet@http-nio-8080-exec-9] RealPath: /Users/miguel/Downloads/Doc Locales/Miguelito/Universidad/3º Curso/DP2/Workspace-22.3/Projects/Acme-Toolkits/target/classes/WEB-INF/views/master/sign-in.jsp 
2022-04-19 13:09:57.218 DEBUG [org.apache.jasper.servlet.JspServlet@http-nio-8080-exec-9] RequestURI: /acme-toolkits-22.3/WEB-INF/views/master/page.jsp 
2022-04-19 13:09:57.218 DEBUG [org.apache.jasper.servlet.JspServlet@http-nio-8080-exec-9] QueryString: null 
2022-04-19 13:09:58.117 DEBUG [org.hibernate.SQL@http-nio-8080-exec-9] select useraccoun0_.id as id1_0_, useraccoun0_.version as version2_0_, useraccoun0_.enabled as enabled1_15_, useraccoun0_.identity as identity2_15_, useraccoun0_.password as password3_15_, useraccoun0_.username as username4_15_ from user_account useraccoun0_ where useraccoun0_.username=? 
2022-04-19 13:09:58.118 TRACE [org.hibernate.type.descriptor.sql.BasicBinder@http-nio-8080-exec-9] binding parameter [1] as [VARCHAR] - [anonymous] 
2022-04-19 13:09:58.119 DEBUG [org.hibernate.SQL@http-nio-8080-exec-9] select roles0_.user_account_id as user_acc1_16_0_, roles0_.id as id1_16_0_, roles0_.id as id1_0_1_, roles0_.version as version2_0_1_, roles0_.user_account_id as user_acc1_16_1_, roles0_.company as company1_7_1_, roles0_.more_info as more_inf2_7_1_, roles0_.statement as statemen3_7_1_, roles0_.company as company1_10_1_, roles0_.more_info as more_inf2_10_1_, roles0_.statement as statemen3_10_1_, roles0_.clazz_ as clazz_1_ from ( select id, version, user_account_id, company, more_info, statement, 10 as clazz_ from inventor union all select id, version, user_account_id, company, more_info, statement, 11 as clazz_ from patron union all select id, version, user_account_id, null as company, null as more_info, null as statement, 13 as clazz_ from administrator union all select id, version, user_account_id, null as company, null as more_info, null as statement, 14 as clazz_ from anonymous union all select id, version, user_account_id, null as company, null as more_info, null as statement, 15 as clazz_ from any union all select id, version, user_account_id, null as company, null as more_info, null as statement, 16 as clazz_ from authenticated ) roles0_ where roles0_.user_account_id=? 
2022-04-19 13:09:58.120 TRACE [org.hibernate.type.descriptor.sql.BasicBinder@http-nio-8080-exec-9] binding parameter [1] as [INTEGER] - [42] 
2022-04-19 13:10:06.404 DEBUG [org.hibernate.SQL@http-nio-8080-exec-5] select useraccoun0_.id as id1_0_, useraccoun0_.version as version2_0_, useraccoun0_.enabled as enabled1_15_, useraccoun0_.identity as identity2_15_, useraccoun0_.password as password3_15_, useraccoun0_.username as username4_15_ from user_account useraccoun0_ where useraccoun0_.username=? 
2022-04-19 13:10:06.405 TRACE [org.hibernate.type.descriptor.sql.BasicBinder@http-nio-8080-exec-5] binding parameter [1] as [VARCHAR] - [inventor1] 
2022-04-19 13:10:06.407 DEBUG [org.hibernate.SQL@http-nio-8080-exec-5] select roles0_.user_account_id as user_acc1_16_0_, roles0_.id as id1_16_0_, roles0_.id as id1_0_1_, roles0_.version as version2_0_1_, roles0_.user_account_id as user_acc1_16_1_, roles0_.company as company1_7_1_, roles0_.more_info as more_inf2_7_1_, roles0_.statement as statemen3_7_1_, roles0_.company as company1_10_1_, roles0_.more_info as more_inf2_10_1_, roles0_.statement as statemen3_10_1_, roles0_.clazz_ as clazz_1_ from ( select id, version, user_account_id, company, more_info, statement, 10 as clazz_ from inventor union all select id, version, user_account_id, company, more_info, statement, 11 as clazz_ from patron union all select id, version, user_account_id, null as company, null as more_info, null as statement, 13 as clazz_ from administrator union all select id, version, user_account_id, null as company, null as more_info, null as statement, 14 as clazz_ from anonymous union all select id, version, user_account_id, null as company, null as more_info, null as statement, 15 as clazz_ from any union all select id, version, user_account_id, null as company, null as more_info, null as statement, 16 as clazz_ from authenticated ) roles0_ where roles0_.user_account_id=? 
2022-04-19 13:10:06.408 TRACE [org.hibernate.type.descriptor.sql.BasicBinder@http-nio-8080-exec-5] binding parameter [1] as [INTEGER] - [57] 
2022-04-19 13:10:06.430 DEBUG [acme.framework.components.tiles.DynamicTilesView@http-nio-8080-exec-7] View name 'fragments/welcome', model {} 
2022-04-19 13:10:06.431 DEBUG [org.apache.jasper.servlet.JspServlet@http-nio-8080-exec-7] JspEngine --> /WEB-INF/views/master/page.jsp 
2022-04-19 13:10:06.432 DEBUG [org.apache.jasper.servlet.JspServlet@http-nio-8080-exec-7] ServletPath: /WEB-INF/views/master/page.jsp 
2022-04-19 13:10:06.432 DEBUG [org.apache.jasper.servlet.JspServlet@http-nio-8080-exec-7] PathInfo: null 
2022-04-19 13:10:06.432 DEBUG [org.apache.jasper.servlet.JspServlet@http-nio-8080-exec-7] RealPath: /Users/miguel/Downloads/Doc Locales/Miguelito/Universidad/3º Curso/DP2/Workspace-22.3/Projects/Acme-Toolkits/target/classes/WEB-INF/views/master/page.jsp 
2022-04-19 13:10:06.433 DEBUG [org.apache.jasper.servlet.JspServlet@http-nio-8080-exec-7] RequestURI: /acme-toolkits-22.3/WEB-INF/views/master/page.jsp 
2022-04-19 13:10:06.433 DEBUG [org.apache.jasper.servlet.JspServlet@http-nio-8080-exec-7] QueryString: null 
2022-04-19 13:10:06.482 DEBUG [org.apache.jasper.servlet.JspServlet@http-nio-8080-exec-7] JspEngine --> /WEB-INF/views/fragments/welcome.jsp 
2022-04-19 13:10:06.482 DEBUG [org.apache.jasper.servlet.JspServlet@http-nio-8080-exec-7] ServletPath: /WEB-INF/views/master/page.jsp 
2022-04-19 13:10:06.483 DEBUG [org.apache.jasper.servlet.JspServlet@http-nio-8080-exec-7] PathInfo: null 
2022-04-19 13:10:06.483 DEBUG [org.apache.jasper.servlet.JspServlet@http-nio-8080-exec-7] RealPath: /Users/miguel/Downloads/Doc Locales/Miguelito/Universidad/3º Curso/DP2/Workspace-22.3/Projects/Acme-Toolkits/target/classes/WEB-INF/views/fragments/welcome.jsp 
2022-04-19 13:10:06.483 DEBUG [org.apache.jasper.servlet.JspServlet@http-nio-8080-exec-7] RequestURI: /acme-toolkits-22.3/WEB-INF/views/master/page.jsp 
2022-04-19 13:10:06.484 DEBUG [org.apache.jasper.servlet.JspServlet@http-nio-8080-exec-7] QueryString: null 
2022-04-19 13:10:10.886 DEBUG [acme.framework.controllers.AbstractController@http-nio-8080-exec-7] DISPATCHING GET /acme-toolkits-22.3/inventor/patronage/list 
2022-04-19 13:10:10.887 DEBUG [acme.framework.controllers.AbstractController@http-nio-8080-exec-7] Command: list 
2022-04-19 13:10:10.887 DEBUG [acme.framework.controllers.AbstractController@http-nio-8080-exec-7] Model:   {} 
2022-04-19 13:10:10.887 DEBUG [acme.framework.controllers.AbstractController@http-nio-8080-exec-7] Locale:  en 
2022-04-19 13:10:10.916 DEBUG [org.hibernate.SQL@http-nio-8080-exec-7] select patronage0_.id as id1_0_, patronage0_.version as version2_0_, patronage0_.budget_amount as budget_a1_11_, patronage0_.budget_currency as budget_c2_11_, patronage0_.code as code3_11_, patronage0_.creation_moment as creation4_11_, patronage0_.end_date as end_date5_11_, patronage0_.inventor_id as invento11_11_, patronage0_.legal_stuff as legal_st6_11_, patronage0_.more_info as more_inf7_11_, patronage0_.patron_id as patron_12_11_, patronage0_.period as period8_11_, patronage0_.start_date as start_da9_11_, patronage0_.status as status10_11_ from patronage patronage0_ where patronage0_.inventor_id=? 
2022-04-19 13:10:10.916 TRACE [org.hibernate.type.descriptor.sql.BasicBinder@http-nio-8080-exec-7] binding parameter [1] as [INTEGER] - [64] 
2022-04-19 13:10:10.928 DEBUG [org.hibernate.SQL@http-nio-8080-exec-7] select inventor0_.id as id1_0_0_, inventor0_.version as version2_0_0_, inventor0_.user_account_id as user_acc1_16_0_, inventor0_.company as company1_7_0_, inventor0_.more_info as more_inf2_7_0_, inventor0_.statement as statemen3_7_0_, useraccoun1_.id as id1_0_1_, useraccoun1_.version as version2_0_1_, useraccoun1_.enabled as enabled1_15_1_, useraccoun1_.identity as identity2_15_1_, useraccoun1_.password as password3_15_1_, useraccoun1_.username as username4_15_1_ from inventor inventor0_ inner join user_account useraccoun1_ on inventor0_.user_account_id=useraccoun1_.id where inventor0_.id=? 
2022-04-19 13:10:10.928 TRACE [org.hibernate.type.descriptor.sql.BasicBinder@http-nio-8080-exec-7] binding parameter [1] as [INTEGER] - [64] 
2022-04-19 13:10:10.934 DEBUG [org.hibernate.SQL@http-nio-8080-exec-7] select patron0_.id as id1_0_0_, patron0_.version as version2_0_0_, patron0_.user_account_id as user_acc1_16_0_, patron0_.company as company1_10_0_, patron0_.more_info as more_inf2_10_0_, patron0_.statement as statemen3_10_0_, useraccoun1_.id as id1_0_1_, useraccoun1_.version as version2_0_1_, useraccoun1_.enabled as enabled1_15_1_, useraccoun1_.identity as identity2_15_1_, useraccoun1_.password as password3_15_1_, useraccoun1_.username as username4_15_1_ from patron patron0_ inner join user_account useraccoun1_ on patron0_.user_account_id=useraccoun1_.id where patron0_.id=? 
2022-04-19 13:10:10.935 TRACE [org.hibernate.type.descriptor.sql.BasicBinder@http-nio-8080-exec-7] binding parameter [1] as [INTEGER] - [69] 
2022-04-19 13:10:10.938 DEBUG [org.hibernate.SQL@http-nio-8080-exec-7] select patron0_.id as id1_0_0_, patron0_.version as version2_0_0_, patron0_.user_account_id as user_acc1_16_0_, patron0_.company as company1_10_0_, patron0_.more_info as more_inf2_10_0_, patron0_.statement as statemen3_10_0_, useraccoun1_.id as id1_0_1_, useraccoun1_.version as version2_0_1_, useraccoun1_.enabled as enabled1_15_1_, useraccoun1_.identity as identity2_15_1_, useraccoun1_.password as password3_15_1_, useraccoun1_.username as username4_15_1_ from patron patron0_ inner join user_account useraccoun1_ on patron0_.user_account_id=useraccoun1_.id where patron0_.id=? 
2022-04-19 13:10:10.939 TRACE [org.hibernate.type.descriptor.sql.BasicBinder@http-nio-8080-exec-7] binding parameter [1] as [INTEGER] - [68] 
2022-04-19 13:10:10.968 DEBUG [acme.framework.controllers.AbstractController@http-nio-8080-exec-7] SERVING GET /acme-toolkits-22.3/inventor/patronage/list 
2022-04-19 13:10:10.970 DEBUG [acme.framework.controllers.AbstractController@http-nio-8080-exec-7] Result: ModelAndView [view="inventor/patronage/list"; model={period[3]=null, version[5]=0, version[1]=0, endDate[1]=2030-03-01 00:00:00.0, status[4]=ACCEPTED, endDate[5]=2030-03-01 00:00:00.0, status[0]=ACCEPTED, list$size=6, legalStuff[1]=Thssssssssssssssssssssssssssssssssssssssssssssssssssssssssssssssssssssssssssssssssssssssssssssssssssssssssssssssssssssssssssssssssssssssssssssssssssssssssssssssssssssssssssssssssssssssssssssssssssssssssssssssssssssssssssssssssssssssssssssssssssssssssssss, budget[1]=<<EUR 1000.00>>, code[4]=ABC-123-B, legalStuff[5]=T, patron[2]=UserRole(userAccount=UserAccount(username=patron2)), creationMoment[3]=2000-01-01 00:00:00.0, moreInfo[3]=null, startDate[4]=2020-02-01 00:00:00.0, code[0]=ABC-123-D, id[1]=73, startDate[0]=2020-02-01 00:00:00.0, id[5]=77, period[0]=null, version[2]=0, period[4]=null, status[5]=DENIED, endDate[2]=2030-03-01 00:00:00.0, status[1]=DENIED, startDate[5]=2020-02-01 00:00:00.0, budget[2]=<<EUR 1000.00>>, patron[1]=UserRole(userAccount=UserAccount(username=patron2)), startDate[1]=2020-02-01 00:00:00.0, creationMoment[4]=1920-01-01 00:00:00.0, moreInfo[2]=http://example.com/, legalStuff[2]=Thsssssssssssssssssssssssssssssssssssssssssssssssssssssssssssssssssssssssssssssssssssssssssssssssssssssssssssssssssssssssssssssssssssssssssssssssssssssssssssssssssssssssssssssssssssssssssssssssssssssssssssssssssssssssssssssssssssssssssssssssssssssssssss, patron[5]=UserRole(userAccount=UserAccount(username=patron2)), creationMoment[0]=1920-01-01 00:00:00.0, id[0]=72, code[3]=ABC-123-A, id[4]=76, period[1]=null, version[3]=0, period[5]=null, endDate[3]=2000-03-01 00:00:00.0, budget[4]=<<EUR 1000.00>>, status[2]=ACCEPTED, moreInfo[1]=http://example.com/, budget[3]=<<EUR 1000.00>>, creationMoment[5]=1920-01-01 00:00:00.0, startDate[2]=2020-02-01 00:00:00.0, moreInfo[5]=http://example.com/, legalStuff[3]=This is legal stuff, patron[0]=UserRole(userAccount=UserAccount(username=patron2)), creationMoment[1]=1920-01-01 00:00:00.0, code[2]=ABC-123-F, patron[4]=UserRole(userAccount=UserAccount(username=patron2)), id[3]=75, period[2]=null, version[4]=0, status[3]=PROPOSED, endDate[0]=2030-03-01 00:00:00.0, endDate[4]=2030-03-01 00:00:00.0, budget[5]=<<EUR 1000.00>>, moreInfo[0]=http://example.com/, budget[0]=<<EUR 1000.00>>, legalStuff[0]=Th, moreInfo[4]=http://example.com/, legalStuff[4]=This is legal stuff, code[5]=ABC-123-C, startDate[3]=2000-02-01 00:00:00.0, creationMoment[2]=1920-01-01 00:00:00.0, version[0]=0, code[1]=ABC-123-E, patron[3]=UserRole(userAccount=UserAccount(username=patron1)), id[2]=74, command=list, principal=acme.framework.entities.Principal@22d6daf3}] 
2022-04-19 13:10:10.974 DEBUG [acme.framework.components.tiles.DynamicTilesView@http-nio-8080-exec-7] View name 'inventor/patronage/list', model {period[3]=null, version[5]=0, version[1]=0, endDate[1]=2030-03-01 00:00:00.0, status[4]=ACCEPTED, endDate[5]=2030-03-01 00:00:00.0, status[0]=ACCEPTED, list$size=6, legalStuff[1]=Thssssssssssssssssssssssssssssssssssssssssssssssssssssssssssssssssssssssssssssssssssssssssssssssssssssssssssssssssssssssssssssssssssssssssssssssssssssssssssssssssssssssssssssssssssssssssssssssssssssssssssssssssssssssssssssssssssssssssssssssssssssssssssss, budget[1]=<<EUR 1000.00>>, code[4]=ABC-123-B, legalStuff[5]=T, patron[2]=UserRole(userAccount=UserAccount(username=patron2)), creationMoment[3]=2000-01-01 00:00:00.0, moreInfo[3]=null, startDate[4]=2020-02-01 00:00:00.0, code[0]=ABC-123-D, id[1]=73, startDate[0]=2020-02-01 00:00:00.0, id[5]=77, period[0]=null, version[2]=0, period[4]=null, status[5]=DENIED, endDate[2]=2030-03-01 00:00:00.0, status[1]=DENIED, startDate[5]=2020-02-01 00:00:00.0, budget[2]=<<EUR 1000.00>>, patron[1]=UserRole(userAccount=UserAccount(username=patron2)), startDate[1]=2020-02-01 00:00:00.0, creationMoment[4]=1920-01-01 00:00:00.0, moreInfo[2]=http://example.com/, legalStuff[2]=Thsssssssssssssssssssssssssssssssssssssssssssssssssssssssssssssssssssssssssssssssssssssssssssssssssssssssssssssssssssssssssssssssssssssssssssssssssssssssssssssssssssssssssssssssssssssssssssssssssssssssssssssssssssssssssssssssssssssssssssssssssssssssssss, patron[5]=UserRole(userAccount=UserAccount(username=patron2)), creationMoment[0]=1920-01-01 00:00:00.0, id[0]=72, code[3]=ABC-123-A, id[4]=76, period[1]=null, version[3]=0, period[5]=null, endDate[3]=2000-03-01 00:00:00.0, budget[4]=<<EUR 1000.00>>, status[2]=ACCEPTED, moreInfo[1]=http://example.com/, budget[3]=<<EUR 1000.00>>, creationMoment[5]=1920-01-01 00:00:00.0, startDate[2]=2020-02-01 00:00:00.0, moreInfo[5]=http://example.com/, legalStuff[3]=This is legal stuff, patron[0]=UserRole(userAccount=UserAccount(username=patron2)), creationMoment[1]=1920-01-01 00:00:00.0, code[2]=ABC-123-F, patron[4]=UserRole(userAccount=UserAccount(username=patron2)), id[3]=75, period[2]=null, version[4]=0, status[3]=PROPOSED, endDate[0]=2030-03-01 00:00:00.0, endDate[4]=2030-03-01 00:00:00.0, budget[5]=<<EUR 1000.00>>, moreInfo[0]=http://example.com/, budget[0]=<<EUR 1000.00>>, legalStuff[0]=Th, moreInfo[4]=http://example.com/, legalStuff[4]=This is legal stuff, code[5]=ABC-123-C, startDate[3]=2000-02-01 00:00:00.0, creationMoment[2]=1920-01-01 00:00:00.0, version[0]=0, code[1]=ABC-123-E, patron[3]=UserRole(userAccount=UserAccount(username=patron1)), id[2]=74, command=list, principal=acme.framework.entities.Principal@22d6daf3, org.springframework.validation.BindingResult.budget[1]=org.springframework.validation.BeanPropertyBindingResult: 0 errors, org.springframework.validation.BindingResult.patron[2]=org.springframework.validation.BeanPropertyBindingResult: 0 errors, org.springframework.validation.BindingResult.budget[2]=org.springframework.validation.BeanPropertyBindingResult: 0 errors, org.springframework.validation.BindingResult.patron[1]=org.springframework.validation.BeanPropertyBindingResult: 0 errors, org.springframework.validation.BindingResult.patron[5]=org.springframework.validation.BeanPropertyBindingResult: 0 errors, org.springframework.validation.BindingResult.budget[4]=org.springframework.validation.BeanPropertyBindingResult: 0 errors, org.springframework.validation.BindingResult.budget[3]=org.springframework.validation.BeanPropertyBindingResult: 0 errors, org.springframework.validation.BindingResult.patron[0]=org.springframework.validation.BeanPropertyBindingResult: 0 errors, org.springframework.validation.BindingResult.patron[4]=org.springframework.validation.BeanPropertyBindingResult: 0 errors, org.springframework.validation.BindingResult.budget[5]=org.springframework.validation.BeanPropertyBindingResult: 0 errors, org.springframework.validation.BindingResult.budget[0]=org.springframework.validation.BeanPropertyBindingResult: 0 errors, org.springframework.validation.BindingResult.patron[3]=org.springframework.validation.BeanPropertyBindingResult: 0 errors, org.springframework.validation.BindingResult.principal=org.springframework.validation.BeanPropertyBindingResult: 0 errors} 
2022-04-19 13:10:10.976 DEBUG [org.apache.jasper.servlet.JspServlet@http-nio-8080-exec-7] JspEngine --> /WEB-INF/views/master/page.jsp 
2022-04-19 13:10:10.976 DEBUG [org.apache.jasper.servlet.JspServlet@http-nio-8080-exec-7] ServletPath: /WEB-INF/views/master/page.jsp 
2022-04-19 13:10:10.976 DEBUG [org.apache.jasper.servlet.JspServlet@http-nio-8080-exec-7] PathInfo: null 
2022-04-19 13:10:10.977 DEBUG [org.apache.jasper.servlet.JspServlet@http-nio-8080-exec-7] RealPath: /Users/miguel/Downloads/Doc Locales/Miguelito/Universidad/3º Curso/DP2/Workspace-22.3/Projects/Acme-Toolkits/target/classes/WEB-INF/views/master/page.jsp 
2022-04-19 13:10:10.977 DEBUG [org.apache.jasper.servlet.JspServlet@http-nio-8080-exec-7] RequestURI: /acme-toolkits-22.3/WEB-INF/views/master/page.jsp 
2022-04-19 13:10:10.977 DEBUG [org.apache.jasper.servlet.JspServlet@http-nio-8080-exec-7] QueryString: null 
2022-04-19 13:10:11.013 DEBUG [org.apache.jasper.servlet.JspServlet@http-nio-8080-exec-7] JspEngine --> /WEB-INF/views/inventor/patronage/list.jsp 
2022-04-19 13:10:11.013 DEBUG [org.apache.jasper.servlet.JspServlet@http-nio-8080-exec-7] ServletPath: /WEB-INF/views/master/page.jsp 
2022-04-19 13:10:11.014 DEBUG [org.apache.jasper.servlet.JspServlet@http-nio-8080-exec-7] PathInfo: null 
2022-04-19 13:10:11.014 DEBUG [org.apache.jasper.servlet.JspServlet@http-nio-8080-exec-7] RealPath: /Users/miguel/Downloads/Doc Locales/Miguelito/Universidad/3º Curso/DP2/Workspace-22.3/Projects/Acme-Toolkits/target/classes/WEB-INF/views/inventor/patronage/list.jsp 
2022-04-19 13:10:11.015 DEBUG [org.apache.jasper.servlet.JspServlet@http-nio-8080-exec-7] RequestURI: /acme-toolkits-22.3/WEB-INF/views/master/page.jsp 
2022-04-19 13:10:11.015 DEBUG [org.apache.jasper.servlet.JspServlet@http-nio-8080-exec-7] QueryString: null 
2022-04-19 13:10:13.798 DEBUG [acme.framework.controllers.AbstractController@http-nio-8080-exec-7] DISPATCHING GET /acme-toolkits-22.3/inventor/patronage/show 
2022-04-19 13:10:13.798 DEBUG [acme.framework.controllers.AbstractController@http-nio-8080-exec-7] Command: show 
2022-04-19 13:10:13.799 DEBUG [acme.framework.controllers.AbstractController@http-nio-8080-exec-7] Model:   {id=72} 
2022-04-19 13:10:13.799 DEBUG [acme.framework.controllers.AbstractController@http-nio-8080-exec-7] Locale:  en 
2022-04-19 13:10:13.805 DEBUG [org.hibernate.SQL@http-nio-8080-exec-7] select patronage0_.id as id1_0_, patronage0_.version as version2_0_, patronage0_.budget_amount as budget_a1_11_, patronage0_.budget_currency as budget_c2_11_, patronage0_.code as code3_11_, patronage0_.creation_moment as creation4_11_, patronage0_.end_date as end_date5_11_, patronage0_.inventor_id as invento11_11_, patronage0_.legal_stuff as legal_st6_11_, patronage0_.more_info as more_inf7_11_, patronage0_.patron_id as patron_12_11_, patronage0_.period as period8_11_, patronage0_.start_date as start_da9_11_, patronage0_.status as status10_11_ from patronage patronage0_ where patronage0_.id=? 
2022-04-19 13:10:13.806 TRACE [org.hibernate.type.descriptor.sql.BasicBinder@http-nio-8080-exec-7] binding parameter [1] as [INTEGER] - [72] 
2022-04-19 13:10:13.807 DEBUG [org.hibernate.SQL@http-nio-8080-exec-7] select inventor0_.id as id1_0_0_, inventor0_.version as version2_0_0_, inventor0_.user_account_id as user_acc1_16_0_, inventor0_.company as company1_7_0_, inventor0_.more_info as more_inf2_7_0_, inventor0_.statement as statemen3_7_0_, useraccoun1_.id as id1_0_1_, useraccoun1_.version as version2_0_1_, useraccoun1_.enabled as enabled1_15_1_, useraccoun1_.identity as identity2_15_1_, useraccoun1_.password as password3_15_1_, useraccoun1_.username as username4_15_1_ from inventor inventor0_ inner join user_account useraccoun1_ on inventor0_.user_account_id=useraccoun1_.id where inventor0_.id=? 
2022-04-19 13:10:13.807 TRACE [org.hibernate.type.descriptor.sql.BasicBinder@http-nio-8080-exec-7] binding parameter [1] as [INTEGER] - [64] 
2022-04-19 13:10:13.809 DEBUG [org.hibernate.SQL@http-nio-8080-exec-7] select patron0_.id as id1_0_0_, patron0_.version as version2_0_0_, patron0_.user_account_id as user_acc1_16_0_, patron0_.company as company1_10_0_, patron0_.more_info as more_inf2_10_0_, patron0_.statement as statemen3_10_0_, useraccoun1_.id as id1_0_1_, useraccoun1_.version as version2_0_1_, useraccoun1_.enabled as enabled1_15_1_, useraccoun1_.identity as identity2_15_1_, useraccoun1_.password as password3_15_1_, useraccoun1_.username as username4_15_1_ from patron patron0_ inner join user_account useraccoun1_ on patron0_.user_account_id=useraccoun1_.id where patron0_.id=? 
2022-04-19 13:10:13.810 TRACE [org.hibernate.type.descriptor.sql.BasicBinder@http-nio-8080-exec-7] binding parameter [1] as [INTEGER] - [69] 
2022-04-19 13:10:13.827 DEBUG [acme.framework.controllers.AbstractController@http-nio-8080-exec-7] SERVING GET /acme-toolkits-22.3/inventor/patronage/show 
2022-04-19 13:10:13.827 DEBUG [acme.framework.controllers.AbstractController@http-nio-8080-exec-7] Result: ModelAndView [view="inventor/patronage/form"; model={period=null, code=ABC-123-D, endDate=2030-03-01 00:00:00.0, creationMoment=1920-01-01 00:00:00.0, patron.userAccount.identity.email=patron2@acme.com, patron.userAccount.identity.name=Patron2, moreInfo=http://example.com/, patron.userAccount.identity.surname=Acme, version=0, patron.statement=I am the patron number 2, patron.userAccount.username=patron2, patron.moreInfo=http://example.com/, id=72, patron.company=Acme-Toolkits, startDate=2020-02-01 00:00:00.0, status=ACCEPTED, legalStuff=Th, budget=<<EUR 1000.00>>, command=show, principal=acme.framework.entities.Principal@22d6daf3}] 
2022-04-19 13:10:13.828 DEBUG [acme.framework.components.tiles.DynamicTilesView@http-nio-8080-exec-7] View name 'inventor/patronage/form', model {period=null, code=ABC-123-D, endDate=2030-03-01 00:00:00.0, creationMoment=1920-01-01 00:00:00.0, patron.userAccount.identity.email=patron2@acme.com, patron.userAccount.identity.name=Patron2, moreInfo=http://example.com/, patron.userAccount.identity.surname=Acme, version=0, patron.statement=I am the patron number 2, patron.userAccount.username=patron2, patron.moreInfo=http://example.com/, id=72, patron.company=Acme-Toolkits, startDate=2020-02-01 00:00:00.0, status=ACCEPTED, legalStuff=Th, budget=<<EUR 1000.00>>, command=show, principal=acme.framework.entities.Principal@22d6daf3, org.springframework.validation.BindingResult.budget=org.springframework.validation.BeanPropertyBindingResult: 0 errors, org.springframework.validation.BindingResult.principal=org.springframework.validation.BeanPropertyBindingResult: 0 errors} 
2022-04-19 13:10:13.829 DEBUG [org.apache.jasper.servlet.JspServlet@http-nio-8080-exec-7] JspEngine --> /WEB-INF/views/master/page.jsp 
2022-04-19 13:10:13.830 DEBUG [org.apache.jasper.servlet.JspServlet@http-nio-8080-exec-7] ServletPath: /WEB-INF/views/master/page.jsp 
2022-04-19 13:10:13.830 DEBUG [org.apache.jasper.servlet.JspServlet@http-nio-8080-exec-7] PathInfo: null 
2022-04-19 13:10:13.831 DEBUG [org.apache.jasper.servlet.JspServlet@http-nio-8080-exec-7] RealPath: /Users/miguel/Downloads/Doc Locales/Miguelito/Universidad/3º Curso/DP2/Workspace-22.3/Projects/Acme-Toolkits/target/classes/WEB-INF/views/master/page.jsp 
2022-04-19 13:10:13.831 DEBUG [org.apache.jasper.servlet.JspServlet@http-nio-8080-exec-7] RequestURI: /acme-toolkits-22.3/WEB-INF/views/master/page.jsp 
2022-04-19 13:10:13.831 DEBUG [org.apache.jasper.servlet.JspServlet@http-nio-8080-exec-7] QueryString: id=72 
2022-04-19 13:10:13.876 DEBUG [org.apache.jasper.servlet.JspServlet@http-nio-8080-exec-7] JspEngine --> /WEB-INF/views/inventor/patronage/form.jsp 
2022-04-19 13:10:13.876 DEBUG [org.apache.jasper.servlet.JspServlet@http-nio-8080-exec-7] ServletPath: /WEB-INF/views/master/page.jsp 
2022-04-19 13:10:13.876 DEBUG [org.apache.jasper.servlet.JspServlet@http-nio-8080-exec-7] PathInfo: null 
2022-04-19 13:10:13.877 DEBUG [org.apache.jasper.servlet.JspServlet@http-nio-8080-exec-7] RealPath: /Users/miguel/Downloads/Doc Locales/Miguelito/Universidad/3º Curso/DP2/Workspace-22.3/Projects/Acme-Toolkits/target/classes/WEB-INF/views/inventor/patronage/form.jsp 
2022-04-19 13:10:13.877 DEBUG [org.apache.jasper.servlet.JspServlet@http-nio-8080-exec-7] RequestURI: /acme-toolkits-22.3/WEB-INF/views/master/page.jsp 
2022-04-19 13:10:13.877 DEBUG [org.apache.jasper.servlet.JspServlet@http-nio-8080-exec-7] QueryString: id=72 
2022-04-19 13:10:40.638 DEBUG [acme.framework.controllers.AbstractController@http-nio-8080-exec-5] DISPATCHING GET /acme-toolkits-22.3/inventor/patronage/show 
2022-04-19 13:10:40.639 DEBUG [acme.framework.controllers.AbstractController@http-nio-8080-exec-5] Command: show 
2022-04-19 13:10:40.639 DEBUG [acme.framework.controllers.AbstractController@http-nio-8080-exec-5] Model:   {id=72} 
2022-04-19 13:10:40.639 DEBUG [acme.framework.controllers.AbstractController@http-nio-8080-exec-5] Locale:  en 
2022-04-19 13:10:40.641 DEBUG [org.hibernate.SQL@http-nio-8080-exec-5] select patronage0_.id as id1_0_, patronage0_.version as version2_0_, patronage0_.budget_amount as budget_a1_11_, patronage0_.budget_currency as budget_c2_11_, patronage0_.code as code3_11_, patronage0_.creation_moment as creation4_11_, patronage0_.end_date as end_date5_11_, patronage0_.inventor_id as invento11_11_, patronage0_.legal_stuff as legal_st6_11_, patronage0_.more_info as more_inf7_11_, patronage0_.patron_id as patron_12_11_, patronage0_.period as period8_11_, patronage0_.start_date as start_da9_11_, patronage0_.status as status10_11_ from patronage patronage0_ where patronage0_.id=? 
2022-04-19 13:10:40.641 TRACE [org.hibernate.type.descriptor.sql.BasicBinder@http-nio-8080-exec-5] binding parameter [1] as [INTEGER] - [72] 
2022-04-19 13:10:40.642 DEBUG [org.hibernate.SQL@http-nio-8080-exec-5] select inventor0_.id as id1_0_0_, inventor0_.version as version2_0_0_, inventor0_.user_account_id as user_acc1_16_0_, inventor0_.company as company1_7_0_, inventor0_.more_info as more_inf2_7_0_, inventor0_.statement as statemen3_7_0_, useraccoun1_.id as id1_0_1_, useraccoun1_.version as version2_0_1_, useraccoun1_.enabled as enabled1_15_1_, useraccoun1_.identity as identity2_15_1_, useraccoun1_.password as password3_15_1_, useraccoun1_.username as username4_15_1_ from inventor inventor0_ inner join user_account useraccoun1_ on inventor0_.user_account_id=useraccoun1_.id where inventor0_.id=? 
2022-04-19 13:10:40.643 TRACE [org.hibernate.type.descriptor.sql.BasicBinder@http-nio-8080-exec-5] binding parameter [1] as [INTEGER] - [64] 
2022-04-19 13:10:40.645 DEBUG [org.hibernate.SQL@http-nio-8080-exec-5] select patron0_.id as id1_0_0_, patron0_.version as version2_0_0_, patron0_.user_account_id as user_acc1_16_0_, patron0_.company as company1_10_0_, patron0_.more_info as more_inf2_10_0_, patron0_.statement as statemen3_10_0_, useraccoun1_.id as id1_0_1_, useraccoun1_.version as version2_0_1_, useraccoun1_.enabled as enabled1_15_1_, useraccoun1_.identity as identity2_15_1_, useraccoun1_.password as password3_15_1_, useraccoun1_.username as username4_15_1_ from patron patron0_ inner join user_account useraccoun1_ on patron0_.user_account_id=useraccoun1_.id where patron0_.id=? 
2022-04-19 13:10:40.645 TRACE [org.hibernate.type.descriptor.sql.BasicBinder@http-nio-8080-exec-5] binding parameter [1] as [INTEGER] - [69] 
2022-04-19 13:10:40.650 DEBUG [acme.framework.controllers.AbstractController@http-nio-8080-exec-5] SERVING GET /acme-toolkits-22.3/inventor/patronage/show 
2022-04-19 13:10:40.650 DEBUG [acme.framework.controllers.AbstractController@http-nio-8080-exec-5] Result: ModelAndView [view="inventor/patronage/form"; model={period=null, code=ABC-123-D, endDate=2030-03-01 00:00:00.0, creationMoment=1920-01-01 00:00:00.0, patron.userAccount.identity.email=patron2@acme.com, patron.userAccount.identity.name=Patron2, moreInfo=http://example.com/, patron.userAccount.identity.surname=Acme, version=0, patron.statement=I am the patron number 2, patron.userAccount.username=patron2, patron.moreInfo=http://example.com/, id=72, patron.company=Acme-Toolkits, startDate=2020-02-01 00:00:00.0, status=ACCEPTED, legalStuff=Th, budget=<<EUR 1000.00>>, command=show, principal=acme.framework.entities.Principal@22d6daf3}] 
2022-04-19 13:10:40.650 DEBUG [acme.framework.components.tiles.DynamicTilesView@http-nio-8080-exec-5] View name 'inventor/patronage/form', model {period=null, code=ABC-123-D, endDate=2030-03-01 00:00:00.0, creationMoment=1920-01-01 00:00:00.0, patron.userAccount.identity.email=patron2@acme.com, patron.userAccount.identity.name=Patron2, moreInfo=http://example.com/, patron.userAccount.identity.surname=Acme, version=0, patron.statement=I am the patron number 2, patron.userAccount.username=patron2, patron.moreInfo=http://example.com/, id=72, patron.company=Acme-Toolkits, startDate=2020-02-01 00:00:00.0, status=ACCEPTED, legalStuff=Th, budget=<<EUR 1000.00>>, command=show, principal=acme.framework.entities.Principal@22d6daf3, org.springframework.validation.BindingResult.budget=org.springframework.validation.BeanPropertyBindingResult: 0 errors, org.springframework.validation.BindingResult.principal=org.springframework.validation.BeanPropertyBindingResult: 0 errors} 
2022-04-19 13:10:40.651 DEBUG [org.apache.jasper.servlet.JspServlet@http-nio-8080-exec-5] JspEngine --> /WEB-INF/views/master/page.jsp 
2022-04-19 13:10:40.652 DEBUG [org.apache.jasper.servlet.JspServlet@http-nio-8080-exec-5] ServletPath: /WEB-INF/views/master/page.jsp 
2022-04-19 13:10:40.652 DEBUG [org.apache.jasper.servlet.JspServlet@http-nio-8080-exec-5] PathInfo: null 
2022-04-19 13:10:40.653 DEBUG [org.apache.jasper.servlet.JspServlet@http-nio-8080-exec-5] RealPath: /Users/miguel/Downloads/Doc Locales/Miguelito/Universidad/3º Curso/DP2/Workspace-22.3/Projects/Acme-Toolkits/target/classes/WEB-INF/views/master/page.jsp 
2022-04-19 13:10:40.654 DEBUG [org.apache.jasper.servlet.JspServlet@http-nio-8080-exec-5] RequestURI: /acme-toolkits-22.3/WEB-INF/views/master/page.jsp 
2022-04-19 13:10:40.654 DEBUG [org.apache.jasper.servlet.JspServlet@http-nio-8080-exec-5] QueryString: id=72 
2022-04-19 13:10:40.695 DEBUG [org.apache.jasper.servlet.JspServlet@http-nio-8080-exec-5] JspEngine --> /WEB-INF/views/inventor/patronage/form.jsp 
2022-04-19 13:10:40.695 DEBUG [org.apache.jasper.servlet.JspServlet@http-nio-8080-exec-5] ServletPath: /WEB-INF/views/master/page.jsp 
2022-04-19 13:10:40.695 DEBUG [org.apache.jasper.servlet.JspServlet@http-nio-8080-exec-5] PathInfo: null 
2022-04-19 13:10:40.696 DEBUG [org.apache.jasper.servlet.JspServlet@http-nio-8080-exec-5] RealPath: /Users/miguel/Downloads/Doc Locales/Miguelito/Universidad/3º Curso/DP2/Workspace-22.3/Projects/Acme-Toolkits/target/classes/WEB-INF/views/inventor/patronage/form.jsp 
2022-04-19 13:10:40.696 DEBUG [org.apache.jasper.servlet.JspServlet@http-nio-8080-exec-5] RequestURI: /acme-toolkits-22.3/WEB-INF/views/master/page.jsp 
2022-04-19 13:10:40.696 DEBUG [org.apache.jasper.servlet.JspServlet@http-nio-8080-exec-5] QueryString: id=72 
2022-04-19 13:10:45.345 INFO  [acme.framework.configuration.ShutdownConfiguration@SpringContextShutdownHook] The system is shutting down... 
