2022-04-23 11:41:14.341 INFO  [acme.Launcher@main] Starting Launcher using Java 1.8.0_281 on DESKTOP-3CBGQD2 with PID 17256 (C:\Users\MIGUE\Desktop\Workspace-22.0\Frameworks\Acme-Framework-22.3\target\classes started by MIGUE in C:\Users\MIGUE\Desktop\Workspace-22.0\Projects\Acme-Toolkits) 
2022-04-23 11:41:14.342 DEBUG [acme.Launcher@main] Running with Spring Boot v2.4.2, Spring v5.3.3 
2022-04-23 11:41:14.343 INFO  [acme.Launcher@main] The following profiles are active: development,default 
2022-04-23 11:41:16.395 DEBUG [org.apache.jasper.servlet.JasperInitializer@main] Initializing Jasper for context [application] 
2022-04-23 11:41:20.359 DEBUG [org.apache.jasper.servlet.JspServlet@main] Scratch dir for the JSP engine is: [C:\Users\MIGUE\AppData\Local\Temp\tomcat.8080.294328212781284042\work\Tomcat\localhost\acme-toolkits-22.3] 
2022-04-23 11:41:20.359 DEBUG [org.apache.jasper.servlet.JspServlet@main] IMPORTANT: Do not modify the generated servlets 
2022-04-23 11:41:20.370 INFO  [acme.Launcher@main] Started Launcher in 6.614 seconds (JVM running for 7.177) 
2022-04-23 11:41:20.375 DEBUG [acme.Launcher@main] Found classpath entry '/C:/Users/MIGUE/Desktop/Workspace-22.0/Projects/Acme-Toolkits/target/test-classes/' 
2022-04-23 11:41:20.376 DEBUG [acme.Launcher@main] Found classpath entry '/C:/Users/MIGUE/Desktop/Workspace-22.0/Projects/Acme-Toolkits/target/classes/' 
2022-04-23 11:41:20.376 DEBUG [acme.Launcher@main] Found classpath entry '/C:/Users/MIGUE/Desktop/Workspace-22.0/Frameworks/Acme-Framework-22.3/target/classes/' 
2022-04-23 11:41:20.376 DEBUG [acme.Launcher@main] Found classpath entry '/C:/Users/MIGUE/Desktop/Workspace-22.0/Frameworks/Acme-Framework-22.3/target/test-classes/' 
2022-04-23 11:41:20.376 DEBUG [acme.Launcher@main] Found classpath entry '/C:/Users/MIGUE/.m2/repository/org/springframework/boot/spring-boot-starter-tomcat/2.4.2/spring-boot-starter-tomcat-2.4.2.jar' 
2022-04-23 11:41:20.376 DEBUG [acme.Launcher@main] Found classpath entry '/C:/Users/MIGUE/.m2/repository/jakarta/annotation/jakarta.annotation-api/1.3.5/jakarta.annotation-api-1.3.5.jar' 
2022-04-23 11:41:20.376 DEBUG [acme.Launcher@main] Found classpath entry '/C:/Users/MIGUE/.m2/repository/org/apache/tomcat/embed/tomcat-embed-core/9.0.41/tomcat-embed-core-9.0.41.jar' 
2022-04-23 11:41:20.376 DEBUG [acme.Launcher@main] Found classpath entry '/C:/Users/MIGUE/.m2/repository/org/glassfish/jakarta.el/3.0.3/jakarta.el-3.0.3.jar' 
2022-04-23 11:41:20.377 DEBUG [acme.Launcher@main] Found classpath entry '/C:/Users/MIGUE/.m2/repository/org/apache/tomcat/embed/tomcat-embed-websocket/9.0.41/tomcat-embed-websocket-9.0.41.jar' 
2022-04-23 11:41:20.377 DEBUG [acme.Launcher@main] Found classpath entry '/C:/Users/MIGUE/.m2/repository/org/apache/tomcat/embed/tomcat-embed-jasper/9.0.41/tomcat-embed-jasper-9.0.41.jar' 
2022-04-23 11:41:20.377 DEBUG [acme.Launcher@main] Found classpath entry '/C:/Users/MIGUE/.m2/repository/org/apache/tomcat/embed/tomcat-embed-el/9.0.41/tomcat-embed-el-9.0.41.jar' 
2022-04-23 11:41:20.377 DEBUG [acme.Launcher@main] Found classpath entry '/C:/Users/MIGUE/.m2/repository/org/eclipse/jdt/ecj/3.18.0/ecj-3.18.0.jar' 
2022-04-23 11:41:20.377 DEBUG [acme.Launcher@main] Found classpath entry '/C:/Users/MIGUE/.m2/repository/javax/servlet/jstl/1.2/jstl-1.2.jar' 
2022-04-23 11:41:20.377 DEBUG [acme.Launcher@main] Found classpath entry '/C:/Users/MIGUE/.m2/repository/org/springframework/boot/spring-boot-starter-test/2.4.2/spring-boot-starter-test-2.4.2.jar' 
2022-04-23 11:41:20.378 DEBUG [acme.Launcher@main] Found classpath entry '/C:/Users/MIGUE/.m2/repository/org/springframework/boot/spring-boot-starter/2.4.2/spring-boot-starter-2.4.2.jar' 
2022-04-23 11:41:20.378 DEBUG [acme.Launcher@main] Found classpath entry '/C:/Users/MIGUE/.m2/repository/org/springframework/boot/spring-boot/2.4.2/spring-boot-2.4.2.jar' 
2022-04-23 11:41:20.378 DEBUG [acme.Launcher@main] Found classpath entry '/C:/Users/MIGUE/.m2/repository/org/springframework/boot/spring-boot-autoconfigure/2.4.2/spring-boot-autoconfigure-2.4.2.jar' 
2022-04-23 11:41:20.378 DEBUG [acme.Launcher@main] Found classpath entry '/C:/Users/MIGUE/.m2/repository/org/springframework/boot/spring-boot-starter-logging/2.4.2/spring-boot-starter-logging-2.4.2.jar' 
2022-04-23 11:41:20.378 DEBUG [acme.Launcher@main] Found classpath entry '/C:/Users/MIGUE/.m2/repository/ch/qos/logback/logback-classic/1.2.3/logback-classic-1.2.3.jar' 
2022-04-23 11:41:20.378 DEBUG [acme.Launcher@main] Found classpath entry '/C:/Users/MIGUE/.m2/repository/ch/qos/logback/logback-core/1.2.3/logback-core-1.2.3.jar' 
2022-04-23 11:41:20.379 DEBUG [acme.Launcher@main] Found classpath entry '/C:/Users/MIGUE/.m2/repository/org/apache/logging/log4j/log4j-to-slf4j/2.13.3/log4j-to-slf4j-2.13.3.jar' 
2022-04-23 11:41:20.379 DEBUG [acme.Launcher@main] Found classpath entry '/C:/Users/MIGUE/.m2/repository/org/apache/logging/log4j/log4j-api/2.13.3/log4j-api-2.13.3.jar' 
2022-04-23 11:41:20.379 DEBUG [acme.Launcher@main] Found classpath entry '/C:/Users/MIGUE/.m2/repository/org/slf4j/jul-to-slf4j/1.7.30/jul-to-slf4j-1.7.30.jar' 
2022-04-23 11:41:20.379 DEBUG [acme.Launcher@main] Found classpath entry '/C:/Users/MIGUE/.m2/repository/org/yaml/snakeyaml/1.27/snakeyaml-1.27.jar' 
2022-04-23 11:41:20.379 DEBUG [acme.Launcher@main] Found classpath entry '/C:/Users/MIGUE/.m2/repository/org/springframework/boot/spring-boot-test/2.4.2/spring-boot-test-2.4.2.jar' 
2022-04-23 11:41:20.379 DEBUG [acme.Launcher@main] Found classpath entry '/C:/Users/MIGUE/.m2/repository/org/springframework/boot/spring-boot-test-autoconfigure/2.4.2/spring-boot-test-autoconfigure-2.4.2.jar' 
2022-04-23 11:41:20.379 DEBUG [acme.Launcher@main] Found classpath entry '/C:/Users/MIGUE/.m2/repository/com/jayway/jsonpath/json-path/2.4.0/json-path-2.4.0.jar' 
2022-04-23 11:41:20.380 DEBUG [acme.Launcher@main] Found classpath entry '/C:/Users/MIGUE/.m2/repository/net/minidev/json-smart/2.3/json-smart-2.3.jar' 
2022-04-23 11:41:20.380 DEBUG [acme.Launcher@main] Found classpath entry '/C:/Users/MIGUE/.m2/repository/net/minidev/accessors-smart/1.2/accessors-smart-1.2.jar' 
2022-04-23 11:41:20.380 DEBUG [acme.Launcher@main] Found classpath entry '/C:/Users/MIGUE/.m2/repository/org/ow2/asm/asm/5.0.4/asm-5.0.4.jar' 
2022-04-23 11:41:20.380 DEBUG [acme.Launcher@main] Found classpath entry '/C:/Users/MIGUE/.m2/repository/jakarta/xml/bind/jakarta.xml.bind-api/2.3.3/jakarta.xml.bind-api-2.3.3.jar' 
2022-04-23 11:41:20.380 DEBUG [acme.Launcher@main] Found classpath entry '/C:/Users/MIGUE/.m2/repository/jakarta/activation/jakarta.activation-api/1.2.2/jakarta.activation-api-1.2.2.jar' 
2022-04-23 11:41:20.380 DEBUG [acme.Launcher@main] Found classpath entry '/C:/Users/MIGUE/.m2/repository/org/assertj/assertj-core/3.18.1/assertj-core-3.18.1.jar' 
2022-04-23 11:41:20.380 DEBUG [acme.Launcher@main] Found classpath entry '/C:/Users/MIGUE/.m2/repository/org/hamcrest/hamcrest/2.2/hamcrest-2.2.jar' 
2022-04-23 11:41:20.380 DEBUG [acme.Launcher@main] Found classpath entry '/C:/Users/MIGUE/.m2/repository/org/junit/jupiter/junit-jupiter/5.7.0/junit-jupiter-5.7.0.jar' 
2022-04-23 11:41:20.380 DEBUG [acme.Launcher@main] Found classpath entry '/C:/Users/MIGUE/.m2/repository/org/mockito/mockito-core/3.6.28/mockito-core-3.6.28.jar' 
2022-04-23 11:41:20.381 DEBUG [acme.Launcher@main] Found classpath entry '/C:/Users/MIGUE/.m2/repository/net/bytebuddy/byte-buddy-agent/1.10.19/byte-buddy-agent-1.10.19.jar' 
2022-04-23 11:41:20.381 DEBUG [acme.Launcher@main] Found classpath entry '/C:/Users/MIGUE/.m2/repository/org/objenesis/objenesis/3.1/objenesis-3.1.jar' 
2022-04-23 11:41:20.381 DEBUG [acme.Launcher@main] Found classpath entry '/C:/Users/MIGUE/.m2/repository/org/mockito/mockito-junit-jupiter/3.6.28/mockito-junit-jupiter-3.6.28.jar' 
2022-04-23 11:41:20.381 DEBUG [acme.Launcher@main] Found classpath entry '/C:/Users/MIGUE/.m2/repository/org/skyscreamer/jsonassert/1.5.0/jsonassert-1.5.0.jar' 
2022-04-23 11:41:20.381 DEBUG [acme.Launcher@main] Found classpath entry '/C:/Users/MIGUE/.m2/repository/com/vaadin/external/google/android-json/0.0.20131108.vaadin1/android-json-0.0.20131108.vaadin1.jar' 
2022-04-23 11:41:20.381 DEBUG [acme.Launcher@main] Found classpath entry '/C:/Users/MIGUE/.m2/repository/org/springframework/spring-core/5.3.3/spring-core-5.3.3.jar' 
2022-04-23 11:41:20.381 DEBUG [acme.Launcher@main] Found classpath entry '/C:/Users/MIGUE/.m2/repository/org/springframework/spring-jcl/5.3.3/spring-jcl-5.3.3.jar' 
2022-04-23 11:41:20.382 DEBUG [acme.Launcher@main] Found classpath entry '/C:/Users/MIGUE/.m2/repository/org/springframework/spring-test/5.3.3/spring-test-5.3.3.jar' 
2022-04-23 11:41:20.382 DEBUG [acme.Launcher@main] Found classpath entry '/C:/Users/MIGUE/.m2/repository/org/xmlunit/xmlunit-core/2.7.0/xmlunit-core-2.7.0.jar' 
2022-04-23 11:41:20.382 DEBUG [acme.Launcher@main] Found classpath entry '/C:/Users/MIGUE/.m2/repository/org/springframework/boot/spring-boot-starter-security/2.4.2/spring-boot-starter-security-2.4.2.jar' 
2022-04-23 11:41:20.382 DEBUG [acme.Launcher@main] Found classpath entry '/C:/Users/MIGUE/.m2/repository/org/springframework/spring-aop/5.3.3/spring-aop-5.3.3.jar' 
2022-04-23 11:41:20.382 DEBUG [acme.Launcher@main] Found classpath entry '/C:/Users/MIGUE/.m2/repository/org/springframework/security/spring-security-web/5.4.2/spring-security-web-5.4.2.jar' 
2022-04-23 11:41:20.382 DEBUG [acme.Launcher@main] Found classpath entry '/C:/Users/MIGUE/.m2/repository/org/springframework/security/spring-security-core/5.4.2/spring-security-core-5.4.2.jar' 
2022-04-23 11:41:20.382 DEBUG [acme.Launcher@main] Found classpath entry '/C:/Users/MIGUE/.m2/repository/org/springframework/spring-beans/5.3.3/spring-beans-5.3.3.jar' 
2022-04-23 11:41:20.383 DEBUG [acme.Launcher@main] Found classpath entry '/C:/Users/MIGUE/.m2/repository/org/springframework/spring-context/5.3.3/spring-context-5.3.3.jar' 
2022-04-23 11:41:20.383 DEBUG [acme.Launcher@main] Found classpath entry '/C:/Users/MIGUE/.m2/repository/org/springframework/spring-expression/5.3.3/spring-expression-5.3.3.jar' 
2022-04-23 11:41:20.383 DEBUG [acme.Launcher@main] Found classpath entry '/C:/Users/MIGUE/.m2/repository/org/springframework/spring-web/5.3.3/spring-web-5.3.3.jar' 
2022-04-23 11:41:20.383 DEBUG [acme.Launcher@main] Found classpath entry '/C:/Users/MIGUE/.m2/repository/org/springframework/security/spring-security-config/5.4.2/spring-security-config-5.4.2.jar' 
2022-04-23 11:41:20.383 DEBUG [acme.Launcher@main] Found classpath entry '/C:/Users/MIGUE/.m2/repository/org/springframework/security/spring-security-taglibs/5.4.2/spring-security-taglibs-5.4.2.jar' 
2022-04-23 11:41:20.383 DEBUG [acme.Launcher@main] Found classpath entry '/C:/Users/MIGUE/.m2/repository/org/springframework/security/spring-security-acl/5.4.2/spring-security-acl-5.4.2.jar' 
2022-04-23 11:41:20.383 DEBUG [acme.Launcher@main] Found classpath entry '/C:/Users/MIGUE/.m2/repository/org/springframework/spring-jdbc/5.3.3/spring-jdbc-5.3.3.jar' 
2022-04-23 11:41:20.383 DEBUG [acme.Launcher@main] Found classpath entry '/C:/Users/MIGUE/.m2/repository/org/springframework/spring-tx/5.3.3/spring-tx-5.3.3.jar' 
2022-04-23 11:41:20.383 DEBUG [acme.Launcher@main] Found classpath entry '/C:/Users/MIGUE/.m2/repository/org/springframework/boot/spring-boot-starter-web/2.4.2/spring-boot-starter-web-2.4.2.jar' 
2022-04-23 11:41:20.384 DEBUG [acme.Launcher@main] Found classpath entry '/C:/Users/MIGUE/.m2/repository/org/springframework/boot/spring-boot-starter-json/2.4.2/spring-boot-starter-json-2.4.2.jar' 
2022-04-23 11:41:20.384 DEBUG [acme.Launcher@main] Found classpath entry '/C:/Users/MIGUE/.m2/repository/com/fasterxml/jackson/core/jackson-databind/2.11.4/jackson-databind-2.11.4.jar' 
2022-04-23 11:41:20.384 DEBUG [acme.Launcher@main] Found classpath entry '/C:/Users/MIGUE/.m2/repository/com/fasterxml/jackson/core/jackson-annotations/2.11.4/jackson-annotations-2.11.4.jar' 
2022-04-23 11:41:20.384 DEBUG [acme.Launcher@main] Found classpath entry '/C:/Users/MIGUE/.m2/repository/com/fasterxml/jackson/core/jackson-core/2.11.4/jackson-core-2.11.4.jar' 
2022-04-23 11:41:20.384 DEBUG [acme.Launcher@main] Found classpath entry '/C:/Users/MIGUE/.m2/repository/com/fasterxml/jackson/datatype/jackson-datatype-jdk8/2.11.4/jackson-datatype-jdk8-2.11.4.jar' 
2022-04-23 11:41:20.384 DEBUG [acme.Launcher@main] Found classpath entry '/C:/Users/MIGUE/.m2/repository/com/fasterxml/jackson/datatype/jackson-datatype-jsr310/2.11.4/jackson-datatype-jsr310-2.11.4.jar' 
2022-04-23 11:41:20.384 DEBUG [acme.Launcher@main] Found classpath entry '/C:/Users/MIGUE/.m2/repository/com/fasterxml/jackson/module/jackson-module-parameter-names/2.11.4/jackson-module-parameter-names-2.11.4.jar' 
2022-04-23 11:41:20.384 DEBUG [acme.Launcher@main] Found classpath entry '/C:/Users/MIGUE/.m2/repository/org/springframework/spring-webmvc/5.3.3/spring-webmvc-5.3.3.jar' 
2022-04-23 11:41:20.384 DEBUG [acme.Launcher@main] Found classpath entry '/C:/Users/MIGUE/.m2/repository/org/apache/tiles/tiles-jsp/3.0.8/tiles-jsp-3.0.8.jar' 
2022-04-23 11:41:20.385 DEBUG [acme.Launcher@main] Found classpath entry '/C:/Users/MIGUE/.m2/repository/org/apache/tiles/tiles-servlet/3.0.8/tiles-servlet-3.0.8.jar' 
2022-04-23 11:41:20.385 DEBUG [acme.Launcher@main] Found classpath entry '/C:/Users/MIGUE/.m2/repository/org/apache/tiles/tiles-core/3.0.8/tiles-core-3.0.8.jar' 
2022-04-23 11:41:20.385 DEBUG [acme.Launcher@main] Found classpath entry '/C:/Users/MIGUE/.m2/repository/commons-digester/commons-digester/2.0/commons-digester-2.0.jar' 
2022-04-23 11:41:20.385 DEBUG [acme.Launcher@main] Found classpath entry '/C:/Users/MIGUE/.m2/repository/org/slf4j/jcl-over-slf4j/1.7.30/jcl-over-slf4j-1.7.30.jar' 
2022-04-23 11:41:20.385 DEBUG [acme.Launcher@main] Found classpath entry '/C:/Users/MIGUE/.m2/repository/org/apache/tiles/tiles-request-servlet/1.0.7/tiles-request-servlet-1.0.7.jar' 
2022-04-23 11:41:20.385 DEBUG [acme.Launcher@main] Found classpath entry '/C:/Users/MIGUE/.m2/repository/org/apache/tiles/tiles-template/3.0.8/tiles-template-3.0.8.jar' 
2022-04-23 11:41:20.385 DEBUG [acme.Launcher@main] Found classpath entry '/C:/Users/MIGUE/.m2/repository/org/apache/tiles/tiles-api/3.0.8/tiles-api-3.0.8.jar' 
2022-04-23 11:41:20.385 DEBUG [acme.Launcher@main] Found classpath entry '/C:/Users/MIGUE/.m2/repository/org/apache/tiles/tiles-autotag-core-runtime/1.2/tiles-autotag-core-runtime-1.2.jar' 
2022-04-23 11:41:20.385 DEBUG [acme.Launcher@main] Found classpath entry '/C:/Users/MIGUE/.m2/repository/org/slf4j/slf4j-api/1.7.30/slf4j-api-1.7.30.jar' 
2022-04-23 11:41:20.385 DEBUG [acme.Launcher@main] Found classpath entry '/C:/Users/MIGUE/.m2/repository/org/apache/tiles/tiles-request-jsp/1.0.7/tiles-request-jsp-1.0.7.jar' 
2022-04-23 11:41:20.385 DEBUG [acme.Launcher@main] Found classpath entry '/C:/Users/MIGUE/.m2/repository/org/apache/tiles/tiles-request-api/1.0.7/tiles-request-api-1.0.7.jar' 
2022-04-23 11:41:20.385 DEBUG [acme.Launcher@main] Found classpath entry '/C:/Users/MIGUE/.m2/repository/org/springframework/boot/spring-boot-starter-data-jpa/2.4.2/spring-boot-starter-data-jpa-2.4.2.jar' 
2022-04-23 11:41:20.385 DEBUG [acme.Launcher@main] Found classpath entry '/C:/Users/MIGUE/.m2/repository/org/springframework/boot/spring-boot-starter-aop/2.4.2/spring-boot-starter-aop-2.4.2.jar' 
2022-04-23 11:41:20.386 DEBUG [acme.Launcher@main] Found classpath entry '/C:/Users/MIGUE/.m2/repository/org/aspectj/aspectjweaver/1.9.6/aspectjweaver-1.9.6.jar' 
2022-04-23 11:41:20.386 DEBUG [acme.Launcher@main] Found classpath entry '/C:/Users/MIGUE/.m2/repository/org/springframework/boot/spring-boot-starter-jdbc/2.4.2/spring-boot-starter-jdbc-2.4.2.jar' 
2022-04-23 11:41:20.386 DEBUG [acme.Launcher@main] Found classpath entry '/C:/Users/MIGUE/.m2/repository/jakarta/transaction/jakarta.transaction-api/1.3.3/jakarta.transaction-api-1.3.3.jar' 
2022-04-23 11:41:20.386 DEBUG [acme.Launcher@main] Found classpath entry '/C:/Users/MIGUE/.m2/repository/jakarta/persistence/jakarta.persistence-api/2.2.3/jakarta.persistence-api-2.2.3.jar' 
2022-04-23 11:41:20.386 DEBUG [acme.Launcher@main] Found classpath entry '/C:/Users/MIGUE/.m2/repository/org/hibernate/hibernate-core/5.4.27.Final/hibernate-core-5.4.27.Final.jar' 
2022-04-23 11:41:20.387 DEBUG [acme.Launcher@main] Found classpath entry '/C:/Users/MIGUE/.m2/repository/org/jboss/logging/jboss-logging/3.4.1.Final/jboss-logging-3.4.1.Final.jar' 
2022-04-23 11:41:20.387 DEBUG [acme.Launcher@main] Found classpath entry '/C:/Users/MIGUE/.m2/repository/org/javassist/javassist/3.27.0-GA/javassist-3.27.0-GA.jar' 
2022-04-23 11:41:20.387 DEBUG [acme.Launcher@main] Found classpath entry '/C:/Users/MIGUE/.m2/repository/antlr/antlr/2.7.7/antlr-2.7.7.jar' 
2022-04-23 11:41:20.387 DEBUG [acme.Launcher@main] Found classpath entry '/C:/Users/MIGUE/.m2/repository/org/jboss/jandex/2.1.3.Final/jandex-2.1.3.Final.jar' 
2022-04-23 11:41:20.387 DEBUG [acme.Launcher@main] Found classpath entry '/C:/Users/MIGUE/.m2/repository/com/fasterxml/classmate/1.5.1/classmate-1.5.1.jar' 
2022-04-23 11:41:20.387 DEBUG [acme.Launcher@main] Found classpath entry '/C:/Users/MIGUE/.m2/repository/org/dom4j/dom4j/2.1.3/dom4j-2.1.3.jar' 
2022-04-23 11:41:20.387 DEBUG [acme.Launcher@main] Found classpath entry '/C:/Users/MIGUE/.m2/repository/org/hibernate/common/hibernate-commons-annotations/5.1.2.Final/hibernate-commons-annotations-5.1.2.Final.jar' 
2022-04-23 11:41:20.387 DEBUG [acme.Launcher@main] Found classpath entry '/C:/Users/MIGUE/.m2/repository/org/glassfish/jaxb/jaxb-runtime/2.3.3/jaxb-runtime-2.3.3.jar' 
2022-04-23 11:41:20.387 DEBUG [acme.Launcher@main] Found classpath entry '/C:/Users/MIGUE/.m2/repository/org/glassfish/jaxb/txw2/2.3.3/txw2-2.3.3.jar' 
2022-04-23 11:41:20.388 DEBUG [acme.Launcher@main] Found classpath entry '/C:/Users/MIGUE/.m2/repository/com/sun/istack/istack-commons-runtime/3.0.11/istack-commons-runtime-3.0.11.jar' 
2022-04-23 11:41:20.388 DEBUG [acme.Launcher@main] Found classpath entry '/C:/Users/MIGUE/.m2/repository/com/sun/activation/jakarta.activation/1.2.2/jakarta.activation-1.2.2.jar' 
2022-04-23 11:41:20.388 DEBUG [acme.Launcher@main] Found classpath entry '/C:/Users/MIGUE/.m2/repository/org/springframework/data/spring-data-jpa/2.4.3/spring-data-jpa-2.4.3.jar' 
2022-04-23 11:41:20.388 DEBUG [acme.Launcher@main] Found classpath entry '/C:/Users/MIGUE/.m2/repository/org/springframework/data/spring-data-commons/2.4.3/spring-data-commons-2.4.3.jar' 
2022-04-23 11:41:20.388 DEBUG [acme.Launcher@main] Found classpath entry '/C:/Users/MIGUE/.m2/repository/org/springframework/spring-orm/5.3.3/spring-orm-5.3.3.jar' 
2022-04-23 11:41:20.388 DEBUG [acme.Launcher@main] Found classpath entry '/C:/Users/MIGUE/.m2/repository/org/springframework/spring-aspects/5.3.3/spring-aspects-5.3.3.jar' 
2022-04-23 11:41:20.388 DEBUG [acme.Launcher@main] Found classpath entry '/C:/Users/MIGUE/.m2/repository/org/springframework/boot/spring-boot-starter-validation/2.4.2/spring-boot-starter-validation-2.4.2.jar' 
2022-04-23 11:41:20.388 DEBUG [acme.Launcher@main] Found classpath entry '/C:/Users/MIGUE/.m2/repository/org/hibernate/validator/hibernate-validator/6.1.7.Final/hibernate-validator-6.1.7.Final.jar' 
2022-04-23 11:41:20.388 DEBUG [acme.Launcher@main] Found classpath entry '/C:/Users/MIGUE/.m2/repository/jakarta/validation/jakarta.validation-api/2.0.2/jakarta.validation-api-2.0.2.jar' 
2022-04-23 11:41:20.388 DEBUG [acme.Launcher@main] Found classpath entry '/C:/Users/MIGUE/.m2/repository/mysql/mysql-connector-java/8.0.22/mysql-connector-java-8.0.22.jar' 
2022-04-23 11:41:20.388 DEBUG [acme.Launcher@main] Found classpath entry '/C:/Users/MIGUE/.m2/repository/com/zaxxer/HikariCP/3.4.5/HikariCP-3.4.5.jar' 
2022-04-23 11:41:20.389 DEBUG [acme.Launcher@main] Found classpath entry '/C:/Users/MIGUE/.m2/repository/org/junit/jupiter/junit-jupiter-engine/5.7.0/junit-jupiter-engine-5.7.0.jar' 
2022-04-23 11:41:20.389 DEBUG [acme.Launcher@main] Found classpath entry '/C:/Users/MIGUE/.m2/repository/org/apiguardian/apiguardian-api/1.1.0/apiguardian-api-1.1.0.jar' 
2022-04-23 11:41:20.389 DEBUG [acme.Launcher@main] Found classpath entry '/C:/Users/MIGUE/.m2/repository/org/junit/platform/junit-platform-engine/1.7.0/junit-platform-engine-1.7.0.jar' 
2022-04-23 11:41:20.389 DEBUG [acme.Launcher@main] Found classpath entry '/C:/Users/MIGUE/.m2/repository/org/junit/jupiter/junit-jupiter-api/5.7.0/junit-jupiter-api-5.7.0.jar' 
2022-04-23 11:41:20.389 DEBUG [acme.Launcher@main] Found classpath entry '/C:/Users/MIGUE/.m2/repository/org/opentest4j/opentest4j/1.2.0/opentest4j-1.2.0.jar' 
2022-04-23 11:41:20.389 DEBUG [acme.Launcher@main] Found classpath entry '/C:/Users/MIGUE/.m2/repository/org/junit/platform/junit-platform-commons/1.7.0/junit-platform-commons-1.7.0.jar' 
2022-04-23 11:41:20.389 DEBUG [acme.Launcher@main] Found classpath entry '/C:/Users/MIGUE/.m2/repository/org/junit/jupiter/junit-jupiter-params/5.7.0/junit-jupiter-params-5.7.0.jar' 
2022-04-23 11:41:20.389 DEBUG [acme.Launcher@main] Found classpath entry '/C:/Users/MIGUE/.m2/repository/org/junit/platform/junit-platform-launcher/1.7.0/junit-platform-launcher-1.7.0.jar' 
2022-04-23 11:41:20.389 DEBUG [acme.Launcher@main] Found classpath entry '/C:/Users/MIGUE/.m2/repository/org/seleniumhq/selenium/selenium-java/3.141.59/selenium-java-3.141.59.jar' 
2022-04-23 11:41:20.390 DEBUG [acme.Launcher@main] Found classpath entry '/C:/Users/MIGUE/.m2/repository/org/seleniumhq/selenium/selenium-api/3.141.59/selenium-api-3.141.59.jar' 
2022-04-23 11:41:20.390 DEBUG [acme.Launcher@main] Found classpath entry '/C:/Users/MIGUE/.m2/repository/org/seleniumhq/selenium/selenium-chrome-driver/3.141.59/selenium-chrome-driver-3.141.59.jar' 
2022-04-23 11:41:20.390 DEBUG [acme.Launcher@main] Found classpath entry '/C:/Users/MIGUE/.m2/repository/org/seleniumhq/selenium/selenium-edge-driver/3.141.59/selenium-edge-driver-3.141.59.jar' 
2022-04-23 11:41:20.390 DEBUG [acme.Launcher@main] Found classpath entry '/C:/Users/MIGUE/.m2/repository/org/seleniumhq/selenium/selenium-firefox-driver/3.141.59/selenium-firefox-driver-3.141.59.jar' 
2022-04-23 11:41:20.390 DEBUG [acme.Launcher@main] Found classpath entry '/C:/Users/MIGUE/.m2/repository/org/seleniumhq/selenium/selenium-ie-driver/3.141.59/selenium-ie-driver-3.141.59.jar' 
2022-04-23 11:41:20.390 DEBUG [acme.Launcher@main] Found classpath entry '/C:/Users/MIGUE/.m2/repository/org/seleniumhq/selenium/selenium-opera-driver/3.141.59/selenium-opera-driver-3.141.59.jar' 
2022-04-23 11:41:20.390 DEBUG [acme.Launcher@main] Found classpath entry '/C:/Users/MIGUE/.m2/repository/org/seleniumhq/selenium/selenium-remote-driver/3.141.59/selenium-remote-driver-3.141.59.jar' 
2022-04-23 11:41:20.391 DEBUG [acme.Launcher@main] Found classpath entry '/C:/Users/MIGUE/.m2/repository/org/seleniumhq/selenium/selenium-safari-driver/3.141.59/selenium-safari-driver-3.141.59.jar' 
2022-04-23 11:41:20.391 DEBUG [acme.Launcher@main] Found classpath entry '/C:/Users/MIGUE/.m2/repository/org/seleniumhq/selenium/selenium-support/3.141.59/selenium-support-3.141.59.jar' 
2022-04-23 11:41:20.391 DEBUG [acme.Launcher@main] Found classpath entry '/C:/Users/MIGUE/.m2/repository/net/bytebuddy/byte-buddy/1.10.19/byte-buddy-1.10.19.jar' 
2022-04-23 11:41:20.391 DEBUG [acme.Launcher@main] Found classpath entry '/C:/Users/MIGUE/.m2/repository/org/apache/commons/commons-exec/1.3/commons-exec-1.3.jar' 
2022-04-23 11:41:20.391 DEBUG [acme.Launcher@main] Found classpath entry '/C:/Users/MIGUE/.m2/repository/com/google/guava/guava/25.0-jre/guava-25.0-jre.jar' 
2022-04-23 11:41:20.391 DEBUG [acme.Launcher@main] Found classpath entry '/C:/Users/MIGUE/.m2/repository/com/google/code/findbugs/jsr305/1.3.9/jsr305-1.3.9.jar' 
2022-04-23 11:41:20.391 DEBUG [acme.Launcher@main] Found classpath entry '/C:/Users/MIGUE/.m2/repository/org/checkerframework/checker-compat-qual/2.0.0/checker-compat-qual-2.0.0.jar' 
2022-04-23 11:41:20.391 DEBUG [acme.Launcher@main] Found classpath entry '/C:/Users/MIGUE/.m2/repository/com/google/errorprone/error_prone_annotations/2.1.3/error_prone_annotations-2.1.3.jar' 
2022-04-23 11:41:20.391 DEBUG [acme.Launcher@main] Found classpath entry '/C:/Users/MIGUE/.m2/repository/com/google/j2objc/j2objc-annotations/1.1/j2objc-annotations-1.1.jar' 
2022-04-23 11:41:20.391 DEBUG [acme.Launcher@main] Found classpath entry '/C:/Users/MIGUE/.m2/repository/org/codehaus/mojo/animal-sniffer-annotations/1.14/animal-sniffer-annotations-1.14.jar' 
2022-04-23 11:41:20.391 DEBUG [acme.Launcher@main] Found classpath entry '/C:/Users/MIGUE/.m2/repository/com/squareup/okhttp3/okhttp/3.14.9/okhttp-3.14.9.jar' 
2022-04-23 11:41:20.392 DEBUG [acme.Launcher@main] Found classpath entry '/C:/Users/MIGUE/.m2/repository/com/squareup/okio/okio/1.14.0/okio-1.14.0.jar' 
2022-04-23 11:41:20.392 DEBUG [acme.Launcher@main] Found classpath entry '/C:/Users/MIGUE/.m2/repository/org/apache/commons/commons-lang3/3.11/commons-lang3-3.11.jar' 
2022-04-23 11:41:20.392 DEBUG [acme.Launcher@main] Found classpath entry '/C:/Users/MIGUE/.m2/repository/org/apache/commons/commons-text/1.8/commons-text-1.8.jar' 
2022-04-23 11:41:20.392 DEBUG [acme.Launcher@main] Found classpath entry '/C:/Users/MIGUE/.m2/repository/commons-io/commons-io/2.6/commons-io-2.6.jar' 
2022-04-23 11:41:20.392 DEBUG [acme.Launcher@main] Found classpath entry '/C:/Users/MIGUE/.m2/repository/commons-cli/commons-cli/1.4/commons-cli-1.4.jar' 
2022-04-23 11:41:20.392 DEBUG [acme.Launcher@main] Found classpath entry '/C:/Users/MIGUE/.m2/repository/org/projectlombok/lombok/1.18.16/lombok-1.18.16.jar' 
2022-04-23 11:41:20.392 DEBUG [acme.Launcher@main] Found classpath entry '/C:/Users/MIGUE/.m2/repository/com/opencsv/opencsv/5.4/opencsv-5.4.jar' 
2022-04-23 11:41:20.392 DEBUG [acme.Launcher@main] Found classpath entry '/C:/Users/MIGUE/.m2/repository/commons-beanutils/commons-beanutils/1.9.4/commons-beanutils-1.9.4.jar' 
2022-04-23 11:41:20.392 DEBUG [acme.Launcher@main] Found classpath entry '/C:/Users/MIGUE/.m2/repository/commons-logging/commons-logging/1.2/commons-logging-1.2.jar' 
2022-04-23 11:41:20.392 DEBUG [acme.Launcher@main] Found classpath entry '/C:/Users/MIGUE/.m2/repository/commons-collections/commons-collections/3.2.2/commons-collections-3.2.2.jar' 
2022-04-23 11:41:20.392 DEBUG [acme.Launcher@main] Found classpath entry '/C:/Users/MIGUE/.m2/repository/org/apache/commons/commons-collections4/4.4/commons-collections4-4.4.jar' 
2022-04-23 11:41:20.461 DEBUG [acme.Launcher@main] Found entity class 'acme.entities.Announcement 
2022-04-23 11:41:20.462 DEBUG [acme.Launcher@main] Found entity class 'acme.entities.Chirp 
2022-04-23 11:41:20.462 DEBUG [acme.Launcher@main] Found entity class 'acme.entities.Item 
2022-04-23 11:41:20.462 DEBUG [acme.Launcher@main] Found entity class 'acme.entities.ItemQuantity 
2022-04-23 11:41:20.462 DEBUG [acme.Launcher@main] Found entity class 'acme.entities.Patronage 
2022-04-23 11:41:20.462 DEBUG [acme.Launcher@main] Found entity class 'acme.entities.PatronageReport 
2022-04-23 11:41:20.462 DEBUG [acme.Launcher@main] Found entity class 'acme.entities.SystemConfiguration 
2022-04-23 11:41:20.462 DEBUG [acme.Launcher@main] Found entity class 'acme.entities.Toolkit 
2022-04-23 11:41:20.463 DEBUG [acme.Launcher@main] Found entity class 'acme.roles.Inventor 
2022-04-23 11:41:20.463 DEBUG [acme.Launcher@main] Found entity class 'acme.roles.Patron 
2022-04-23 11:41:20.463 DEBUG [acme.Launcher@main] Found entity class 'acme.framework.entities.UserAccount 
2022-04-23 11:41:20.463 DEBUG [acme.Launcher@main] Found entity class 'acme.framework.roles.Administrator 
2022-04-23 11:41:20.463 DEBUG [acme.Launcher@main] Found entity class 'acme.framework.roles.Anonymous 
2022-04-23 11:41:20.463 DEBUG [acme.Launcher@main] Found entity class 'acme.framework.roles.Any 
2022-04-23 11:41:20.463 DEBUG [acme.Launcher@main] Found entity class 'acme.framework.roles.Authenticated 
2022-04-23 11:41:20.466 INFO  [acme.Launcher@main] Running application (Standalone) 
2022-04-23 11:41:39.424 DEBUG [acme.framework.controllers.AbstractController@http-nio-8080-exec-1] DISPATCHING GET /acme-toolkits-22.3/authenticated/system-configuration/list 
2022-04-23 11:41:39.424 DEBUG [acme.framework.controllers.AbstractController@http-nio-8080-exec-1] Command: list 
2022-04-23 11:41:39.424 DEBUG [acme.framework.controllers.AbstractController@http-nio-8080-exec-1] Model:   {} 
2022-04-23 11:41:39.424 DEBUG [acme.framework.controllers.AbstractController@http-nio-8080-exec-1] Locale:  en 
2022-04-23 11:41:39.477 DEBUG [org.hibernate.SQL@http-nio-8080-exec-1] select useraccoun0_.id as id1_0_, useraccoun0_.version as version2_0_, useraccoun0_.enabled as enabled1_15_, useraccoun0_.identity as identity2_15_, useraccoun0_.password as password3_15_, useraccoun0_.username as username4_15_ from user_account useraccoun0_ where useraccoun0_.username=? 
2022-04-23 11:41:39.493 TRACE [org.hibernate.type.descriptor.sql.BasicBinder@http-nio-8080-exec-1] binding parameter [1] as [VARCHAR] - [anonymous] 
2022-04-23 11:41:39.535 DEBUG [org.hibernate.SQL@http-nio-8080-exec-1] select roles0_.user_account_id as user_acc1_16_0_, roles0_.id as id1_16_0_, roles0_.id as id1_0_1_, roles0_.version as version2_0_1_, roles0_.user_account_id as user_acc1_16_1_, roles0_.company as company1_7_1_, roles0_.more_info as more_inf2_7_1_, roles0_.statement as statemen3_7_1_, roles0_.company as company1_10_1_, roles0_.more_info as more_inf2_10_1_, roles0_.statement as statemen3_10_1_, roles0_.clazz_ as clazz_1_ from ( select id, version, user_account_id, company, more_info, statement, 10 as clazz_ from inventor union all select id, version, user_account_id, company, more_info, statement, 11 as clazz_ from patron union all select id, version, user_account_id, null as company, null as more_info, null as statement, 13 as clazz_ from administrator union all select id, version, user_account_id, null as company, null as more_info, null as statement, 14 as clazz_ from anonymous union all select id, version, user_account_id, null as company, null as more_info, null as statement, 15 as clazz_ from any union all select id, version, user_account_id, null as company, null as more_info, null as statement, 16 as clazz_ from authenticated ) roles0_ where roles0_.user_account_id=? 
2022-04-23 11:41:39.535 TRACE [org.hibernate.type.descriptor.sql.BasicBinder@http-nio-8080-exec-1] binding parameter [1] as [INTEGER] - [1] 
2022-04-23 11:41:39.558 DEBUG [acme.framework.configuration.ExtendedMessageSource@http-nio-8080-exec-1] Loading properties [C:\Users\MIGUE\Desktop\Workspace-22.0\Projects\Acme-Toolkits\target\classes\WEB-INF\views\administrator\user-account\messages-en.i18n] with encoding 'utf-8' 
2022-04-23 11:41:39.559 DEBUG [acme.framework.configuration.ExtendedMessageSource@http-nio-8080-exec-1] Loading properties [C:\Users\MIGUE\Desktop\Workspace-22.0\Projects\Acme-Toolkits\target\classes\WEB-INF\views\authenticated\consumer\messsages-en.i18n] with encoding 'utf-8' 
2022-04-23 11:41:39.560 DEBUG [acme.framework.configuration.ExtendedMessageSource@http-nio-8080-exec-1] Loading properties [C:\Users\MIGUE\Desktop\Workspace-22.0\Projects\Acme-Toolkits\target\classes\WEB-INF\views\authenticated\provider\messsages-en.i18n] with encoding 'utf-8' 
2022-04-23 11:41:39.560 DEBUG [acme.framework.configuration.ExtendedMessageSource@http-nio-8080-exec-1] Loading properties [C:\Users\MIGUE\Desktop\Workspace-22.0\Projects\Acme-Toolkits\target\classes\WEB-INF\views\authenticated\system-configuration\messages-en.i18n] with encoding 'utf-8' 
2022-04-23 11:41:39.561 DEBUG [acme.framework.configuration.ExtendedMessageSource@http-nio-8080-exec-1] Loading properties [C:\Users\MIGUE\Desktop\Workspace-22.0\Projects\Acme-Toolkits\target\classes\WEB-INF\views\fragments\banner-en.i18n] with encoding 'utf-8' 
2022-04-23 11:41:39.562 DEBUG [acme.framework.configuration.ExtendedMessageSource@http-nio-8080-exec-1] Loading properties [C:\Users\MIGUE\Desktop\Workspace-22.0\Projects\Acme-Toolkits\target\classes\WEB-INF\views\fragments\company-en.i18n] with encoding 'utf-8' 
2022-04-23 11:41:39.563 DEBUG [acme.framework.configuration.ExtendedMessageSource@http-nio-8080-exec-1] Loading properties [C:\Users\MIGUE\Desktop\Workspace-22.0\Projects\Acme-Toolkits\target\classes\WEB-INF\views\fragments\footer-en.i18n] with encoding 'utf-8' 
2022-04-23 11:41:39.563 DEBUG [acme.framework.configuration.ExtendedMessageSource@http-nio-8080-exec-1] Loading properties [C:\Users\MIGUE\Desktop\Workspace-22.0\Projects\Acme-Toolkits\target\classes\WEB-INF\views\fragments\license-en.i18n] with encoding 'utf-8' 
2022-04-23 11:41:39.564 DEBUG [acme.framework.configuration.ExtendedMessageSource@http-nio-8080-exec-1] Loading properties [C:\Users\MIGUE\Desktop\Workspace-22.0\Projects\Acme-Toolkits\target\classes\WEB-INF\views\fragments\menu-en.i18n] with encoding 'utf-8' 
2022-04-23 11:41:39.565 DEBUG [acme.framework.configuration.ExtendedMessageSource@http-nio-8080-exec-1] Loading properties [C:\Users\MIGUE\Desktop\Workspace-22.0\Projects\Acme-Toolkits\target\classes\WEB-INF\views\fragments\messsages-en.i18n] with encoding 'utf-8' 
2022-04-23 11:41:39.565 DEBUG [acme.framework.configuration.ExtendedMessageSource@http-nio-8080-exec-1] Loading properties [C:\Users\MIGUE\Desktop\Workspace-22.0\Projects\Acme-Toolkits\target\classes\WEB-INF\views\fragments\title-en.i18n] with encoding 'utf-8' 
2022-04-23 11:41:39.566 DEBUG [acme.framework.configuration.ExtendedMessageSource@http-nio-8080-exec-1] Loading properties [C:\Users\MIGUE\Desktop\Workspace-22.0\Projects\Acme-Toolkits\target\classes\WEB-INF\views\fragments\welcome-en.i18n] with encoding 'utf-8' 
2022-04-23 11:41:39.567 DEBUG [acme.framework.configuration.ExtendedMessageSource@http-nio-8080-exec-1] Loading properties [C:\Users\MIGUE\Desktop\Workspace-22.0\Projects\Acme-Toolkits\target\classes\WEB-INF\views\master\defaults-en.i18n] with encoding 'utf-8' 
2022-04-23 11:41:39.567 DEBUG [acme.framework.configuration.ExtendedMessageSource@http-nio-8080-exec-1] Loading properties [C:\Users\MIGUE\Desktop\Workspace-22.0\Projects\Acme-Toolkits\target\classes\WEB-INF\views\master\master-en.i18n] with encoding 'utf-8' 
2022-04-23 11:41:39.568 DEBUG [acme.framework.configuration.ExtendedMessageSource@http-nio-8080-exec-1] Loading properties [C:\Users\MIGUE\Desktop\Workspace-22.0\Projects\Acme-Toolkits\target\classes\WEB-INF\views\master\throwables-en.i18n] with encoding 'utf-8' 
2022-04-23 11:41:39.568 DEBUG [acme.framework.configuration.ExtendedMessageSource@http-nio-8080-exec-1] Loading properties [C:\Users\MIGUE\Desktop\Workspace-22.0\Projects\Acme-Toolkits\target\classes\WEB-INF\views\master\validation-en.i18n] with encoding 'utf-8' 
2022-04-23 11:41:39.573 DEBUG [acme.framework.controllers.AbstractController@http-nio-8080-exec-1] SERVING GET /acme-toolkits-22.3/authenticated/system-configuration/list 
2022-04-23 11:41:39.573 DEBUG [acme.framework.controllers.AbstractController@http-nio-8080-exec-1] Result: ModelAndView [view="master/panic"; model={oops=java.lang.IllegalStateException: Access is not authorised}] 
2022-04-23 11:41:39.590 DEBUG [acme.framework.components.tiles.DynamicTilesView@http-nio-8080-exec-1] View name 'master/panic', model {oops=java.lang.IllegalStateException: Access is not authorised, org.springframework.validation.BindingResult.oops=org.springframework.validation.BeanPropertyBindingResult: 0 errors} 
2022-04-23 11:41:39.606 DEBUG [org.apache.tiles.definition.dao.BaseLocaleUrlDefinitionDAO@http-nio-8080-exec-1] File Resource file:/C:/Users/MIGUE/Desktop/Workspace-22.0/Projects/Acme-Toolkits/target/classes/WEB-INF/views/master/tiles_en.xml at file:/C:/Users/MIGUE/Desktop/Workspace-22.0/Projects/Acme-Toolkits/target/classes/WEB-INF/views/master/tiles_en.xml not found, continue 
2022-04-23 11:41:39.613 DEBUG [org.apache.jasper.servlet.JspServlet@http-nio-8080-exec-1] JspEngine --> /WEB-INF/views/master/page.jsp 
2022-04-23 11:41:39.613 DEBUG [org.apache.jasper.servlet.JspServlet@http-nio-8080-exec-1] ServletPath: /WEB-INF/views/master/page.jsp 
2022-04-23 11:41:39.614 DEBUG [org.apache.jasper.servlet.JspServlet@http-nio-8080-exec-1] PathInfo: null 
2022-04-23 11:41:39.615 DEBUG [org.apache.jasper.servlet.JspServlet@http-nio-8080-exec-1] RealPath: C:\Users\MIGUE\Desktop\Workspace-22.0\Projects\Acme-Toolkits\target\classes\WEB-INF\views\master\page.jsp 
2022-04-23 11:41:39.615 DEBUG [org.apache.jasper.servlet.JspServlet@http-nio-8080-exec-1] RequestURI: /acme-toolkits-22.3/WEB-INF/views/master/page.jsp 
2022-04-23 11:41:39.616 DEBUG [org.apache.jasper.servlet.JspServlet@http-nio-8080-exec-1] QueryString: null 
2022-04-23 11:41:42.794 DEBUG [org.apache.jasper.servlet.JspServlet@http-nio-8080-exec-1] JspEngine --> /WEB-INF/views/master/panic.jsp 
2022-04-23 11:41:42.794 DEBUG [org.apache.jasper.servlet.JspServlet@http-nio-8080-exec-1] ServletPath: /WEB-INF/views/master/page.jsp 
2022-04-23 11:41:42.794 DEBUG [org.apache.jasper.servlet.JspServlet@http-nio-8080-exec-1] PathInfo: null 
2022-04-23 11:41:42.795 DEBUG [org.apache.jasper.servlet.JspServlet@http-nio-8080-exec-1] RealPath: C:\Users\MIGUE\Desktop\Workspace-22.0\Projects\Acme-Toolkits\target\classes\WEB-INF\views\master\panic.jsp 
2022-04-23 11:41:42.796 DEBUG [org.apache.jasper.servlet.JspServlet@http-nio-8080-exec-1] RequestURI: /acme-toolkits-22.3/WEB-INF/views/master/page.jsp 
2022-04-23 11:41:42.796 DEBUG [org.apache.jasper.servlet.JspServlet@http-nio-8080-exec-1] QueryString: null 
2022-04-23 11:41:42.956 ERROR [org.apache.jsp.WEB_002dINF.views.master.panic_jsp@http-nio-8080-exec-1] HTTP GET /acme-toolkits-22.3/WEB-INF/views/master/page.jsp HTTP/1.1 
2022-04-23 11:41:42.956 ERROR [org.apache.jsp.WEB_002dINF.views.master.panic_jsp@http-nio-8080-exec-1] Status: 500 
2022-04-23 11:41:42.958 ERROR [org.apache.jsp.WEB_002dINF.views.master.panic_jsp@http-nio-8080-exec-1] Exception: acme.framework.helpers.Assert.state(Assert.java:45): Access is not authorised 
2022-04-23 11:41:43.071 DEBUG [org.hibernate.SQL@http-nio-8080-exec-1] select useraccoun0_.id as id1_0_, useraccoun0_.version as version2_0_, useraccoun0_.enabled as enabled1_15_, useraccoun0_.identity as identity2_15_, useraccoun0_.password as password3_15_, useraccoun0_.username as username4_15_ from user_account useraccoun0_ where useraccoun0_.username=? 
2022-04-23 11:41:43.072 TRACE [org.hibernate.type.descriptor.sql.BasicBinder@http-nio-8080-exec-1] binding parameter [1] as [VARCHAR] - [anonymous] 
2022-04-23 11:41:43.074 DEBUG [org.hibernate.SQL@http-nio-8080-exec-1] select roles0_.user_account_id as user_acc1_16_0_, roles0_.id as id1_16_0_, roles0_.id as id1_0_1_, roles0_.version as version2_0_1_, roles0_.user_account_id as user_acc1_16_1_, roles0_.company as company1_7_1_, roles0_.more_info as more_inf2_7_1_, roles0_.statement as statemen3_7_1_, roles0_.company as company1_10_1_, roles0_.more_info as more_inf2_10_1_, roles0_.statement as statemen3_10_1_, roles0_.clazz_ as clazz_1_ from ( select id, version, user_account_id, company, more_info, statement, 10 as clazz_ from inventor union all select id, version, user_account_id, company, more_info, statement, 11 as clazz_ from patron union all select id, version, user_account_id, null as company, null as more_info, null as statement, 13 as clazz_ from administrator union all select id, version, user_account_id, null as company, null as more_info, null as statement, 14 as clazz_ from anonymous union all select id, version, user_account_id, null as company, null as more_info, null as statement, 15 as clazz_ from any union all select id, version, user_account_id, null as company, null as more_info, null as statement, 16 as clazz_ from authenticated ) roles0_ where roles0_.user_account_id=? 
2022-04-23 11:41:43.074 TRACE [org.hibernate.type.descriptor.sql.BasicBinder@http-nio-8080-exec-1] binding parameter [1] as [INTEGER] - [1] 
2022-04-23 11:41:44.172 DEBUG [acme.framework.components.tiles.DynamicTilesView@http-nio-8080-exec-9] View name 'master/sign-in', model {username=, password=, remember=false} 
2022-04-23 11:41:44.173 DEBUG [org.apache.jasper.servlet.JspServlet@http-nio-8080-exec-9] JspEngine --> /WEB-INF/views/master/page.jsp 
2022-04-23 11:41:44.173 DEBUG [org.apache.jasper.servlet.JspServlet@http-nio-8080-exec-9] ServletPath: /WEB-INF/views/master/page.jsp 
2022-04-23 11:41:44.173 DEBUG [org.apache.jasper.servlet.JspServlet@http-nio-8080-exec-9] PathInfo: null 
2022-04-23 11:41:44.174 DEBUG [org.apache.jasper.servlet.JspServlet@http-nio-8080-exec-9] RealPath: C:\Users\MIGUE\Desktop\Workspace-22.0\Projects\Acme-Toolkits\target\classes\WEB-INF\views\master\page.jsp 
2022-04-23 11:41:44.174 DEBUG [org.apache.jasper.servlet.JspServlet@http-nio-8080-exec-9] RequestURI: /acme-toolkits-22.3/WEB-INF/views/master/page.jsp 
2022-04-23 11:41:44.175 DEBUG [org.apache.jasper.servlet.JspServlet@http-nio-8080-exec-9] QueryString: null 
2022-04-23 11:41:44.269 DEBUG [org.apache.jasper.servlet.JspServlet@http-nio-8080-exec-9] JspEngine --> /WEB-INF/views/master/sign-in.jsp 
2022-04-23 11:41:44.270 DEBUG [org.apache.jasper.servlet.JspServlet@http-nio-8080-exec-9] ServletPath: /WEB-INF/views/master/page.jsp 
2022-04-23 11:41:44.270 DEBUG [org.apache.jasper.servlet.JspServlet@http-nio-8080-exec-9] PathInfo: null 
2022-04-23 11:41:44.270 DEBUG [org.apache.jasper.servlet.JspServlet@http-nio-8080-exec-9] RealPath: C:\Users\MIGUE\Desktop\Workspace-22.0\Projects\Acme-Toolkits\target\classes\WEB-INF\views\master\sign-in.jsp 
2022-04-23 11:41:44.271 DEBUG [org.apache.jasper.servlet.JspServlet@http-nio-8080-exec-9] RequestURI: /acme-toolkits-22.3/WEB-INF/views/master/page.jsp 
2022-04-23 11:41:44.273 DEBUG [org.apache.jasper.servlet.JspServlet@http-nio-8080-exec-9] QueryString: null 
2022-04-23 11:41:45.670 DEBUG [org.hibernate.SQL@http-nio-8080-exec-9] select useraccoun0_.id as id1_0_, useraccoun0_.version as version2_0_, useraccoun0_.enabled as enabled1_15_, useraccoun0_.identity as identity2_15_, useraccoun0_.password as password3_15_, useraccoun0_.username as username4_15_ from user_account useraccoun0_ where useraccoun0_.username=? 
2022-04-23 11:41:45.671 TRACE [org.hibernate.type.descriptor.sql.BasicBinder@http-nio-8080-exec-9] binding parameter [1] as [VARCHAR] - [anonymous] 
2022-04-23 11:41:45.673 DEBUG [org.hibernate.SQL@http-nio-8080-exec-9] select roles0_.user_account_id as user_acc1_16_0_, roles0_.id as id1_16_0_, roles0_.id as id1_0_1_, roles0_.version as version2_0_1_, roles0_.user_account_id as user_acc1_16_1_, roles0_.company as company1_7_1_, roles0_.more_info as more_inf2_7_1_, roles0_.statement as statemen3_7_1_, roles0_.company as company1_10_1_, roles0_.more_info as more_inf2_10_1_, roles0_.statement as statemen3_10_1_, roles0_.clazz_ as clazz_1_ from ( select id, version, user_account_id, company, more_info, statement, 10 as clazz_ from inventor union all select id, version, user_account_id, company, more_info, statement, 11 as clazz_ from patron union all select id, version, user_account_id, null as company, null as more_info, null as statement, 13 as clazz_ from administrator union all select id, version, user_account_id, null as company, null as more_info, null as statement, 14 as clazz_ from anonymous union all select id, version, user_account_id, null as company, null as more_info, null as statement, 15 as clazz_ from any union all select id, version, user_account_id, null as company, null as more_info, null as statement, 16 as clazz_ from authenticated ) roles0_ where roles0_.user_account_id=? 
2022-04-23 11:41:45.673 TRACE [org.hibernate.type.descriptor.sql.BasicBinder@http-nio-8080-exec-9] binding parameter [1] as [INTEGER] - [1] 
2022-04-23 11:41:52.633 DEBUG [org.hibernate.SQL@http-nio-8080-exec-10] select useraccoun0_.id as id1_0_, useraccoun0_.version as version2_0_, useraccoun0_.enabled as enabled1_15_, useraccoun0_.identity as identity2_15_, useraccoun0_.password as password3_15_, useraccoun0_.username as username4_15_ from user_account useraccoun0_ where useraccoun0_.username=? 
2022-04-23 11:41:52.634 TRACE [org.hibernate.type.descriptor.sql.BasicBinder@http-nio-8080-exec-10] binding parameter [1] as [VARCHAR] - [Inventor1] 
2022-04-23 11:41:52.636 DEBUG [org.hibernate.SQL@http-nio-8080-exec-10] select roles0_.user_account_id as user_acc1_16_0_, roles0_.id as id1_16_0_, roles0_.id as id1_0_1_, roles0_.version as version2_0_1_, roles0_.user_account_id as user_acc1_16_1_, roles0_.company as company1_7_1_, roles0_.more_info as more_inf2_7_1_, roles0_.statement as statemen3_7_1_, roles0_.company as company1_10_1_, roles0_.more_info as more_inf2_10_1_, roles0_.statement as statemen3_10_1_, roles0_.clazz_ as clazz_1_ from ( select id, version, user_account_id, company, more_info, statement, 10 as clazz_ from inventor union all select id, version, user_account_id, company, more_info, statement, 11 as clazz_ from patron union all select id, version, user_account_id, null as company, null as more_info, null as statement, 13 as clazz_ from administrator union all select id, version, user_account_id, null as company, null as more_info, null as statement, 14 as clazz_ from anonymous union all select id, version, user_account_id, null as company, null as more_info, null as statement, 15 as clazz_ from any union all select id, version, user_account_id, null as company, null as more_info, null as statement, 16 as clazz_ from authenticated ) roles0_ where roles0_.user_account_id=? 
2022-04-23 11:41:52.637 TRACE [org.hibernate.type.descriptor.sql.BasicBinder@http-nio-8080-exec-10] binding parameter [1] as [INTEGER] - [16] 
2022-04-23 11:41:52.663 DEBUG [acme.framework.components.tiles.DynamicTilesView@http-nio-8080-exec-9] View name 'fragments/welcome', model {} 
2022-04-23 11:41:52.664 DEBUG [org.apache.jasper.servlet.JspServlet@http-nio-8080-exec-9] JspEngine --> /WEB-INF/views/master/page.jsp 
2022-04-23 11:41:52.664 DEBUG [org.apache.jasper.servlet.JspServlet@http-nio-8080-exec-9] ServletPath: /WEB-INF/views/master/page.jsp 
2022-04-23 11:41:52.664 DEBUG [org.apache.jasper.servlet.JspServlet@http-nio-8080-exec-9] PathInfo: null 
2022-04-23 11:41:52.666 DEBUG [org.apache.jasper.servlet.JspServlet@http-nio-8080-exec-9] RealPath: C:\Users\MIGUE\Desktop\Workspace-22.0\Projects\Acme-Toolkits\target\classes\WEB-INF\views\master\page.jsp 
2022-04-23 11:41:52.666 DEBUG [org.apache.jasper.servlet.JspServlet@http-nio-8080-exec-9] RequestURI: /acme-toolkits-22.3/WEB-INF/views/master/page.jsp 
2022-04-23 11:41:52.667 DEBUG [org.apache.jasper.servlet.JspServlet@http-nio-8080-exec-9] QueryString: null 
2022-04-23 11:41:52.740 DEBUG [org.apache.jasper.servlet.JspServlet@http-nio-8080-exec-9] JspEngine --> /WEB-INF/views/fragments/welcome.jsp 
2022-04-23 11:41:52.740 DEBUG [org.apache.jasper.servlet.JspServlet@http-nio-8080-exec-9] ServletPath: /WEB-INF/views/master/page.jsp 
2022-04-23 11:41:52.740 DEBUG [org.apache.jasper.servlet.JspServlet@http-nio-8080-exec-9] PathInfo: null 
2022-04-23 11:41:52.742 DEBUG [org.apache.jasper.servlet.JspServlet@http-nio-8080-exec-9] RealPath: C:\Users\MIGUE\Desktop\Workspace-22.0\Projects\Acme-Toolkits\target\classes\WEB-INF\views\fragments\welcome.jsp 
2022-04-23 11:41:52.743 DEBUG [org.apache.jasper.servlet.JspServlet@http-nio-8080-exec-9] RequestURI: /acme-toolkits-22.3/WEB-INF/views/master/page.jsp 
2022-04-23 11:41:52.743 DEBUG [org.apache.jasper.servlet.JspServlet@http-nio-8080-exec-9] QueryString: null 
2022-04-23 11:41:56.028 DEBUG [acme.framework.controllers.AbstractController@http-nio-8080-exec-10] DISPATCHING GET /acme-toolkits-22.3/authenticated/system-configuration/list 
2022-04-23 11:41:56.028 DEBUG [acme.framework.controllers.AbstractController@http-nio-8080-exec-10] Command: list 
2022-04-23 11:41:56.028 DEBUG [acme.framework.controllers.AbstractController@http-nio-8080-exec-10] Model:   {} 
2022-04-23 11:41:56.028 DEBUG [acme.framework.controllers.AbstractController@http-nio-8080-exec-10] Locale:  en 
2022-04-23 11:41:56.041 DEBUG [org.hibernate.SQL@http-nio-8080-exec-10] select systemconf0_.id as id1_0_, systemconf0_.version as version2_0_, systemconf0_.accepted_currencies as accepted1_13_, systemconf0_.strong_spam as strong_s2_13_, systemconf0_.strong_threshold as strong_t3_13_, systemconf0_.system_currency as system_c4_13_, systemconf0_.weak_spam as weak_spa5_13_, systemconf0_.weak_threshold as weak_thr6_13_ from system_configuration systemconf0_ 
2022-04-23 11:41:56.070 DEBUG [acme.framework.controllers.AbstractController@http-nio-8080-exec-10] SERVING GET /acme-toolkits-22.3/authenticated/system-configuration/list 
2022-04-23 11:41:56.070 DEBUG [acme.framework.controllers.AbstractController@http-nio-8080-exec-10] Result: ModelAndView [view="authenticated/system-configuration/list"; model={version[0]=0, id[0]=81, list$size=1, systemCurrency[0]=EUR, acceptedCurrencies[0]=EUR;USD;GBP, command=list, principal=acme.framework.entities.Principal@195411e3}] 
2022-04-23 11:41:56.071 DEBUG [acme.framework.components.tiles.DynamicTilesView@http-nio-8080-exec-10] View name 'authenticated/system-configuration/list', model {version[0]=0, id[0]=81, list$size=1, systemCurrency[0]=EUR, acceptedCurrencies[0]=EUR;USD;GBP, command=list, principal=acme.framework.entities.Principal@195411e3, org.springframework.validation.BindingResult.principal=org.springframework.validation.BeanPropertyBindingResult: 0 errors} 
2022-04-23 11:41:56.073 DEBUG [org.apache.jasper.servlet.JspServlet@http-nio-8080-exec-10] JspEngine --> /WEB-INF/views/master/page.jsp 
2022-04-23 11:41:56.074 DEBUG [org.apache.jasper.servlet.JspServlet@http-nio-8080-exec-10] ServletPath: /WEB-INF/views/master/page.jsp 
2022-04-23 11:41:56.074 DEBUG [org.apache.jasper.servlet.JspServlet@http-nio-8080-exec-10] PathInfo: null 
2022-04-23 11:41:56.076 DEBUG [org.apache.jasper.servlet.JspServlet@http-nio-8080-exec-10] RealPath: C:\Users\MIGUE\Desktop\Workspace-22.0\Projects\Acme-Toolkits\target\classes\WEB-INF\views\master\page.jsp 
2022-04-23 11:41:56.076 DEBUG [org.apache.jasper.servlet.JspServlet@http-nio-8080-exec-10] RequestURI: /acme-toolkits-22.3/WEB-INF/views/master/page.jsp 
2022-04-23 11:41:56.077 DEBUG [org.apache.jasper.servlet.JspServlet@http-nio-8080-exec-10] QueryString: null 
2022-04-23 11:41:56.169 DEBUG [org.apache.jasper.servlet.JspServlet@http-nio-8080-exec-10] JspEngine --> /WEB-INF/views/authenticated/system-configuration/list.jsp 
2022-04-23 11:41:56.170 DEBUG [org.apache.jasper.servlet.JspServlet@http-nio-8080-exec-10] ServletPath: /WEB-INF/views/master/page.jsp 
2022-04-23 11:41:56.170 DEBUG [org.apache.jasper.servlet.JspServlet@http-nio-8080-exec-10] PathInfo: null 
2022-04-23 11:41:56.172 DEBUG [org.apache.jasper.servlet.JspServlet@http-nio-8080-exec-10] RealPath: C:\Users\MIGUE\Desktop\Workspace-22.0\Projects\Acme-Toolkits\target\classes\WEB-INF\views\authenticated\system-configuration\list.jsp 
2022-04-23 11:41:56.173 DEBUG [org.apache.jasper.servlet.JspServlet@http-nio-8080-exec-10] RequestURI: /acme-toolkits-22.3/WEB-INF/views/master/page.jsp 
2022-04-23 11:41:56.173 DEBUG [org.apache.jasper.servlet.JspServlet@http-nio-8080-exec-10] QueryString: null 
2022-04-23 11:42:10.553 DEBUG [acme.framework.controllers.AbstractController@http-nio-8080-exec-9] DISPATCHING GET /acme-toolkits-22.3/authenticated/system-configuration/show 
2022-04-23 11:42:10.553 DEBUG [acme.framework.controllers.AbstractController@http-nio-8080-exec-9] Command: show 
2022-04-23 11:42:10.553 DEBUG [acme.framework.controllers.AbstractController@http-nio-8080-exec-9] Model:   {id=81} 
2022-04-23 11:42:10.553 DEBUG [acme.framework.controllers.AbstractController@http-nio-8080-exec-9] Locale:  en 
2022-04-23 11:42:10.559 DEBUG [org.hibernate.SQL@http-nio-8080-exec-9] select systemconf0_.id as id1_0_, systemconf0_.version as version2_0_, systemconf0_.accepted_currencies as accepted1_13_, systemconf0_.strong_spam as strong_s2_13_, systemconf0_.strong_threshold as strong_t3_13_, systemconf0_.system_currency as system_c4_13_, systemconf0_.weak_spam as weak_spa5_13_, systemconf0_.weak_threshold as weak_thr6_13_ from system_configuration systemconf0_ where systemconf0_.id=? 
2022-04-23 11:42:10.559 TRACE [org.hibernate.type.descriptor.sql.BasicBinder@http-nio-8080-exec-9] binding parameter [1] as [INTEGER] - [81] 
2022-04-23 11:42:10.562 DEBUG [acme.framework.controllers.AbstractController@http-nio-8080-exec-9] SERVING GET /acme-toolkits-22.3/authenticated/system-configuration/show 
2022-04-23 11:42:10.562 DEBUG [acme.framework.controllers.AbstractController@http-nio-8080-exec-9] Result: ModelAndView [view="authenticated/system-configuration/form"; model={acceptedCurrencies=EUR;USD;GBP, systemCurrency=EUR, id=81, version=0, command=show, principal=acme.framework.entities.Principal@195411e3}] 
2022-04-23 11:42:10.563 DEBUG [acme.framework.components.tiles.DynamicTilesView@http-nio-8080-exec-9] View name 'authenticated/system-configuration/form', model {acceptedCurrencies=EUR;USD;GBP, systemCurrency=EUR, id=81, version=0, command=show, principal=acme.framework.entities.Principal@195411e3, org.springframework.validation.BindingResult.principal=org.springframework.validation.BeanPropertyBindingResult: 0 errors} 
2022-04-23 11:42:10.564 DEBUG [org.apache.jasper.servlet.JspServlet@http-nio-8080-exec-9] JspEngine --> /WEB-INF/views/master/page.jsp 
2022-04-23 11:42:10.564 DEBUG [org.apache.jasper.servlet.JspServlet@http-nio-8080-exec-9] ServletPath: /WEB-INF/views/master/page.jsp 
2022-04-23 11:42:10.564 DEBUG [org.apache.jasper.servlet.JspServlet@http-nio-8080-exec-9] PathInfo: null 
2022-04-23 11:42:10.565 DEBUG [org.apache.jasper.servlet.JspServlet@http-nio-8080-exec-9] RealPath: C:\Users\MIGUE\Desktop\Workspace-22.0\Projects\Acme-Toolkits\target\classes\WEB-INF\views\master\page.jsp 
2022-04-23 11:42:10.566 DEBUG [org.apache.jasper.servlet.JspServlet@http-nio-8080-exec-9] RequestURI: /acme-toolkits-22.3/WEB-INF/views/master/page.jsp 
2022-04-23 11:42:10.566 DEBUG [org.apache.jasper.servlet.JspServlet@http-nio-8080-exec-9] QueryString: id=81 
2022-04-23 11:42:10.637 DEBUG [org.apache.jasper.servlet.JspServlet@http-nio-8080-exec-9] JspEngine --> /WEB-INF/views/authenticated/system-configuration/form.jsp 
2022-04-23 11:42:10.638 DEBUG [org.apache.jasper.servlet.JspServlet@http-nio-8080-exec-9] ServletPath: /WEB-INF/views/master/page.jsp 
2022-04-23 11:42:10.639 DEBUG [org.apache.jasper.servlet.JspServlet@http-nio-8080-exec-9] PathInfo: null 
2022-04-23 11:42:10.640 DEBUG [org.apache.jasper.servlet.JspServlet@http-nio-8080-exec-9] RealPath: C:\Users\MIGUE\Desktop\Workspace-22.0\Projects\Acme-Toolkits\target\classes\WEB-INF\views\authenticated\system-configuration\form.jsp 
2022-04-23 11:42:10.640 DEBUG [org.apache.jasper.servlet.JspServlet@http-nio-8080-exec-9] RequestURI: /acme-toolkits-22.3/WEB-INF/views/master/page.jsp 
2022-04-23 11:42:10.640 DEBUG [org.apache.jasper.servlet.JspServlet@http-nio-8080-exec-9] QueryString: id=81 
2022-04-23 11:42:20.189 DEBUG [acme.framework.controllers.AbstractController@http-nio-8080-exec-3] DISPATCHING GET /acme-toolkits-22.3/authenticated/system-configuration/list 
2022-04-23 11:42:20.190 DEBUG [acme.framework.controllers.AbstractController@http-nio-8080-exec-3] Command: list 
2022-04-23 11:42:20.190 DEBUG [acme.framework.controllers.AbstractController@http-nio-8080-exec-3] Model:   {} 
2022-04-23 11:42:20.190 DEBUG [acme.framework.controllers.AbstractController@http-nio-8080-exec-3] Locale:  en 
2022-04-23 11:42:20.191 DEBUG [org.hibernate.SQL@http-nio-8080-exec-3] select systemconf0_.id as id1_0_, systemconf0_.version as version2_0_, systemconf0_.accepted_currencies as accepted1_13_, systemconf0_.strong_spam as strong_s2_13_, systemconf0_.strong_threshold as strong_t3_13_, systemconf0_.system_currency as system_c4_13_, systemconf0_.weak_spam as weak_spa5_13_, systemconf0_.weak_threshold as weak_thr6_13_ from system_configuration systemconf0_ 
2022-04-23 11:42:20.194 DEBUG [acme.framework.controllers.AbstractController@http-nio-8080-exec-3] SERVING GET /acme-toolkits-22.3/authenticated/system-configuration/list 
2022-04-23 11:42:20.194 DEBUG [acme.framework.controllers.AbstractController@http-nio-8080-exec-3] Result: ModelAndView [view="authenticated/system-configuration/list"; model={version[0]=0, id[0]=81, list$size=1, systemCurrency[0]=EUR, acceptedCurrencies[0]=EUR;USD;GBP, command=list, principal=acme.framework.entities.Principal@195411e3}] 
2022-04-23 11:42:20.194 DEBUG [acme.framework.components.tiles.DynamicTilesView@http-nio-8080-exec-3] View name 'authenticated/system-configuration/list', model {version[0]=0, id[0]=81, list$size=1, systemCurrency[0]=EUR, acceptedCurrencies[0]=EUR;USD;GBP, command=list, principal=acme.framework.entities.Principal@195411e3, org.springframework.validation.BindingResult.principal=org.springframework.validation.BeanPropertyBindingResult: 0 errors} 
2022-04-23 11:42:20.195 DEBUG [org.apache.jasper.servlet.JspServlet@http-nio-8080-exec-3] JspEngine --> /WEB-INF/views/master/page.jsp 
2022-04-23 11:42:20.196 DEBUG [org.apache.jasper.servlet.JspServlet@http-nio-8080-exec-3] ServletPath: /WEB-INF/views/master/page.jsp 
2022-04-23 11:42:20.196 DEBUG [org.apache.jasper.servlet.JspServlet@http-nio-8080-exec-3] PathInfo: null 
2022-04-23 11:42:20.197 DEBUG [org.apache.jasper.servlet.JspServlet@http-nio-8080-exec-3] RealPath: C:\Users\MIGUE\Desktop\Workspace-22.0\Projects\Acme-Toolkits\target\classes\WEB-INF\views\master\page.jsp 
2022-04-23 11:42:20.198 DEBUG [org.apache.jasper.servlet.JspServlet@http-nio-8080-exec-3] RequestURI: /acme-toolkits-22.3/WEB-INF/views/master/page.jsp 
2022-04-23 11:42:20.198 DEBUG [org.apache.jasper.servlet.JspServlet@http-nio-8080-exec-3] QueryString: null 
2022-04-23 11:42:20.267 DEBUG [org.apache.jasper.servlet.JspServlet@http-nio-8080-exec-3] JspEngine --> /WEB-INF/views/authenticated/system-configuration/list.jsp 
2022-04-23 11:42:20.267 DEBUG [org.apache.jasper.servlet.JspServlet@http-nio-8080-exec-3] ServletPath: /WEB-INF/views/master/page.jsp 
2022-04-23 11:42:20.267 DEBUG [org.apache.jasper.servlet.JspServlet@http-nio-8080-exec-3] PathInfo: null 
2022-04-23 11:42:20.268 DEBUG [org.apache.jasper.servlet.JspServlet@http-nio-8080-exec-3] RealPath: C:\Users\MIGUE\Desktop\Workspace-22.0\Projects\Acme-Toolkits\target\classes\WEB-INF\views\authenticated\system-configuration\list.jsp 
2022-04-23 11:42:20.269 DEBUG [org.apache.jasper.servlet.JspServlet@http-nio-8080-exec-3] RequestURI: /acme-toolkits-22.3/WEB-INF/views/master/page.jsp 
2022-04-23 11:42:20.269 DEBUG [org.apache.jasper.servlet.JspServlet@http-nio-8080-exec-3] QueryString: null 
2022-04-23 11:42:50.869 DEBUG [acme.framework.controllers.AbstractController@http-nio-8080-exec-5] DISPATCHING GET /acme-toolkits-22.3/authenticated/system-configuration/list 
2022-04-23 11:42:50.869 DEBUG [acme.framework.controllers.AbstractController@http-nio-8080-exec-5] Command: list 
2022-04-23 11:42:50.869 DEBUG [acme.framework.controllers.AbstractController@http-nio-8080-exec-5] Model:   {} 
2022-04-23 11:42:50.869 DEBUG [acme.framework.controllers.AbstractController@http-nio-8080-exec-5] Locale:  en 
2022-04-23 11:42:50.871 DEBUG [org.hibernate.SQL@http-nio-8080-exec-5] select systemconf0_.id as id1_0_, systemconf0_.version as version2_0_, systemconf0_.accepted_currencies as accepted1_13_, systemconf0_.strong_spam as strong_s2_13_, systemconf0_.strong_threshold as strong_t3_13_, systemconf0_.system_currency as system_c4_13_, systemconf0_.weak_spam as weak_spa5_13_, systemconf0_.weak_threshold as weak_thr6_13_ from system_configuration systemconf0_ 
2022-04-23 11:42:50.875 DEBUG [acme.framework.controllers.AbstractController@http-nio-8080-exec-5] SERVING GET /acme-toolkits-22.3/authenticated/system-configuration/list 
2022-04-23 11:42:50.875 DEBUG [acme.framework.controllers.AbstractController@http-nio-8080-exec-5] Result: ModelAndView [view="authenticated/system-configuration/list"; model={version[0]=0, id[0]=81, list$size=1, systemCurrency[0]=EUR, acceptedCurrencies[0]=EUR;USD;GBP, command=list, principal=acme.framework.entities.Principal@195411e3}] 
2022-04-23 11:42:50.876 DEBUG [acme.framework.components.tiles.DynamicTilesView@http-nio-8080-exec-5] View name 'authenticated/system-configuration/list', model {version[0]=0, id[0]=81, list$size=1, systemCurrency[0]=EUR, acceptedCurrencies[0]=EUR;USD;GBP, command=list, principal=acme.framework.entities.Principal@195411e3, org.springframework.validation.BindingResult.principal=org.springframework.validation.BeanPropertyBindingResult: 0 errors} 
2022-04-23 11:42:50.877 DEBUG [org.apache.jasper.servlet.JspServlet@http-nio-8080-exec-5] JspEngine --> /WEB-INF/views/master/page.jsp 
2022-04-23 11:42:50.877 DEBUG [org.apache.jasper.servlet.JspServlet@http-nio-8080-exec-5] ServletPath: /WEB-INF/views/master/page.jsp 
2022-04-23 11:42:50.877 DEBUG [org.apache.jasper.servlet.JspServlet@http-nio-8080-exec-5] PathInfo: null 
2022-04-23 11:42:50.879 DEBUG [org.apache.jasper.servlet.JspServlet@http-nio-8080-exec-5] RealPath: C:\Users\MIGUE\Desktop\Workspace-22.0\Projects\Acme-Toolkits\target\classes\WEB-INF\views\master\page.jsp 
2022-04-23 11:42:50.880 DEBUG [org.apache.jasper.servlet.JspServlet@http-nio-8080-exec-5] RequestURI: /acme-toolkits-22.3/WEB-INF/views/master/page.jsp 
2022-04-23 11:42:50.881 DEBUG [org.apache.jasper.servlet.JspServlet@http-nio-8080-exec-5] QueryString: null 
2022-04-23 11:42:50.969 DEBUG [org.apache.jasper.servlet.JspServlet@http-nio-8080-exec-5] JspEngine --> /WEB-INF/views/authenticated/system-configuration/list.jsp 
2022-04-23 11:42:50.970 DEBUG [org.apache.jasper.servlet.JspServlet@http-nio-8080-exec-5] ServletPath: /WEB-INF/views/master/page.jsp 
2022-04-23 11:42:50.970 DEBUG [org.apache.jasper.servlet.JspServlet@http-nio-8080-exec-5] PathInfo: null 
2022-04-23 11:42:50.972 DEBUG [org.apache.jasper.servlet.JspServlet@http-nio-8080-exec-5] RealPath: C:\Users\MIGUE\Desktop\Workspace-22.0\Projects\Acme-Toolkits\target\classes\WEB-INF\views\authenticated\system-configuration\list.jsp 
2022-04-23 11:42:50.973 DEBUG [org.apache.jasper.servlet.JspServlet@http-nio-8080-exec-5] RequestURI: /acme-toolkits-22.3/WEB-INF/views/master/page.jsp 
2022-04-23 11:42:50.973 DEBUG [org.apache.jasper.servlet.JspServlet@http-nio-8080-exec-5] QueryString: null 
